[19:46:39][Info]: Remember! Quit the server by using 'Control + C' so a backup is properly made before closing!
[19:46:39][Info]: Documentation available at https://github.com/LunaMultiplayer/LunaMultiplayer/wiki
[19:46:39][LMP]: Luna Server version: 0.29.0 (/home/alex/Documents/ksp_server/lmp_server_out/)
[19:46:39][Debug]: Loading universe... 0.632KB
[19:46:39][Debug]: Loading groups...
[19:46:39][Debug]: Loading settings...
[19:46:39][Debug]: Loading mod control...
[19:46:39][Debug]: Loading plugins...
[19:46:39][LMP]: Starting 'Luna Server' on Address :: Port 8800... 
[19:46:39][Debug]: UPnP active. Port: 8800 Udp opened!
[19:46:40][Debug]: UPnP for website active. Port: 8900 Tcp opened!
[19:46:40][LMP]: All systems up and running. Поехали!
[19:46:40][Debug]: Performing backups...
[19:46:40][LMP]: Master server registration is active
[19:46:40][LMP]: End of stdin, stopping command listener
[19:46:40][Debug]: Backups done
[19:46:42][Debug]: Detected NAT addresses: 46.110.37.2:34836
[19:46:45][Debug]: Performing backups...
[19:46:45][Debug]: Backups done
[19:46:50][Debug]: Performing backups...
[19:46:50][Debug]: Backups done
[19:46:55][Debug]: Performing backups...
[19:46:55][Debug]: Backups done
[19:47:00][Debug]: Performing backups...
[19:47:00][Debug]: Backups done
[19:47:05][Debug]: Performing backups...
[19:47:05][Debug]: Backups done
[19:47:10][Warning]: There is a new version of LMP! Please download it! Current: 0.29.0 Latest: 0.29.1
[19:47:10][Debug]: Your version is compatible with the latest version so you will still be listed in the master servers.
[19:47:10][Debug]: Performing backups...
[19:47:10][Debug]: Backups done
[19:47:15][Debug]: Performing backups...
[19:47:15][Debug]: Backups done
[19:47:20][Debug]: Performing backups...
[19:47:20][Debug]: Backups done
[19:47:25][Debug]: Performing backups...
[19:47:25][Debug]: Backups done
[19:47:30][Debug]: Performing backups...
[19:47:30][Debug]: Backups done
[19:47:35][Debug]: Performing backups...
[19:47:35][Debug]: Backups done
[19:47:40][Warning]: There is a new version of LMP! Please download it! Current: 0.29.0 Latest: 0.29.1
[19:47:40][Debug]: Your version is compatible with the latest version so you will still be listed in the master servers.
[19:47:40][Debug]: Performing backups...
[19:47:40][Debug]: Backups done
[19:47:45][Debug]: Performing backups...
[19:47:45][Debug]: Backups done
[19:47:50][Debug]: Performing backups...
[19:47:50][Debug]: Backups done
[19:47:55][Debug]: Performing backups...
[19:47:55][Debug]: Backups done
[19:48:00][Debug]: Performing backups...
[19:48:00][Debug]: Backups done
[19:48:05][Debug]: Performing backups...
[19:48:05][Debug]: Backups done
[19:48:10][Warning]: There is a new version of LMP! Please download it! Current: 0.29.0 Latest: 0.29.1
[19:48:10][Debug]: Your version is compatible with the latest version so you will still be listed in the master servers.
[19:48:10][Debug]: Performing backups...
[19:48:10][Debug]: Backups done
[19:48:15][Debug]: Performing backups...
[19:48:15][Debug]: Backups done
[19:48:20][Debug]: Performing backups...
[19:48:20][Debug]: Backups done
[19:48:25][Debug]: Performing backups...
[19:48:25][Debug]: Backups done
[19:48:30][Debug]: Performing backups...
[19:48:30][Debug]: Backups done
[19:48:35][Debug]: Performing backups...
[19:48:35][Debug]: Backups done
[19:48:40][Warning]: There is a new version of LMP! Please download it! Current: 0.29.0 Latest: 0.29.1
[19:48:40][Debug]: Your version is compatible with the latest version so you will still be listed in the master servers.
[19:48:40][Debug]: Performing backups...
[19:48:40][Debug]: Backups done
[19:48:45][Debug]: Performing backups...
[19:48:45][Debug]: Backups done
[19:48:50][Debug]: Performing backups...
[19:48:50][Debug]: Backups done
[19:48:55][Debug]: Performing backups...
[19:48:55][Debug]: Backups done
[19:49:00][Debug]: Performing backups...
[19:49:00][Debug]: Backups done
[19:49:05][Debug]: Performing backups...
[19:49:05][Debug]: Backups done
[19:49:10][Warning]: There is a new version of LMP! Please download it! Current: 0.29.0 Latest: 0.29.1
[19:49:10][Debug]: Your version is compatible with the latest version so you will still be listed in the master servers.
[19:49:10][Debug]: Performing backups...
[19:49:10][Debug]: Backups done
[19:49:15][Debug]: Performing backups...
[19:49:15][Debug]: Backups done
[19:49:20][Debug]: Performing backups...
[19:49:20][Debug]: Backups done
[19:49:25][Debug]: Performing backups...
[19:49:25][Debug]: Backups done
[19:49:30][Debug]: Performing backups...
[19:49:30][Debug]: Backups done
[19:49:35][Debug]: Performing backups...
[19:49:35][Debug]: Backups done
[19:49:40][Warning]: There is a new version of LMP! Please download it! Current: 0.29.0 Latest: 0.29.1
[19:49:40][Debug]: Your version is compatible with the latest version so you will still be listed in the master servers.
[19:49:40][Debug]: Performing backups...
[19:49:40][Debug]: Backups done
[19:49:45][Debug]: Performing backups...
[19:49:45][Debug]: Backups done
[19:49:50][Debug]: Performing backups...
[19:49:50][Debug]: Backups done
[19:49:55][Debug]: Performing backups...
[19:49:55][Debug]: Backups done
[19:50:00][Debug]: Performing backups...
[19:50:00][Debug]: Backups done
[19:50:05][Debug]: Performing backups...
[19:50:05][Debug]: Backups done
[19:50:10][Warning]: There is a new version of LMP! Please download it! Current: 0.29.0 Latest: 0.29.1
[19:50:10][Debug]: Your version is compatible with the latest version so you will still be listed in the master servers.
[19:50:10][Debug]: Performing backups...
[19:50:10][Debug]: Backups done
[19:50:15][Debug]: Performing backups...
[19:50:15][Debug]: Backups done
[19:50:20][Debug]: Performing backups...
[19:50:20][Debug]: Backups done
[19:50:25][Debug]: Performing backups...
[19:50:25][Debug]: Backups done
[19:50:30][Debug]: Performing backups...
[19:50:30][Debug]: Backups done
[19:50:35][Debug]: Performing backups...
[19:50:35][Debug]: Backups done
[19:50:40][Warning]: There is a new version of LMP! Please download it! Current: 0.29.0 Latest: 0.29.1
[19:50:40][Debug]: Your version is compatible with the latest version so you will still be listed in the master servers.
[19:50:40][Debug]: Performing backups...
[19:50:40][Debug]: Backups done
[19:50:45][Debug]: Performing backups...
[19:50:45][Debug]: Backups done
[19:50:50][Debug]: Performing backups...
[19:50:50][Debug]: Backups done
[19:50:55][Debug]: Performing backups...
[19:50:55][Debug]: Backups done
[19:51:00][Debug]: Performing backups...
[19:51:00][Debug]: Backups done
[19:51:05][Debug]: Performing backups...
[19:51:05][Debug]: Backups done
[19:51:10][Warning]: There is a new version of LMP! Please download it! Current: 0.29.0 Latest: 0.29.1
[19:51:10][Debug]: Your version is compatible with the latest version so you will still be listed in the master servers.
[19:51:10][Debug]: Performing backups...
[19:51:10][Debug]: Backups done
[19:51:15][Debug]: Performing backups...
[19:51:15][Debug]: Backups done
[19:51:20][Debug]: Performing backups...
[19:51:20][Debug]: Backups done
[19:51:25][Debug]: Performing backups...
[19:51:25][Debug]: Backups done
[19:51:30][Debug]: Performing backups...
[19:51:30][Debug]: Backups done
[19:51:35][Debug]: Performing backups...
[19:51:35][Debug]: Backups done
[19:51:40][Warning]: There is a new version of LMP! Please download it! Current: 0.29.0 Latest: 0.29.1
[19:51:40][Debug]: Your version is compatible with the latest version so you will still be listed in the master servers.
[19:51:40][Debug]: Performing backups...
[19:51:40][Debug]: Backups done
[19:51:45][Debug]: Performing backups...
[19:51:45][Debug]: Backups done
[19:51:50][Debug]: Performing backups...
[19:51:50][Debug]: Backups done
[19:51:55][Debug]: Performing backups...
[19:51:55][Debug]: Backups done
[19:52:00][Debug]: Performing backups...
[19:52:00][Debug]: Backups done
[19:52:05][Debug]: Performing backups...
[19:52:05][Debug]: Backups done
[19:52:10][Warning]: There is a new version of LMP! Please download it! Current: 0.29.0 Latest: 0.29.1
[19:52:10][Debug]: Your version is compatible with the latest version so you will still be listed in the master servers.
[19:52:10][Debug]: Performing backups...
[19:52:10][Debug]: Backups done
[19:52:15][Debug]: Performing backups...
[19:52:15][Debug]: Backups done
[19:52:20][Debug]: Performing backups...
[19:52:20][Debug]: Backups done
[19:52:25][Debug]: Performing backups...
[19:52:25][Debug]: Backups done
[19:52:30][Debug]: Performing backups...
[19:52:30][Debug]: Backups done
[19:52:35][Debug]: Performing backups...
[19:52:35][Debug]: Backups done
[19:52:40][Warning]: There is a new version of LMP! Please download it! Current: 0.29.0 Latest: 0.29.1
[19:52:40][Debug]: Your version is compatible with the latest version so you will still be listed in the master servers.
[19:52:40][Debug]: Performing backups...
[19:52:40][Debug]: Backups done
[19:52:45][Debug]: Performing backups...
[19:52:45][Debug]: Backups done
[19:52:50][Debug]: Performing backups...
[19:52:50][Debug]: Backups done
[19:52:55][Debug]: Performing backups...
[19:52:55][Debug]: Backups done
[19:53:00][Debug]: Performing backups...
[19:53:00][Debug]: Backups done
[19:53:05][Debug]: Performing backups...
[19:53:05][Debug]: Backups done
[19:53:10][Warning]: There is a new version of LMP! Please download it! Current: 0.29.0 Latest: 0.29.1
[19:53:10][Debug]: Your version is compatible with the latest version so you will still be listed in the master servers.
[19:53:10][Debug]: Performing backups...
[19:53:10][Debug]: Backups done
[19:53:15][Debug]: Performing backups...
[19:53:15][Debug]: Backups done
[19:53:20][Debug]: Performing backups...
[19:53:20][Debug]: Backups done
[19:53:25][Debug]: Performing backups...
[19:53:25][Debug]: Backups done
[19:53:30][Debug]: Performing backups...
[19:53:30][Debug]: Backups done
[19:53:35][Debug]: Performing backups...
[19:53:35][Debug]: Backups done
[19:53:40][Warning]: There is a new version of LMP! Please download it! Current: 0.29.0 Latest: 0.29.1
[19:53:40][Debug]: Your version is compatible with the latest version so you will still be listed in the master servers.
[19:53:40][Debug]: Performing backups...
[19:53:40][Debug]: Backups done
[19:53:45][Debug]: Performing backups...
[19:53:45][Debug]: Backups done
[19:53:50][Debug]: Performing backups...
[19:53:50][Debug]: Backups done
[19:53:55][Debug]: Performing backups...
[19:53:55][Debug]: Backups done
[19:54:00][Debug]: Performing backups...
[19:54:00][Debug]: Backups done
[19:54:02][LMP]: New client Connection from ::ffff:127.200.212.88:60356
[19:54:02][Debug]: Online Players: 0, connected: 1
[19:54:02][LMP]: Client Alex (9cb5cf425960fd77d2ef347c2cc4c5361badc866) handshake successful, LMP Version: 0.29.0, KSP Version: Unknown
[19:54:02][Debug]: Online Players: 1, connected: 1
[19:54:05][Debug]: Performing backups...
[19:54:05][Debug]: Backups done
[19:54:05][Debug]: Sending Alex 51 kerbals...
[19:54:07][Debug]: Sending Alex 1 possible subspaces
[19:54:10][Warning]: There is a new version of LMP! Please download it! Current: 0.29.0 Latest: 0.29.1
[19:54:10][Debug]: Your version is compatible with the latest version so you will still be listed in the master servers.
[19:54:10][Debug]: Performing backups...
[19:54:10][Debug]: Backups done
[19:54:15][Debug]: Performing backups...
[19:54:15][Debug]: Backups done
[19:54:20][Debug]: Performing backups...
[19:54:20][Debug]: Backups done
[19:54:25][Debug]: Performing backups...
[19:54:25][Debug]: Backups done
[19:54:25][Debug]: Alex acquired lock AsteroidComet - Alex
[19:54:25][Debug]: Alex synced with subspace '381' created by Server
[19:54:30][Debug]: Performing backups...
[19:54:30][Debug]: Backups done
[19:54:35][Debug]: Performing backups...
[19:54:35][Debug]: Backups done
[19:54:40][Warning]: There is a new version of LMP! Please download it! Current: 0.29.0 Latest: 0.29.1
[19:54:40][Debug]: Your version is compatible with the latest version so you will still be listed in the master servers.
[19:54:40][Debug]: Performing backups...
[19:54:40][Debug]: Backups done
[19:54:45][Debug]: Performing backups...
[19:54:45][Debug]: Backups done
[19:54:50][Debug]: Performing backups...
[19:54:50][Debug]: Backups done
[19:54:55][Debug]: Performing backups...
[19:54:55][Debug]: Backups done
[19:55:00][Debug]: Performing backups...
[19:55:00][Debug]: Backups done
[19:55:05][Debug]: Performing backups...
[19:55:05][Debug]: Backups done
[19:55:10][Warning]: There is a new version of LMP! Please download it! Current: 0.29.0 Latest: 0.29.1
[19:55:10][Debug]: Your version is compatible with the latest version so you will still be listed in the master servers.
[19:55:10][Debug]: Performing backups...
[19:55:10][Debug]: Backups done
[19:55:13][Debug]: Alex acquired lock Kerbal - Aldvey Kerman - Alex
[19:55:15][Debug]: Performing backups...
[19:55:15][Debug]: Backups done
[19:55:19][Debug]: Alex acquired lock Control - 4cdd4c44-a2ce-4538-b552-6ec37fd23c60 - Alex
[19:55:19][Debug]: Alex acquired lock Update - 4cdd4c44-a2ce-4538-b552-6ec37fd23c60 - Alex
[19:55:19][Debug]: Alex acquired lock UnloadedUpdate - 4cdd4c44-a2ce-4538-b552-6ec37fd23c60 - Alex
[19:55:19][Debug]: Alex acquired lock UnloadedUpdate - 4fc4fc83-8bc4-4c0c-905e-ba41eac71ca0 - Alex
[19:55:20][Debug]: Performing backups...
[19:55:20][Debug]: Backups done
[19:55:25][Debug]: Performing backups...
[19:55:25][Debug]: Backups done
[19:55:30][Debug]: Performing backups...
[19:55:30][Debug]: Backups done
[19:55:35][Debug]: Performing backups...
[19:55:35][Debug]: Backups done
[19:55:40][Warning]: There is a new version of LMP! Please download it! Current: 0.29.0 Latest: 0.29.1
[19:55:40][Debug]: Your version is compatible with the latest version so you will still be listed in the master servers.
[19:55:40][Debug]: Performing backups...
[19:55:40][Debug]: Backups done
[19:55:45][Debug]: Performing backups...
[19:55:45][Debug]: Backups done
[19:55:50][Debug]: Performing backups...
[19:55:50][Debug]: Backups done
[19:55:55][Debug]: Performing backups...
[19:55:55][Debug]: Backups done
[19:56:00][Debug]: Performing backups...
[19:56:00][Debug]: Backups done
[19:56:05][Debug]: Performing backups...
[19:56:05][Debug]: Backups done
[19:56:10][Warning]: There is a new version of LMP! Please download it! Current: 0.29.0 Latest: 0.29.1
[19:56:10][Debug]: Your version is compatible with the latest version so you will still be listed in the master servers.
[19:56:10][Debug]: Performing backups...
[19:56:10][Debug]: Backups done
[19:56:15][Debug]: Performing backups...
[19:56:15][Debug]: Backups done
[19:56:20][Debug]: Performing backups...
[19:56:20][Debug]: Backups done
[19:56:25][Debug]: Performing backups...
[19:56:25][Debug]: Backups done
[19:56:30][Debug]: Performing backups...
[19:56:30][Debug]: Backups done
[19:56:35][Debug]: Performing backups...
[19:56:35][Debug]: Backups done
[19:56:40][Warning]: There is a new version of LMP! Please download it! Current: 0.29.0 Latest: 0.29.1
[19:56:40][Debug]: Your version is compatible with the latest version so you will still be listed in the master servers.
[19:56:40][Debug]: Performing backups...
[19:56:40][Debug]: Backups done
[19:56:45][Debug]: Performing backups...
[19:56:45][Debug]: Backups done
[19:56:50][Debug]: Performing backups...
[19:56:50][Debug]: Backups done
[19:56:55][Debug]: Performing backups...
[19:56:55][Debug]: Backups done
[19:57:00][Debug]: Performing backups...
[19:57:00][Debug]: Backups done
[19:57:05][Debug]: Performing backups...
[19:57:05][Debug]: Backups done
[19:57:10][Warning]: There is a new version of LMP! Please download it! Current: 0.29.0 Latest: 0.29.1
[19:57:10][Debug]: Your version is compatible with the latest version so you will still be listed in the master servers.
[19:57:10][Debug]: Performing backups...
[19:57:10][Debug]: Backups done
[19:57:15][Debug]: Performing backups...
[19:57:15][Debug]: Backups done
[19:57:20][Debug]: Performing backups...
[19:57:20][Debug]: Backups done
[19:57:25][Debug]: Performing backups...
[19:57:25][Debug]: Backups done
[19:57:30][Debug]: Performing backups...
[19:57:30][Debug]: Backups done
[19:57:35][Debug]: Performing backups...
[19:57:35][Debug]: Backups done
[19:57:40][Warning]: There is a new version of LMP! Please download it! Current: 0.29.0 Latest: 0.29.1
[19:57:40][Debug]: Your version is compatible with the latest version so you will still be listed in the master servers.
[19:57:40][Debug]: Performing backups...
[19:57:40][Debug]: Backups done
[19:57:45][Debug]: Performing backups...
[19:57:45][Debug]: Backups done
[19:57:50][Debug]: Performing backups...
[19:57:50][Debug]: Backups done
[19:57:55][Debug]: Performing backups...
[19:57:55][Debug]: Backups done
[19:58:00][Debug]: Performing backups...
[19:58:00][Debug]: Backups done
[19:58:04][Debug]: Alex acquired lock UnloadedUpdate - 368a2c3f-1525-4523-884c-a394591d75e9 - Alex
[19:58:04][Debug]: Alex acquired lock Update - 368a2c3f-1525-4523-884c-a394591d75e9 - Alex
[19:58:04][Debug]: Alex acquired lock UnloadedUpdate - ee0d4a79-b9f8-4cc2-ba40-0b246111f95e - Alex
[19:58:04][Debug]: Alex acquired lock Update - ee0d4a79-b9f8-4cc2-ba40-0b246111f95e - Alex
[19:58:04][Debug]: Alex acquired lock UnloadedUpdate - dd1e3de1-1671-44a3-9c1e-d338c23c2f4d - Alex
[19:58:04][Debug]: Alex acquired lock Update - dd1e3de1-1671-44a3-9c1e-d338c23c2f4d - Alex
[19:58:04][Debug]: Alex acquired lock UnloadedUpdate - 107d9165-90a4-4fde-bb26-5657f1517f04 - Alex
[19:58:04][Debug]: Alex acquired lock Update - 107d9165-90a4-4fde-bb26-5657f1517f04 - Alex
[19:58:04][Debug]: Alex acquired lock UnloadedUpdate - 6c1df05c-a312-4847-8ae8-5c9bc20c2b20 - Alex
[19:58:04][Debug]: Alex acquired lock Update - 6c1df05c-a312-4847-8ae8-5c9bc20c2b20 - Alex
[19:58:04][Debug]: Alex acquired lock UnloadedUpdate - c49aaf7d-ed26-41bf-a39a-dcac7af42940 - Alex
[19:58:04][Debug]: Alex acquired lock Update - c49aaf7d-ed26-41bf-a39a-dcac7af42940 - Alex
[19:58:05][Debug]: Performing backups...
[19:58:05][Debug]: Backups done
[19:58:10][Warning]: There is a new version of LMP! Please download it! Current: 0.29.0 Latest: 0.29.1
[19:58:10][Debug]: Your version is compatible with the latest version so you will still be listed in the master servers.
[19:58:10][Debug]: Performing backups...
[19:58:10][Debug]: Backups done
[19:58:15][Debug]: Performing backups...
[19:58:15][Debug]: Backups done
[19:58:20][Debug]: Performing backups...
[19:58:20][Debug]: Backups done
[19:58:25][Debug]: Performing backups...
[19:58:25][Debug]: Backups done
[19:58:30][Debug]: Performing backups...
[19:58:30][Debug]: Backups done
[19:58:35][Debug]: Performing backups...
[19:58:35][Debug]: Backups done
[19:58:37][Debug]: Alex is warping
[19:58:40][Warning]: There is a new version of LMP! Please download it! Current: 0.29.0 Latest: 0.29.1
[19:58:40][Debug]: Your version is compatible with the latest version so you will still be listed in the master servers.
[19:58:40][Debug]: Performing backups...
[19:58:40][Debug]: Backups done
[19:58:40][Debug]: Alex created the new subspace '382'
[19:58:40][Debug]: Removing abandoned subspace '381'
[19:58:45][Debug]: Performing backups...
[19:58:45][Debug]: Backups done
[19:58:50][Debug]: Performing backups...
[19:58:50][Debug]: Backups done
[19:58:55][Debug]: Performing backups...
[19:58:55][Debug]: Backups done
[19:59:00][Debug]: Performing backups...
[19:59:00][Debug]: Backups done
[19:59:00][Debug]: Science experiment received: mobileMaterialsLab@KerbinInSpaceLow
[19:59:05][Debug]: Performing backups...
[19:59:05][Debug]: Backups done
[19:59:10][Warning]: There is a new version of LMP! Please download it! Current: 0.29.0 Latest: 0.29.1
[19:59:10][Debug]: Your version is compatible with the latest version so you will still be listed in the master servers.
[19:59:10][Debug]: Performing backups...
[19:59:10][Debug]: Backups done
[19:59:15][Debug]: Performing backups...
[19:59:15][Debug]: Backups done
[19:59:20][Debug]: Performing backups...
[19:59:20][Debug]: Backups done
[19:59:25][Debug]: Performing backups...
[19:59:25][Debug]: Backups done
[19:59:30][Debug]: Performing backups...
[19:59:30][Debug]: Backups done
[19:59:35][Debug]: Performing backups...
[19:59:35][Debug]: Backups done
[19:59:40][Warning]: There is a new version of LMP! Please download it! Current: 0.29.0 Latest: 0.29.1
[19:59:40][Debug]: Your version is compatible with the latest version so you will still be listed in the master servers.
[19:59:40][Debug]: Alex is warping
[19:59:40][Debug]: Performing backups...
[19:59:40][Debug]: Backups done
[19:59:41][Debug]: Alex released lock Update - 368a2c3f-1525-4523-884c-a394591d75e9 - Alex
[19:59:41][Debug]: Alex released lock Update - ee0d4a79-b9f8-4cc2-ba40-0b246111f95e - Alex
[19:59:41][Debug]: Alex released lock Update - dd1e3de1-1671-44a3-9c1e-d338c23c2f4d - Alex
[19:59:41][Debug]: Alex released lock Update - 107d9165-90a4-4fde-bb26-5657f1517f04 - Alex
[19:59:41][Debug]: Alex released lock Update - 6c1df05c-a312-4847-8ae8-5c9bc20c2b20 - Alex
[19:59:41][Debug]: Alex released lock Update - c49aaf7d-ed26-41bf-a39a-dcac7af42940 - Alex
[19:59:42][Debug]: Alex created the new subspace '383'
[19:59:43][Debug]: Removing abandoned subspace '382'
[19:59:45][Debug]: Performing backups...
[19:59:45][Debug]: Backups done
[19:59:50][Debug]: Performing backups...
[19:59:50][Debug]: Backups done
[19:59:55][Debug]: Performing backups...
[19:59:55][Debug]: Backups done
[20:00:00][Debug]: Performing backups...
[20:00:00][Debug]: Backups done
[20:00:05][Debug]: Performing backups...
[20:00:05][Debug]: Backups done
[20:00:10][Warning]: There is a new version of LMP! Please download it! Current: 0.29.0 Latest: 0.29.1
[20:00:10][Debug]: Your version is compatible with the latest version so you will still be listed in the master servers.
[20:00:10][Debug]: Performing backups...
[20:00:10][Debug]: Backups done
[20:00:15][Debug]: Performing backups...
[20:00:15][Debug]: Backups done
[20:00:20][Debug]: Performing backups...
[20:00:20][Debug]: Backups done
[20:00:25][Debug]: Performing backups...
[20:00:25][Debug]: Backups done
[20:00:30][Debug]: Performing backups...
[20:00:30][Debug]: Backups done
[20:00:35][Debug]: Performing backups...
[20:00:35][Debug]: Backups done
[20:00:40][Warning]: There is a new version of LMP! Please download it! Current: 0.29.0 Latest: 0.29.1
[20:00:40][Debug]: Your version is compatible with the latest version so you will still be listed in the master servers.
[20:00:40][Debug]: Performing backups...
[20:00:40][Debug]: Backups done
[20:00:45][Debug]: Performing backups...
[20:00:45][Debug]: Backups done
[20:00:50][Debug]: Performing backups...
[20:00:50][Debug]: Backups done
[20:00:55][Debug]: Performing backups...
[20:00:55][Debug]: Backups done
[20:01:00][Debug]: Performing backups...
[20:01:00][Debug]: Backups done
[20:01:01][Debug]: Alex is warping
[20:01:05][Debug]: Performing backups...
[20:01:05][Debug]: Backups done
[20:01:05][Debug]: Alex released lock UnloadedUpdate - 368a2c3f-1525-4523-884c-a394591d75e9 - Alex
[20:01:05][Debug]: Alex released lock UnloadedUpdate - ee0d4a79-b9f8-4cc2-ba40-0b246111f95e - Alex
[20:01:05][Debug]: Alex released lock UnloadedUpdate - c49aaf7d-ed26-41bf-a39a-dcac7af42940 - Alex
[20:01:05][Debug]: Alex released lock UnloadedUpdate - dd1e3de1-1671-44a3-9c1e-d338c23c2f4d - Alex
[20:01:05][Debug]: Alex released lock UnloadedUpdate - 107d9165-90a4-4fde-bb26-5657f1517f04 - Alex
[20:01:05][Debug]: Alex released lock UnloadedUpdate - 6c1df05c-a312-4847-8ae8-5c9bc20c2b20 - Alex
[20:01:10][Warning]: There is a new version of LMP! Please download it! Current: 0.29.0 Latest: 0.29.1
[20:01:10][Debug]: Your version is compatible with the latest version so you will still be listed in the master servers.
[20:01:10][Debug]: Performing backups...
[20:01:10][Debug]: Backups done
[20:01:15][Debug]: Performing backups...
[20:01:15][Debug]: Backups done
[20:01:20][Debug]: Performing backups...
[20:01:20][Debug]: Backups done
[20:01:25][Debug]: Performing backups...
[20:01:25][Debug]: Backups done
[20:01:25][Debug]: Alex created the new subspace '384'
[20:01:25][Debug]: Removing abandoned subspace '383'
[20:01:30][Debug]: Performing backups...
[20:01:30][Debug]: Backups done
[20:01:35][Debug]: Performing backups...
[20:01:35][Debug]: Backups done
[20:01:40][Warning]: There is a new version of LMP! Please download it! Current: 0.29.0 Latest: 0.29.1
[20:01:40][Debug]: Your version is compatible with the latest version so you will still be listed in the master servers.
[20:01:40][Debug]: Performing backups...
[20:01:40][Debug]: Backups done
[20:01:45][Debug]: Performing backups...
[20:01:45][Debug]: Backups done
[20:01:50][Debug]: Performing backups...
[20:01:50][Debug]: Backups done
[20:01:52][Debug]: Alex acquired lock UnloadedUpdate - e11fd8d8-1c42-4d99-ad16-2be20a6b45a4 - Alex
[20:01:52][Debug]: Alex acquired lock Update - e11fd8d8-1c42-4d99-ad16-2be20a6b45a4 - Alex
[20:01:55][Debug]: Performing backups...
[20:01:55][Debug]: Backups done
[20:02:00][Debug]: Performing backups...
[20:02:00][Debug]: Backups done
[20:02:05][Debug]: Performing backups...
[20:02:05][Debug]: Backups done
[20:02:10][Warning]: There is a new version of LMP! Please download it! Current: 0.29.0 Latest: 0.29.1
[20:02:10][Debug]: Your version is compatible with the latest version so you will still be listed in the master servers.
[20:02:10][Debug]: Performing backups...
[20:02:10][Debug]: Backups done
[20:02:15][Debug]: Performing backups...
[20:02:15][Debug]: Backups done
[20:02:15][Debug]: Alex acquired lock UnloadedUpdate - f92cc942-77af-4877-b395-02f0aba6573d - Alex
[20:02:15][Debug]: Alex acquired lock UnloadedUpdate - bae50897-1e28-4059-be05-6f198df570fb - Alex
[20:02:15][Debug]: Alex acquired lock UnloadedUpdate - 39dc64e5-cbab-4598-ba9e-814ea493b23e - Alex
[20:02:15][Debug]: Alex acquired lock UnloadedUpdate - 5e4f225d-3ea6-4cac-a1ee-ec14800310fb - Alex
[20:02:15][Debug]: Alex released lock Kerbal - Aldvey Kerman - Alex
[20:02:15][Debug]: Alex released lock Control - 4cdd4c44-a2ce-4538-b552-6ec37fd23c60 - Alex
[20:02:15][Debug]: Alex released lock Update - e11fd8d8-1c42-4d99-ad16-2be20a6b45a4 - Alex
[20:02:15][Debug]: Alex released lock Update - 4cdd4c44-a2ce-4538-b552-6ec37fd23c60 - Alex
[20:02:15][Debug]: Alex released lock UnloadedUpdate - e11fd8d8-1c42-4d99-ad16-2be20a6b45a4 - Alex
[20:02:15][Debug]: Alex released lock UnloadedUpdate - 4cdd4c44-a2ce-4538-b552-6ec37fd23c60 - Alex
[20:02:15][Debug]: Alex released lock UnloadedUpdate - 4fc4fc83-8bc4-4c0c-905e-ba41eac71ca0 - Alex
[20:02:20][Debug]: Performing backups...
[20:02:20][Debug]: Backups done
[20:02:25][Debug]: Performing backups...
[20:02:25][Debug]: Backups done
[20:02:25][Debug]: Alex acquired lock UnloadedUpdate - 4fc4fc83-8bc4-4c0c-905e-ba41eac71ca0 - Alex
[20:02:25][Debug]: Alex acquired lock UnloadedUpdate - 4cdd4c44-a2ce-4538-b552-6ec37fd23c60 - Alex
[20:02:25][Debug]: Alex acquired lock UnloadedUpdate - e11fd8d8-1c42-4d99-ad16-2be20a6b45a4 - Alex
[20:02:30][Debug]: Performing backups...
[20:02:30][Debug]: Backups done
[20:02:35][Debug]: Performing backups...
[20:02:35][Debug]: Backups done
[20:02:37][Debug]: Alex released lock UnloadedUpdate - f92cc942-77af-4877-b395-02f0aba6573d - Alex
[20:02:37][Debug]: Alex released lock UnloadedUpdate - bae50897-1e28-4059-be05-6f198df570fb - Alex
[20:02:37][Debug]: Alex released lock UnloadedUpdate - 4fc4fc83-8bc4-4c0c-905e-ba41eac71ca0 - Alex
[20:02:37][Debug]: Alex released lock UnloadedUpdate - e11fd8d8-1c42-4d99-ad16-2be20a6b45a4 - Alex
[20:02:37][Debug]: Alex released lock UnloadedUpdate - 4cdd4c44-a2ce-4538-b552-6ec37fd23c60 - Alex
[20:02:37][Debug]: Alex released lock UnloadedUpdate - 5e4f225d-3ea6-4cac-a1ee-ec14800310fb - Alex
[20:02:37][Debug]: Alex released lock UnloadedUpdate - 39dc64e5-cbab-4598-ba9e-814ea493b23e - Alex
[20:02:40][Warning]: There is a new version of LMP! Please download it! Current: 0.29.0 Latest: 0.29.1
[20:02:40][Debug]: Your version is compatible with the latest version so you will still be listed in the master servers.
[20:02:40][Debug]: Performing backups...
[20:02:40][Debug]: Backups done
[20:02:41][Debug]: Alex sent Connection end message, reason: Quit to main menu
[20:02:41][Debug]: Online Players: 0, connected: 0
[20:02:41][Debug]: Performing backups...
[20:02:41][Debug]: Backups done
[20:02:41][Debug]: Alex released lock AsteroidComet - Alex
[20:02:41][Debug]: Performing backups...
[20:02:41][Debug]: Backups done
[20:02:45][Debug]: Performing backups...
[20:02:45][Debug]: Backups done
[20:02:50][Debug]: Performing backups...
[20:02:50][Debug]: Backups done
[20:02:51][LMP]: New client Connection from ::ffff:127.200.212.88:33075
[20:02:51][Debug]: Online Players: 0, connected: 1
[20:02:51][LMP]: Client Alex (9cb5cf425960fd77d2ef347c2cc4c5361badc866) handshake successful, LMP Version: 0.29.0, KSP Version: Unknown
[20:02:51][Debug]: Online Players: 1, connected: 1
[20:02:54][Debug]: Sending Alex 51 kerbals...
[20:02:55][Debug]: Performing backups...
[20:02:55][Debug]: Backups done
[20:02:56][Debug]: Sending Alex 1 possible subspaces
[20:03:00][Debug]: Performing backups...
[20:03:00][Debug]: Backups done
[20:03:05][Debug]: Performing backups...
[20:03:05][Debug]: Backups done
[20:03:10][Warning]: There is a new version of LMP! Please download it! Current: 0.29.0 Latest: 0.29.1
[20:03:10][Debug]: Your version is compatible with the latest version so you will still be listed in the master servers.
[20:03:10][Debug]: Performing backups...
[20:03:10][Debug]: Backups done
[20:03:14][Debug]: Alex acquired lock AsteroidComet - Alex
[20:03:15][Debug]: Performing backups...
[20:03:15][Debug]: Backups done
[20:03:20][Debug]: Performing backups...
[20:03:20][Debug]: Backups done
[20:03:20][Debug]: Alex acquired lock UnloadedUpdate - ab2e5857-0ad1-4ab8-b1c0-1176a951c7b2 - Alex
[20:03:25][Debug]: Performing backups...
[20:03:25][Debug]: Backups done
[20:03:30][Debug]: Performing backups...
[20:03:30][Debug]: Backups done
[20:03:35][Debug]: Performing backups...
[20:03:35][Debug]: Backups done
[20:03:40][Warning]: There is a new version of LMP! Please download it! Current: 0.29.0 Latest: 0.29.1
[20:03:40][Debug]: Your version is compatible with the latest version so you will still be listed in the master servers.
[20:03:40][Debug]: Performing backups...
[20:03:40][Debug]: Backups done
[20:03:45][Debug]: Performing backups...
[20:03:45][Debug]: Backups done
[20:03:50][Debug]: Performing backups...
[20:03:50][Debug]: Backups done
[20:03:55][Debug]: Performing backups...
[20:03:55][Debug]: Backups done
[20:04:00][Debug]: Performing backups...
[20:04:00][Debug]: Backups done
[20:04:05][Debug]: Performing backups...
[20:04:05][Debug]: Backups done
[20:04:10][Warning]: There is a new version of LMP! Please download it! Current: 0.29.0 Latest: 0.29.1
[20:04:10][Debug]: Your version is compatible with the latest version so you will still be listed in the master servers.
[20:04:10][Debug]: Performing backups...
[20:04:10][Debug]: Backups done
[20:04:15][Debug]: Performing backups...
[20:04:15][Debug]: Backups done
[20:04:20][Debug]: Performing backups...
[20:04:20][Debug]: Backups done
[20:04:25][Debug]: Performing backups...
[20:04:25][Debug]: Backups done
[20:04:30][Debug]: Performing backups...
[20:04:30][Debug]: Backups done
[20:04:35][Debug]: Performing backups...
[20:04:35][Debug]: Backups done
[20:04:40][Warning]: There is a new version of LMP! Please download it! Current: 0.29.0 Latest: 0.29.1
[20:04:40][Debug]: Your version is compatible with the latest version so you will still be listed in the master servers.
[20:04:40][Debug]: Performing backups...
[20:04:40][Debug]: Backups done
[20:04:45][Debug]: Performing backups...
[20:04:45][Debug]: Backups done
[20:04:50][Debug]: Performing backups...
[20:04:50][Debug]: Backups done
[20:04:54][Debug]: Alex acquired lock UnloadedUpdate - 95ec6e8e-c993-4791-ae0e-99b00c4c3ae4 - Alex
[20:04:54][Debug]: Alex acquired lock UnloadedUpdate - cb943f34-0407-42e6-a123-e871eed848d5 - Alex
[20:04:54][Debug]: Alex acquired lock UnloadedUpdate - fed98f4d-3f7f-4431-ba4d-026ce9ae3adf - Alex
[20:04:54][Debug]: Alex released lock UnloadedUpdate - ab2e5857-0ad1-4ab8-b1c0-1176a951c7b2 - Alex
[20:04:55][Debug]: Performing backups...
[20:04:55][Debug]: Backups done
[20:05:00][Debug]: Performing backups...
[20:05:00][Debug]: Backups done
[20:05:03][Debug]: Alex released lock UnloadedUpdate - 95ec6e8e-c993-4791-ae0e-99b00c4c3ae4 - Alex
[20:05:03][Debug]: Alex released lock UnloadedUpdate - cb943f34-0407-42e6-a123-e871eed848d5 - Alex
[20:05:03][Debug]: Alex released lock UnloadedUpdate - fed98f4d-3f7f-4431-ba4d-026ce9ae3adf - Alex
[20:05:05][Debug]: Performing backups...
[20:05:05][Debug]: Backups done
[20:05:10][Warning]: There is a new version of LMP! Please download it! Current: 0.29.0 Latest: 0.29.1
[20:05:10][Debug]: Your version is compatible with the latest version so you will still be listed in the master servers.
[20:05:10][Debug]: Performing backups...
[20:05:10][Debug]: Backups done
[20:05:15][Debug]: Performing backups...
[20:05:15][Debug]: Backups done
[20:05:15][Debug]: Alex acquired lock Kerbal - Aldvey Kerman - Alex
[20:05:20][Debug]: Performing backups...
[20:05:20][Debug]: Backups done
[20:05:21][Debug]: Alex acquired lock Control - 2de7e086-395b-4a75-a3a3-bd8586db3c33 - Alex
[20:05:21][Debug]: Alex acquired lock Update - 2de7e086-395b-4a75-a3a3-bd8586db3c33 - Alex
[20:05:21][Debug]: Alex acquired lock UnloadedUpdate - 2de7e086-395b-4a75-a3a3-bd8586db3c33 - Alex
[20:05:21][Debug]: Alex acquired lock UnloadedUpdate - fed98f4d-3f7f-4431-ba4d-026ce9ae3adf - Alex
[20:05:21][Debug]: Alex acquired lock UnloadedUpdate - cb943f34-0407-42e6-a123-e871eed848d5 - Alex
[20:05:21][Debug]: Alex acquired lock UnloadedUpdate - ab2e5857-0ad1-4ab8-b1c0-1176a951c7b2 - Alex
[20:05:21][Debug]: Alex acquired lock UnloadedUpdate - 95ec6e8e-c993-4791-ae0e-99b00c4c3ae4 - Alex
[20:05:25][Debug]: Performing backups...
[20:05:25][Debug]: Backups done
[20:05:30][Debug]: Performing backups...
[20:05:30][Debug]: Backups done
[20:05:35][Debug]: Performing backups...
[20:05:35][Debug]: Backups done
[20:05:40][Warning]: There is a new version of LMP! Please download it! Current: 0.29.0 Latest: 0.29.1
[20:05:40][Debug]: Your version is compatible with the latest version so you will still be listed in the master servers.
[20:05:40][Debug]: Performing backups...
[20:05:40][Debug]: Backups done
[20:05:45][Debug]: Performing backups...
[20:05:45][Debug]: Backups done
[20:05:50][Debug]: Performing backups...
[20:05:50][Debug]: Backups done
[20:05:55][Debug]: Performing backups...
[20:05:55][Debug]: Backups done
[20:06:00][Debug]: Performing backups...
[20:06:00][Debug]: Backups done
[20:06:05][Debug]: Performing backups...
[20:06:05][Debug]: Backups done
[20:06:10][Warning]: There is a new version of LMP! Please download it! Current: 0.29.0 Latest: 0.29.1
[20:06:10][Debug]: Your version is compatible with the latest version so you will still be listed in the master servers.
[20:06:10][Debug]: Performing backups...
[20:06:10][Debug]: Backups done
[20:06:15][Debug]: Performing backups...
[20:06:15][Debug]: Backups done
[20:06:20][Debug]: Performing backups...
[20:06:20][Debug]: Backups done
[20:06:25][Debug]: Performing backups...
[20:06:25][Debug]: Backups done
[20:06:30][Debug]: Performing backups...
[20:06:30][Debug]: Backups done
[20:06:35][Debug]: Performing backups...
[20:06:35][Debug]: Backups done
[20:06:40][Warning]: There is a new version of LMP! Please download it! Current: 0.29.0 Latest: 0.29.1
[20:06:40][Debug]: Your version is compatible with the latest version so you will still be listed in the master servers.
[20:06:40][Debug]: Performing backups...
[20:06:40][Debug]: Backups done
[20:06:45][Debug]: Performing backups...
[20:06:45][Debug]: Backups done
[20:06:50][Debug]: Performing backups...
[20:06:50][Debug]: Backups done
[20:06:55][Debug]: Performing backups...
[20:06:55][Debug]: Backups done
[20:07:00][Debug]: Performing backups...
[20:07:00][Debug]: Backups done
[20:07:05][Debug]: Performing backups...
[20:07:05][Debug]: Backups done
[20:07:10][Warning]: There is a new version of LMP! Please download it! Current: 0.29.0 Latest: 0.29.1
[20:07:10][Debug]: Your version is compatible with the latest version so you will still be listed in the master servers.
[20:07:10][Debug]: Performing backups...
[20:07:10][Debug]: Backups done
[20:07:15][Debug]: Performing backups...
[20:07:15][Debug]: Backups done
[20:07:20][Debug]: Performing backups...
[20:07:20][Debug]: Backups done
[20:07:25][Debug]: Performing backups...
[20:07:25][Debug]: Backups done
[20:07:30][Debug]: Performing backups...
[20:07:30][Debug]: Backups done
[20:07:35][Debug]: Performing backups...
[20:07:35][Debug]: Backups done
[20:07:40][Warning]: There is a new version of LMP! Please download it! Current: 0.29.0 Latest: 0.29.1
[20:07:40][Debug]: Your version is compatible with the latest version so you will still be listed in the master servers.
[20:07:40][Debug]: Performing backups...
[20:07:40][Debug]: Backups done
[20:07:45][Debug]: Performing backups...
[20:07:45][Debug]: Backups done
[20:07:50][Debug]: Performing backups...
[20:07:50][Debug]: Backups done
[20:07:52][Debug]: Alex acquired lock Update - 193cc0e7-97c1-4f21-a23e-3767ea55253d - Alex
[20:07:52][Debug]: Alex acquired lock UnloadedUpdate - 193cc0e7-97c1-4f21-a23e-3767ea55253d - Alex
[20:07:52][Debug]: Alex acquired lock UnloadedUpdate - a9ae1837-df51-4d80-be87-f611709999a1 - Alex
[20:07:52][Debug]: Alex acquired lock Update - a9ae1837-df51-4d80-be87-f611709999a1 - Alex
[20:07:52][Debug]: Alex acquired lock UnloadedUpdate - 982f0a4d-451b-4b27-af64-c4f48412d61b - Alex
[20:07:52][Debug]: Alex acquired lock Update - 982f0a4d-451b-4b27-af64-c4f48412d61b - Alex
[20:07:52][Debug]: Alex acquired lock Update - 0acd3aca-35d1-4d3c-9f2d-ef2c5d49c541 - Alex
[20:07:52][Debug]: Alex acquired lock UnloadedUpdate - 0acd3aca-35d1-4d3c-9f2d-ef2c5d49c541 - Alex
[20:07:52][Debug]: Alex acquired lock UnloadedUpdate - f5f820e0-5307-4c2e-80f4-6c468a950885 - Alex
[20:07:52][Debug]: Alex acquired lock Update - f5f820e0-5307-4c2e-80f4-6c468a950885 - Alex
[20:07:52][Debug]: Alex acquired lock UnloadedUpdate - 04aa27e3-3884-43e7-b162-7da85bc1e3bd - Alex
[20:07:52][Debug]: Alex acquired lock Update - 04aa27e3-3884-43e7-b162-7da85bc1e3bd - Alex
[20:07:55][Debug]: Performing backups...
[20:07:55][Debug]: Backups done
[20:08:00][Debug]: Performing backups...
[20:08:00][Debug]: Backups done
[20:08:05][Debug]: Performing backups...
[20:08:05][Debug]: Backups done
[20:08:10][Warning]: There is a new version of LMP! Please download it! Current: 0.29.0 Latest: 0.29.1
[20:08:10][Debug]: Your version is compatible with the latest version so you will still be listed in the master servers.
[20:08:10][Debug]: Performing backups...
[20:08:10][Debug]: Backups done
[20:08:15][Debug]: Performing backups...
[20:08:15][Debug]: Backups done
[20:08:20][Debug]: Performing backups...
[20:08:20][Debug]: Backups done
[20:08:25][Debug]: Performing backups...
[20:08:25][Debug]: Backups done
[20:08:29][Debug]: Alex is warping
[20:08:30][Debug]: Performing backups...
[20:08:30][Debug]: Backups done
[20:08:30][Debug]: Alex released lock Update - 193cc0e7-97c1-4f21-a23e-3767ea55253d - Alex
[20:08:30][Debug]: Alex released lock Update - a9ae1837-df51-4d80-be87-f611709999a1 - Alex
[20:08:30][Debug]: Alex released lock Update - 982f0a4d-451b-4b27-af64-c4f48412d61b - Alex
[20:08:30][Debug]: Alex released lock Update - 0acd3aca-35d1-4d3c-9f2d-ef2c5d49c541 - Alex
[20:08:30][Debug]: Alex released lock Update - f5f820e0-5307-4c2e-80f4-6c468a950885 - Alex
[20:08:30][Debug]: Alex released lock Update - 04aa27e3-3884-43e7-b162-7da85bc1e3bd - Alex
[20:08:33][Debug]: Alex created the new subspace '385'
[20:08:33][Debug]: Removing abandoned subspace '384'
[20:08:35][Debug]: Performing backups...
[20:08:35][Debug]: Backups done
[20:08:40][Warning]: There is a new version of LMP! Please download it! Current: 0.29.0 Latest: 0.29.1
[20:08:40][Debug]: Your version is compatible with the latest version so you will still be listed in the master servers.
[20:08:40][Debug]: Performing backups...
[20:08:40][Debug]: Backups done
[20:08:45][Debug]: Performing backups...
[20:08:45][Debug]: Backups done
[20:08:50][Debug]: Performing backups...
[20:08:50][Debug]: Backups done
[20:08:55][Debug]: Performing backups...
[20:08:55][Debug]: Backups done
[20:09:00][Debug]: Performing backups...
[20:09:00][Debug]: Backups done
[20:09:05][Debug]: Performing backups...
[20:09:05][Debug]: Backups done
[20:09:10][Warning]: There is a new version of LMP! Please download it! Current: 0.29.0 Latest: 0.29.1
[20:09:10][Debug]: Your version is compatible with the latest version so you will still be listed in the master servers.
[20:09:10][Debug]: Performing backups...
[20:09:10][Debug]: Backups done
[20:09:15][Debug]: Performing backups...
[20:09:15][Debug]: Backups done
[20:09:20][Debug]: Performing backups...
[20:09:20][Debug]: Backups done
[20:09:25][Debug]: Performing backups...
[20:09:25][Debug]: Backups done
[20:09:30][Debug]: Performing backups...
[20:09:30][Debug]: Backups done
[20:09:35][Debug]: Performing backups...
[20:09:35][Debug]: Backups done
[20:09:40][Warning]: There is a new version of LMP! Please download it! Current: 0.29.0 Latest: 0.29.1
[20:09:40][Debug]: Your version is compatible with the latest version so you will still be listed in the master servers.
[20:09:40][Debug]: Performing backups...
[20:09:40][Debug]: Backups done
[20:09:45][Debug]: Performing backups...
[20:09:45][Debug]: Backups done
[20:09:50][Debug]: Performing backups...
[20:09:50][Debug]: Backups done
[20:09:55][Debug]: Performing backups...
[20:09:55][Debug]: Backups done
[20:10:00][Debug]: Performing backups...
[20:10:00][Debug]: Backups done
[20:10:02][Debug]: Alex is warping
[20:10:05][Debug]: Alex released lock UnloadedUpdate - 193cc0e7-97c1-4f21-a23e-3767ea55253d - Alex
[20:10:05][Debug]: Alex released lock UnloadedUpdate - 0acd3aca-35d1-4d3c-9f2d-ef2c5d49c541 - Alex
[20:10:05][Debug]: Alex released lock UnloadedUpdate - 982f0a4d-451b-4b27-af64-c4f48412d61b - Alex
[20:10:05][Debug]: Alex released lock UnloadedUpdate - 04aa27e3-3884-43e7-b162-7da85bc1e3bd - Alex
[20:10:05][Debug]: Alex released lock UnloadedUpdate - f5f820e0-5307-4c2e-80f4-6c468a950885 - Alex
[20:10:05][Debug]: Alex released lock UnloadedUpdate - a9ae1837-df51-4d80-be87-f611709999a1 - Alex
[20:10:05][Debug]: Performing backups...
[20:10:05][Debug]: Backups done
[20:10:10][Warning]: There is a new version of LMP! Please download it! Current: 0.29.0 Latest: 0.29.1
[20:10:10][Debug]: Your version is compatible with the latest version so you will still be listed in the master servers.
[20:10:10][Debug]: Performing backups...
[20:10:10][Debug]: Backups done
[20:10:15][Debug]: Performing backups...
[20:10:15][Debug]: Backups done
[20:10:16][Debug]: Alex created the new subspace '386'
[20:10:16][Debug]: Removing abandoned subspace '385'
[20:10:20][Debug]: Performing backups...
[20:10:20][Debug]: Backups done
[20:10:25][Debug]: Performing backups...
[20:10:25][Debug]: Backups done
[20:10:28][Debug]: Alex is warping
[20:10:30][Debug]: Performing backups...
[20:10:30][Debug]: Backups done
[20:10:30][Debug]: Alex created the new subspace '387'
[20:10:31][Debug]: Removing abandoned subspace '386'
[20:10:35][Debug]: Performing backups...
[20:10:35][Debug]: Backups done
[20:10:40][Warning]: There is a new version of LMP! Please download it! Current: 0.29.0 Latest: 0.29.1
[20:10:40][Debug]: Your version is compatible with the latest version so you will still be listed in the master servers.
[20:10:40][Debug]: Performing backups...
[20:10:40][Debug]: Backups done
[20:10:45][Debug]: Performing backups...
[20:10:45][Debug]: Backups done
[20:10:50][Debug]: Performing backups...
[20:10:50][Debug]: Backups done
[20:10:55][Debug]: Performing backups...
[20:10:55][Debug]: Backups done
[20:11:00][Debug]: Performing backups...
[20:11:00][Debug]: Backups done
[20:11:01][Debug]: Alex acquired lock UnloadedUpdate - 9cae1a46-c74c-460c-9145-e4d50ab1a96b - Alex
[20:11:01][Debug]: Alex released lock Kerbal - Aldvey Kerman - Alex
[20:11:01][Debug]: Alex released lock Control - 2de7e086-395b-4a75-a3a3-bd8586db3c33 - Alex
[20:11:01][Debug]: Alex released lock Update - 2de7e086-395b-4a75-a3a3-bd8586db3c33 - Alex
[20:11:01][Debug]: Alex released lock UnloadedUpdate - ab2e5857-0ad1-4ab8-b1c0-1176a951c7b2 - Alex
[20:11:01][Debug]: Alex released lock UnloadedUpdate - 95ec6e8e-c993-4791-ae0e-99b00c4c3ae4 - Alex
[20:11:01][Debug]: Alex released lock UnloadedUpdate - 2de7e086-395b-4a75-a3a3-bd8586db3c33 - Alex
[20:11:01][Debug]: Alex released lock UnloadedUpdate - fed98f4d-3f7f-4431-ba4d-026ce9ae3adf - Alex
[20:11:01][Debug]: Alex released lock UnloadedUpdate - cb943f34-0407-42e6-a123-e871eed848d5 - Alex
[20:11:05][Debug]: Performing backups...
[20:11:05][Debug]: Backups done
[20:11:10][Warning]: There is a new version of LMP! Please download it! Current: 0.29.0 Latest: 0.29.1
[20:11:10][Debug]: Your version is compatible with the latest version so you will still be listed in the master servers.
[20:11:10][Debug]: Performing backups...
[20:11:10][Debug]: Backups done
[20:11:12][Debug]: Alex acquired lock UnloadedUpdate - ab2e5857-0ad1-4ab8-b1c0-1176a951c7b2 - Alex
[20:11:12][Debug]: Alex acquired lock UnloadedUpdate - 95ec6e8e-c993-4791-ae0e-99b00c4c3ae4 - Alex
[20:11:12][Debug]: Alex acquired lock UnloadedUpdate - cb943f34-0407-42e6-a123-e871eed848d5 - Alex
[20:11:12][Debug]: Alex acquired lock UnloadedUpdate - fed98f4d-3f7f-4431-ba4d-026ce9ae3adf - Alex
[20:11:12][Debug]: Alex acquired lock UnloadedUpdate - 2de7e086-395b-4a75-a3a3-bd8586db3c33 - Alex
[20:11:15][Debug]: Performing backups...
[20:11:15][Debug]: Backups done
[20:11:20][Debug]: Performing backups...
[20:11:20][Debug]: Backups done
[20:11:24][Debug]: Alex released lock UnloadedUpdate - 2de7e086-395b-4a75-a3a3-bd8586db3c33 - Alex
[20:11:24][Debug]: Alex released lock UnloadedUpdate - ab2e5857-0ad1-4ab8-b1c0-1176a951c7b2 - Alex
[20:11:24][Debug]: Alex released lock UnloadedUpdate - 95ec6e8e-c993-4791-ae0e-99b00c4c3ae4 - Alex
[20:11:24][Debug]: Alex released lock UnloadedUpdate - cb943f34-0407-42e6-a123-e871eed848d5 - Alex
[20:11:24][Debug]: Alex released lock UnloadedUpdate - fed98f4d-3f7f-4431-ba4d-026ce9ae3adf - Alex
[20:11:24][Debug]: Alex released lock UnloadedUpdate - 9cae1a46-c74c-460c-9145-e4d50ab1a96b - Alex
[20:11:25][Debug]: Performing backups...
[20:11:25][Debug]: Backups done
[20:11:30][Debug]: Alex acquired lock UnloadedUpdate - 2de7e086-395b-4a75-a3a3-bd8586db3c33 - Alex
[20:11:30][Debug]: Alex acquired lock UnloadedUpdate - cb943f34-0407-42e6-a123-e871eed848d5 - Alex
[20:11:30][Debug]: Alex acquired lock UnloadedUpdate - ab2e5857-0ad1-4ab8-b1c0-1176a951c7b2 - Alex
[20:11:30][Debug]: Alex acquired lock UnloadedUpdate - 95ec6e8e-c993-4791-ae0e-99b00c4c3ae4 - Alex
[20:11:30][Debug]: Alex acquired lock UnloadedUpdate - 9cae1a46-c74c-460c-9145-e4d50ab1a96b - Alex
[20:11:30][Debug]: Alex acquired lock UnloadedUpdate - fed98f4d-3f7f-4431-ba4d-026ce9ae3adf - Alex
[20:11:30][Debug]: Performing backups...
[20:11:30][Debug]: Backups done
[20:11:35][Debug]: Performing backups...
[20:11:35][Debug]: Backups done
[20:11:40][Warning]: There is a new version of LMP! Please download it! Current: 0.29.0 Latest: 0.29.1
[20:11:40][Debug]: Your version is compatible with the latest version so you will still be listed in the master servers.
[20:11:40][Debug]: Performing backups...
[20:11:40][Debug]: Backups done
[20:11:45][Debug]: Performing backups...
[20:11:45][Debug]: Backups done
[20:11:50][Debug]: Performing backups...
[20:11:50][Debug]: Backups done
[20:11:55][Debug]: Performing backups...
[20:11:55][Debug]: Backups done
[20:12:00][Debug]: Performing backups...
[20:12:00][Debug]: Backups done
[20:12:05][Debug]: Performing backups...
[20:12:05][Debug]: Backups done
[20:12:10][Warning]: There is a new version of LMP! Please download it! Current: 0.29.0 Latest: 0.29.1
[20:12:10][Debug]: Your version is compatible with the latest version so you will still be listed in the master servers.
[20:12:10][Debug]: Performing backups...
[20:12:10][Debug]: Backups done
[20:12:15][Debug]: Performing backups...
[20:12:15][Debug]: Backups done
[20:12:20][Debug]: Performing backups...
[20:12:20][Debug]: Backups done
[20:12:25][Debug]: Performing backups...
[20:12:25][Debug]: Backups done
[20:12:30][Debug]: Performing backups...
[20:12:30][Debug]: Backups done
[20:12:35][Debug]: Performing backups...
[20:12:35][Debug]: Backups done
[20:12:40][Warning]: There is a new version of LMP! Please download it! Current: 0.29.0 Latest: 0.29.1
[20:12:40][Debug]: Your version is compatible with the latest version so you will still be listed in the master servers.
[20:12:40][Debug]: Performing backups...
[20:12:40][Debug]: Backups done
[20:12:45][Debug]: Performing backups...
[20:12:45][Debug]: Backups done
[20:12:50][Debug]: Performing backups...
[20:12:50][Debug]: Backups done
[20:12:55][Debug]: Performing backups...
[20:12:55][Debug]: Backups done
[20:13:00][Debug]: Performing backups...
[20:13:00][Debug]: Backups done
[20:13:05][Debug]: Performing backups...
[20:13:05][Debug]: Backups done
[20:13:10][Warning]: There is a new version of LMP! Please download it! Current: 0.29.0 Latest: 0.29.1
[20:13:10][Debug]: Your version is compatible with the latest version so you will still be listed in the master servers.
[20:13:10][Debug]: Performing backups...
[20:13:10][Debug]: Backups done
[20:13:15][Debug]: Performing backups...
[20:13:15][Debug]: Backups done
[20:13:20][Debug]: Performing backups...
[20:13:20][Debug]: Backups done
[20:13:25][Debug]: Performing backups...
[20:13:25][Debug]: Backups done
[20:13:30][Debug]: Performing backups...
[20:13:30][Debug]: Backups done
[20:13:35][Debug]: Performing backups...
[20:13:35][Debug]: Backups done
[20:13:40][Warning]: There is a new version of LMP! Please download it! Current: 0.29.0 Latest: 0.29.1
[20:13:40][Debug]: Your version is compatible with the latest version so you will still be listed in the master servers.
[20:13:40][Debug]: Performing backups...
[20:13:40][Debug]: Backups done
[20:13:45][Debug]: Performing backups...
[20:13:45][Debug]: Backups done
[20:13:50][Debug]: Performing backups...
[20:13:50][Debug]: Backups done
[20:13:55][Debug]: Performing backups...
[20:13:55][Debug]: Backups done
[20:14:00][Debug]: Performing backups...
[20:14:00][Debug]: Backups done
[20:14:05][Debug]: Performing backups...
[20:14:05][Debug]: Backups done
[20:14:10][Warning]: There is a new version of LMP! Please download it! Current: 0.29.0 Latest: 0.29.1
[20:14:10][Debug]: Your version is compatible with the latest version so you will still be listed in the master servers.
[20:14:10][Debug]: Performing backups...
[20:14:10][Debug]: Backups done
[20:14:15][Debug]: Performing backups...
[20:14:15][Debug]: Backups done
[20:14:20][Debug]: Performing backups...
[20:14:20][Debug]: Backups done
[20:14:25][Debug]: Performing backups...
[20:14:25][Debug]: Backups done
[20:14:30][Debug]: Performing backups...
[20:14:30][Debug]: Backups done
[20:14:35][Debug]: Performing backups...
[20:14:35][Debug]: Backups done
[20:14:40][Warning]: There is a new version of LMP! Please download it! Current: 0.29.0 Latest: 0.29.1
[20:14:40][Debug]: Your version is compatible with the latest version so you will still be listed in the master servers.
[20:14:40][Debug]: Performing backups...
[20:14:40][Debug]: Backups done
[20:14:45][Debug]: Performing backups...
[20:14:45][Debug]: Backups done
[20:14:50][Debug]: Performing backups...
[20:14:50][Debug]: Backups done
[20:14:55][Debug]: Performing backups...
[20:14:55][Debug]: Backups done
[20:15:00][Debug]: Performing backups...
[20:15:00][Debug]: Backups done
[20:15:05][Debug]: Performing backups...
[20:15:05][Debug]: Backups done
[20:15:10][Warning]: There is a new version of LMP! Please download it! Current: 0.29.0 Latest: 0.29.1
[20:15:10][Debug]: Your version is compatible with the latest version so you will still be listed in the master servers.
[20:15:10][Debug]: Performing backups...
[20:15:10][Debug]: Backups done
[20:15:15][Debug]: Performing backups...
[20:15:15][Debug]: Backups done
[20:15:20][Debug]: Performing backups...
[20:15:20][Debug]: Backups done
[20:15:25][Debug]: Performing backups...
[20:15:25][Debug]: Backups done
[20:15:30][Debug]: Performing backups...
[20:15:30][Debug]: Backups done
[20:15:35][Debug]: Performing backups...
[20:15:35][Debug]: Backups done
[20:15:40][Warning]: There is a new version of LMP! Please download it! Current: 0.29.0 Latest: 0.29.1
[20:15:40][Debug]: Your version is compatible with the latest version so you will still be listed in the master servers.
[20:15:40][Debug]: Performing backups...
[20:15:40][Debug]: Backups done
[20:15:45][Debug]: Performing backups...
[20:15:45][Debug]: Backups done
[20:15:50][Debug]: Performing backups...
[20:15:50][Debug]: Backups done
[20:15:55][Debug]: Performing backups...
[20:15:55][Debug]: Backups done
[20:16:00][Debug]: Performing backups...
[20:16:00][Debug]: Backups done
[20:16:05][Debug]: Performing backups...
[20:16:05][Debug]: Backups done
