[23:01:33][Info]: Remember! Quit the server by using 'Control + C' so a backup is properly made before closing!
[23:01:33][Info]: Documentation available at https://github.com/LunaMultiplayer/LunaMultiplayer/wiki
[23:01:33][LMP]: Luna Server version: 0.29.0 (/home/alex/Documents/ksp_server/lmp_server_out/)
[23:01:33][Debug]: Loading universe... 0.632KB
[23:01:33][Debug]: Loading groups...
[23:01:33][Debug]: Loading settings...
[23:01:33][Debug]: Loading mod control...
[23:01:33][Debug]: Loading plugins...
[23:01:33][LMP]: Starting 'Luna Server' on Address :: Port 8800... 
[23:01:33][Debug]: UPnP active. Port: 8800 Udp opened!
[23:01:34][Debug]: UPnP for website active. Port: 8800 Tcp opened!
[23:01:34][LMP]: All systems up and running. Поехали!
[23:01:34][Debug]: Performing backups...
[23:01:34][LMP]: Master server registration is active
[23:01:34][LMP]: End of stdin, stopping command listener
[23:01:34][Debug]: Lidgren: ERRORMESSAGE -- Packet parsing error: Value cannot be null. (Parameter 'key') from [::ffff:127.64.117.95]:60770
[23:01:34][Debug]: Backups done
[23:01:34][Fatal]: ERROR in thread receive! Details: System.Exception: Cannot deserialize this type of message!
   at LmpCommon.Message.Base.FactoryBase.GetMessageByType(UInt16 messageType) in /home/alex/Documents/ksp_server/LunaMultiplayer/LmpCommon/Message/Base/FactoryBase.cs:line 133
   at LmpCommon.Message.Base.FactoryBase.Deserialize(NetIncomingMessage lidgrenMsg, Int64 receiveTime) in /home/alex/Documents/ksp_server/LunaMultiplayer/LmpCommon/Message/Base/FactoryBase.cs:line 64
   at Server.Server.LidgrenServer.StartReceivingMessagesAsync()
[23:01:39][Debug]: Performing backups...
[23:01:39][Debug]: Backups done
[23:01:44][Debug]: Performing backups...
[23:01:44][Debug]: Backups done
[23:01:49][Debug]: Performing backups...
[23:01:49][Debug]: Backups done
[23:01:54][Debug]: Performing backups...
[23:01:54][Debug]: Backups done
[23:01:59][Debug]: Performing backups...
[23:01:59][Debug]: Backups done
[23:02:04][Warning]: There is a new version of LMP! Please download it! Current: 0.29.0 Latest: 0.29.1
[23:02:04][Debug]: Your version is compatible with the latest version so you will still be listed in the master servers.
[23:02:04][Debug]: Performing backups...
[23:02:04][Debug]: Backups done
[23:02:09][Debug]: Performing backups...
[23:02:09][Debug]: Backups done
[23:02:14][Debug]: Performing backups...
[23:02:14][Debug]: Backups done
[23:02:19][Debug]: Performing backups...
[23:02:19][Debug]: Backups done
[23:02:24][Debug]: Performing backups...
[23:02:24][Debug]: Backups done
[23:02:29][Debug]: Performing backups...
[23:02:29][Debug]: Backups done
[23:02:34][Warning]: There is a new version of LMP! Please download it! Current: 0.29.0 Latest: 0.29.1
[23:02:34][Debug]: Your version is compatible with the latest version so you will still be listed in the master servers.
[23:02:34][Debug]: Performing backups...
[23:02:34][Debug]: Backups done
[23:02:39][Debug]: Performing backups...
[23:02:39][Debug]: Backups done
[23:02:44][Debug]: Performing backups...
[23:02:44][Debug]: Backups done
[23:02:49][Debug]: Performing backups...
[23:02:49][Debug]: Backups done
[23:02:54][Debug]: Performing backups...
[23:02:54][Debug]: Backups done
[23:02:54][LMP]: HTTP vessel upload: 00000000-0000-0000-0000-000000000001 (294 bytes)
[23:02:54][Debug]: Vessel 00000000-0000-0000-0000-000000000001 saved to disk but couldn't parse into memory: Sequence contains no elements
[23:02:59][Debug]: Performing backups...
[23:02:59][Debug]: Backups done
[23:03:04][Warning]: There is a new version of LMP! Please download it! Current: 0.29.0 Latest: 0.29.1
[23:03:04][Debug]: Your version is compatible with the latest version so you will still be listed in the master servers.
[23:03:04][Debug]: Performing backups...
[23:03:04][Debug]: Backups done
[23:03:07][LMP]: HTTP vessel upload: 00000000-0000-0000-0000-000000000002 (2266 bytes)
[23:03:07][Debug]: Vessel 00000000-0000-0000-0000-000000000002 saved to disk but couldn't parse into memory: Sequence contains no elements
[23:03:09][Debug]: Performing backups...
[23:03:09][Debug]: Backups done
[23:03:14][Debug]: Performing backups...
[23:03:14][Debug]: Backups done
[23:03:15][LMP]: HTTP vessel upload: 00000000-0000-0000-0000-000000000002 (2266 bytes)
[23:03:15][Debug]: Vessel 00000000-0000-0000-0000-000000000002 saved to disk but couldn't parse into memory: Sequence contains no elements
[23:03:19][Debug]: Performing backups...
[23:03:19][Debug]: Backups done
[23:03:20][LMP]: HTTP vessel upload: 00000000-0000-0000-0000-000000000002 (2266 bytes)
[23:03:20][Debug]: Vessel 00000000-0000-0000-0000-000000000002 saved to disk but couldn't parse into memory: Sequence contains no elements
[23:03:24][Debug]: Performing backups...
[23:03:24][Debug]: Backups done
[23:03:29][Debug]: Performing backups...
[23:03:29][Debug]: Backups done
[23:03:34][Warning]: There is a new version of LMP! Please download it! Current: 0.29.0 Latest: 0.29.1
[23:03:34][Debug]: Your version is compatible with the latest version so you will still be listed in the master servers.
[23:03:34][Debug]: Performing backups...
[23:03:34][Debug]: Backups done
[23:03:35][LMP]: HTTP vessel upload: fd4ed99a-be2b-4d67-9d99-8ff815a01380 (1870 bytes)
[23:03:35][LMP]: HTTP vessel upload: cbca7bba-e79f-4de2-a172-82ebeb8da959 (1869 bytes)
[23:03:39][Debug]: Performing backups...
[23:03:39][Debug]: Backups done
[23:03:44][Debug]: Performing backups...
[23:03:44][Debug]: Backups done
[23:03:49][Debug]: Performing backups...
[23:03:49][Debug]: Backups done
[23:03:54][Debug]: Performing backups...
[23:03:54][Debug]: Backups done
[23:03:59][Debug]: Performing backups...
[23:03:59][Debug]: Backups done
[23:04:04][Warning]: There is a new version of LMP! Please download it! Current: 0.29.0 Latest: 0.29.1
[23:04:04][Debug]: Your version is compatible with the latest version so you will still be listed in the master servers.
[23:04:04][Debug]: Performing backups...
[23:04:04][Debug]: Backups done
[23:04:07][LMP]: HTTP vessel upload: 00000000-0000-0000-0000-000000000099 (2266 bytes)
[23:04:07][Debug]: Vessel 00000000-0000-0000-0000-000000000099 saved to disk but couldn't parse into memory: Sequence contains no elements
[23:04:09][Debug]: Performing backups...
[23:04:09][Debug]: Backups done
[23:04:14][Debug]: Performing backups...
[23:04:14][Debug]: Backups done
[23:04:19][Debug]: Performing backups...
[23:04:19][Debug]: Backups done
[23:04:24][Debug]: Performing backups...
[23:04:24][Debug]: Backups done
[23:04:29][Debug]: Performing backups...
[23:04:29][Debug]: Backups done
[23:04:34][Warning]: There is a new version of LMP! Please download it! Current: 0.29.0 Latest: 0.29.1
[23:04:34][Debug]: Your version is compatible with the latest version so you will still be listed in the master servers.
[23:04:34][Debug]: Performing backups...
[23:04:34][Debug]: Backups done
[23:04:39][Debug]: Performing backups...
[23:04:39][Debug]: Backups done
[23:04:44][Debug]: Performing backups...
[23:04:44][Debug]: Backups done
[23:04:49][Debug]: Performing backups...
[23:04:49][Debug]: Backups done
[23:04:54][Debug]: Performing backups...
[23:04:54][Debug]: Backups done
[23:04:59][Debug]: Performing backups...
[23:04:59][Debug]: Backups done
[23:05:04][Warning]: There is a new version of LMP! Please download it! Current: 0.29.0 Latest: 0.29.1
[23:05:04][Debug]: Your version is compatible with the latest version so you will still be listed in the master servers.
[23:05:04][Debug]: Performing backups...
[23:05:04][Debug]: Backups done
[23:05:09][Debug]: Performing backups...
[23:05:09][Debug]: Backups done
[23:05:14][Debug]: Performing backups...
[23:05:14][Debug]: Backups done
[23:05:19][Debug]: Performing backups...
[23:05:19][Debug]: Backups done
[23:05:24][Debug]: Performing backups...
[23:05:24][Debug]: Backups done
