[21:30:27][Info]: Remember! Quit the server by using 'Control + C' so a backup is properly made before closing!
[21:30:27][Info]: Documentation available at https://github.com/LunaMultiplayer/LunaMultiplayer/wiki
[21:30:27][LMP]: Luna Server version: 0.29.0 (/home/alex/Documents/ksp_server/lmp_server_out/)
[21:30:27][Debug]: Loading universe... 0.631KB
[21:30:27][Debug]: Loading groups...
[21:30:27][Debug]: Loading settings...
[21:30:27][Debug]: Loading mod control...
[21:30:27][Debug]: Loading plugins...
[21:30:27][LMP]: Starting 'Luna Server' on Address :: Port 8800... 
[21:30:28][Debug]: UPnP active. Port: 8800 Udp opened!
[21:30:28][Debug]: UPnP for website active. Port: 8800 Tcp opened!
[21:30:28][LMP]: All systems up and running. Поехали!
[21:30:28][Debug]: Performing backups...
[21:30:28][LMP]: Master server registration is active
[21:30:28][LMP]: End of stdin, stopping command listener
[21:30:28][Debug]: Lidgren: ERRORMESSAGE -- Packet parsing error: Value cannot be null. (Parameter 'key') from [::ffff:127.64.117.95]:53117
[21:30:28][Debug]: Lidgren: ERRORMESSAGE -- Packet parsing error: Value cannot be null. (Parameter 'key') from [::ffff:127.64.117.95]:53117
[21:30:28][Fatal]: ERROR in thread receive! Details: System.Exception: Cannot deserialize this type of message!
   at LmpCommon.Message.Base.FactoryBase.GetMessageByType(UInt16 messageType) in /home/alex/Documents/ksp_server/LunaMultiplayer/LmpCommon/Message/Base/FactoryBase.cs:line 133
   at LmpCommon.Message.Base.FactoryBase.Deserialize(NetIncomingMessage lidgrenMsg, Int64 receiveTime) in /home/alex/Documents/ksp_server/LunaMultiplayer/LmpCommon/Message/Base/FactoryBase.cs:line 64
   at Server.Server.LidgrenServer.StartReceivingMessagesAsync()
[21:30:28][Debug]: Backups done
[21:30:33][Debug]: Performing backups...
[21:30:33][Debug]: Backups done
[21:30:38][Debug]: Performing backups...
[21:30:38][Debug]: Backups done
[21:30:43][Debug]: Performing backups...
[21:30:43][Debug]: Backups done
[21:30:48][Debug]: Performing backups...
[21:30:48][Debug]: Backups done
[21:30:53][Debug]: Performing backups...
[21:30:53][Debug]: Backups done
[21:30:58][Warning]: There is a new version of LMP! Please download it! Current: 0.29.0 Latest: 0.29.1
[21:30:58][Debug]: Your version is compatible with the latest version so you will still be listed in the master servers.
[21:30:58][Debug]: Performing backups...
[21:30:58][Debug]: Backups done
[21:31:03][Debug]: Performing backups...
[21:31:03][Debug]: Backups done
[21:31:08][Debug]: Performing backups...
[21:31:08][Debug]: Backups done
[21:31:13][Debug]: Performing backups...
[21:31:13][Debug]: Backups done
[21:31:18][Debug]: Performing backups...
[21:31:18][Debug]: Backups done
[21:31:23][LMP]: HTTP vessel upload: deadbeef-dead-beef-dead-beefdeadbeef (681 bytes)
[21:31:23][Debug]: Vessel deadbeef-dead-beef-dead-beefdeadbeef saved to disk but couldn't parse into memory: Sequence contains no elements
[21:31:23][Debug]: Performing backups...
[21:31:23][Debug]: Backups done
[21:31:28][Warning]: There is a new version of LMP! Please download it! Current: 0.29.0 Latest: 0.29.1
[21:31:28][Debug]: Your version is compatible with the latest version so you will still be listed in the master servers.
[21:31:28][Debug]: Performing backups...
[21:31:28][Debug]: Backups done
[21:31:33][Debug]: Performing backups...
[21:31:33][Debug]: Backups done
[21:31:38][Debug]: Performing backups...
[21:31:38][Debug]: Backups done
[21:31:41][LMP]: HTTP vessel upload: deadbeef-dead-beef-dead-beefdeadbeef (681 bytes)
[21:31:41][Debug]: Vessel deadbeef-dead-beef-dead-beefdeadbeef saved to disk but couldn't parse into memory: Sequence contains no elements
[21:31:43][Debug]: Performing backups...
[21:31:43][Debug]: Backups done
[21:31:48][Debug]: Performing backups...
[21:31:48][Debug]: Backups done
[21:31:53][Debug]: Performing backups...
[21:31:53][Debug]: Backups done
[21:31:58][Warning]: There is a new version of LMP! Please download it! Current: 0.29.0 Latest: 0.29.1
[21:31:58][Debug]: Your version is compatible with the latest version so you will still be listed in the master servers.
[21:31:58][Debug]: Performing backups...
[21:31:58][Debug]: Backups done
[21:32:03][Debug]: Performing backups...
[21:32:03][Debug]: Backups done
[21:32:08][Debug]: Performing backups...
[21:32:08][Debug]: Backups done
[21:32:13][Debug]: Performing backups...
[21:32:13][Debug]: Backups done
[21:32:18][Debug]: Performing backups...
[21:32:18][Debug]: Backups done
[21:32:23][Debug]: Performing backups...
[21:32:23][Debug]: Backups done
[21:32:28][Warning]: There is a new version of LMP! Please download it! Current: 0.29.0 Latest: 0.29.1
[21:32:28][Debug]: Your version is compatible with the latest version so you will still be listed in the master servers.
[21:32:28][Debug]: Performing backups...
[21:32:28][Debug]: Backups done
[21:32:33][Debug]: Performing backups...
[21:32:33][Debug]: Backups done
[21:32:38][Debug]: Performing backups...
[21:32:38][Debug]: Backups done
[21:32:43][Debug]: Performing backups...
[21:32:43][Debug]: Backups done
[21:32:48][Debug]: Performing backups...
[21:32:48][Debug]: Backups done
[21:32:53][Debug]: Performing backups...
[21:32:53][Debug]: Backups done
[21:32:58][Warning]: There is a new version of LMP! Please download it! Current: 0.29.0 Latest: 0.29.1
[21:32:58][Debug]: Your version is compatible with the latest version so you will still be listed in the master servers.
[21:32:58][Debug]: Performing backups...
[21:32:58][Debug]: Backups done
[21:33:03][Debug]: Performing backups...
[21:33:03][Debug]: Backups done
[21:33:08][Debug]: Performing backups...
[21:33:08][Debug]: Backups done
[21:33:13][Debug]: Performing backups...
[21:33:13][Debug]: Backups done
[21:33:18][Debug]: Performing backups...
[21:33:18][Debug]: Backups done
[21:33:23][Debug]: Performing backups...
[21:33:23][Debug]: Backups done
[21:33:28][Warning]: There is a new version of LMP! Please download it! Current: 0.29.0 Latest: 0.29.1
[21:33:28][Debug]: Your version is compatible with the latest version so you will still be listed in the master servers.
[21:33:28][Debug]: Performing backups...
[21:33:28][Debug]: Backups done
[21:33:33][Debug]: Performing backups...
[21:33:33][Debug]: Backups done
[21:33:38][Debug]: Performing backups...
[21:33:38][Debug]: Backups done
[21:33:43][Debug]: Performing backups...
[21:33:43][Debug]: Backups done
[21:33:48][Debug]: Performing backups...
[21:33:48][Debug]: Backups done
[21:33:53][Debug]: Performing backups...
[21:33:53][Debug]: Backups done
[21:33:58][Warning]: There is a new version of LMP! Please download it! Current: 0.29.0 Latest: 0.29.1
[21:33:58][Debug]: Your version is compatible with the latest version so you will still be listed in the master servers.
[21:33:58][Debug]: Performing backups...
[21:33:58][Debug]: Backups done
[21:34:00][LMP]: HTTP vessel upload: 085e0b36-723f-4040-8bb3-e09874901163 (2336 bytes)
[21:34:00][LMP]: HTTP vessel upload: 4ae5ca2e-a9ff-40bb-a44a-1d24bd6d1f75 (2334 bytes)
[21:34:00][LMP]: HTTP vessel upload: ba1201b1-8df8-449c-a874-91062ba079a3 (10084 bytes)
[21:34:00][Debug]: Vessel ba1201b1-8df8-449c-a874-91062ba079a3 saved to disk but couldn't parse into memory: Sequence contains no elements
[21:34:00][LMP]: HTTP vessel upload: d6f8e81a-441c-49f5-bf0c-bb7b04feac85 (2333 bytes)
[21:34:00][LMP]: HTTP vessel upload: 94337dd7-7d1f-44fd-9579-ce0a0a94e706 (1583 bytes)
[21:34:00][Debug]: Vessel 94337dd7-7d1f-44fd-9579-ce0a0a94e706 saved to disk but couldn't parse into memory: Sequence contains no elements
[21:34:01][LMP]: HTTP vessel upload: adbf1130-6f0b-4759-bec4-711a04aeaf40 (1583 bytes)
[21:34:01][Debug]: Vessel adbf1130-6f0b-4759-bec4-711a04aeaf40 saved to disk but couldn't parse into memory: Sequence contains no elements
[21:34:01][LMP]: HTTP vessel upload: 5a833023-8c9e-4e5b-94de-370199b3827e (1583 bytes)
[21:34:01][Debug]: Vessel 5a833023-8c9e-4e5b-94de-370199b3827e saved to disk but couldn't parse into memory: Sequence contains no elements
[21:34:03][Debug]: Performing backups...
[21:34:03][Debug]: Backups done
[21:34:08][Debug]: Performing backups...
[21:34:08][Debug]: Backups done
[21:34:13][Debug]: Performing backups...
[21:34:13][Debug]: Backups done
[21:34:18][Debug]: Performing backups...
[21:34:18][Debug]: Backups done
[21:34:23][Debug]: Performing backups...
[21:34:23][Debug]: Backups done
[21:34:28][Warning]: There is a new version of LMP! Please download it! Current: 0.29.0 Latest: 0.29.1
[21:34:28][Debug]: Your version is compatible with the latest version so you will still be listed in the master servers.
[21:34:28][Debug]: Performing backups...
[21:34:28][Debug]: Backups done
[21:34:33][Debug]: Performing backups...
[21:34:33][Debug]: Backups done
[21:34:38][Debug]: Performing backups...
[21:34:38][Debug]: Backups done
[21:34:43][Debug]: Performing backups...
[21:34:43][Debug]: Backups done
[21:34:48][Debug]: Performing backups...
[21:34:48][Debug]: Backups done
[21:34:53][Debug]: Performing backups...
[21:34:53][Debug]: Backups done
