[19:32:40][Info]: Remember! Quit the server by using 'Control + C' so a backup is properly made before closing!
[19:32:40][Info]: Documentation available at https://github.com/LunaMultiplayer/LunaMultiplayer/wiki
[19:32:40][LMP]: Luna Server version: 0.29.0 (/home/alex/Documents/ksp_server/lmp_server_out/)
[19:32:40][Debug]: Loading universe... 0.632KB
[19:32:40][Debug]: Loading groups...
[19:32:40][Debug]: Loading settings...
[19:32:40][Debug]: Loading mod control...
[19:32:40][Debug]: Loading plugins...
[19:32:40][LMP]: Starting 'Luna Server' on Address :: Port 8800... 
[19:32:40][Debug]: UPnP active. Port: 8800 Udp opened!
[19:32:41][Debug]: UPnP for website active. Port: 8900 Tcp opened!
[19:32:41][LMP]: All systems up and running. Поехали!
[19:32:41][LMP]: Master server registration is active
[19:32:41][LMP]: End of stdin, stopping command listener
[19:32:43][Debug]: Detected NAT addresses: 46.110.37.2:34836
[19:33:11][Warning]: There is a new version of LMP! Please download it! Current: 0.29.0 Latest: 0.29.1
[19:33:11][Debug]: Your version is compatible with the latest version so you will still be listed in the master servers.
[19:33:41][Warning]: There is a new version of LMP! Please download it! Current: 0.29.0 Latest: 0.29.1
[19:33:41][Debug]: Your version is compatible with the latest version so you will still be listed in the master servers.
[19:34:11][Warning]: There is a new version of LMP! Please download it! Current: 0.29.0 Latest: 0.29.1
[19:34:11][Debug]: Your version is compatible with the latest version so you will still be listed in the master servers.
[19:34:37][LMP]: New client Connection from ::ffff:127.200.212.88:18130
[19:34:37][Debug]: Online Players: 0, connected: 1
[19:34:37][LMP]: Client Alex (9cb5cf425960fd77d2ef347c2cc4c5361badc866) handshake successful, LMP Version: 0.29.0, KSP Version: Unknown
[19:34:37][Debug]: Online Players: 1, connected: 1
[19:34:37][Debug]: Sending Alex 51 kerbals...
[19:34:38][Debug]: Sending Alex 1 possible subspaces
[19:34:41][Warning]: There is a new version of LMP! Please download it! Current: 0.29.0 Latest: 0.29.1
[19:34:41][Debug]: Your version is compatible with the latest version so you will still be listed in the master servers.
[19:34:41][Debug]: Performing backups...
[19:34:41][Debug]: Backups done
[19:34:46][Debug]: Performing backups...
[19:34:46][Debug]: Backups done
[19:34:47][Debug]: Alex acquired lock AsteroidComet - Alex
[19:34:47][Debug]: Alex synced with subspace '375' created by Server
[19:34:51][Debug]: Performing backups...
[19:34:51][Debug]: Backups done
[19:34:56][Debug]: Performing backups...
[19:34:56][Debug]: Backups done
[19:35:01][Debug]: Performing backups...
[19:35:01][Debug]: Backups done
[19:35:06][Debug]: Performing backups...
[19:35:06][Debug]: Backups done
[19:35:11][Warning]: There is a new version of LMP! Please download it! Current: 0.29.0 Latest: 0.29.1
[19:35:11][Debug]: Your version is compatible with the latest version so you will still be listed in the master servers.
[19:35:11][Debug]: Performing backups...
[19:35:11][Debug]: Backups done
[19:35:16][Debug]: Performing backups...
[19:35:16][Debug]: Backups done
[19:35:21][Debug]: Performing backups...
[19:35:21][Debug]: Backups done
[19:35:26][Debug]: Performing backups...
[19:35:26][Debug]: Backups done
[19:35:31][Debug]: Performing backups...
[19:35:31][Debug]: Backups done
[19:35:36][Debug]: Performing backups...
[19:35:36][Debug]: Backups done
[19:35:40][Debug]: Alex acquired lock Kerbal - Aldvey Kerman - Alex
[19:35:41][Warning]: There is a new version of LMP! Please download it! Current: 0.29.0 Latest: 0.29.1
[19:35:41][Debug]: Your version is compatible with the latest version so you will still be listed in the master servers.
[19:35:41][Debug]: Performing backups...
[19:35:41][Debug]: Backups done
[19:35:46][Debug]: Performing backups...
[19:35:46][Debug]: Backups done
[19:35:46][Debug]: Alex acquired lock Control - 53184029-8b2c-4b95-af84-941c9d88a978 - Alex
[19:35:46][Debug]: Alex acquired lock Update - 53184029-8b2c-4b95-af84-941c9d88a978 - Alex
[19:35:46][Debug]: Alex acquired lock UnloadedUpdate - 53184029-8b2c-4b95-af84-941c9d88a978 - Alex
[19:35:46][Debug]: Alex acquired lock UnloadedUpdate - 294932aa-411f-4f8d-8286-07272c776149 - Alex
[19:35:51][Debug]: Performing backups...
[19:35:51][Debug]: Backups done
[19:35:56][Debug]: Performing backups...
[19:35:56][Debug]: Backups done
[19:36:01][Debug]: Performing backups...
[19:36:01][Debug]: Backups done
[19:36:06][Debug]: Performing backups...
[19:36:06][Debug]: Backups done
[19:36:11][Warning]: There is a new version of LMP! Please download it! Current: 0.29.0 Latest: 0.29.1
[19:36:11][Debug]: Your version is compatible with the latest version so you will still be listed in the master servers.
[19:36:11][Debug]: Performing backups...
[19:36:11][Debug]: Backups done
[19:36:16][Debug]: Performing backups...
[19:36:16][Debug]: Backups done
[19:36:21][Debug]: Performing backups...
[19:36:21][Debug]: Backups done
[19:36:26][Debug]: Performing backups...
[19:36:26][Debug]: Backups done
[19:36:31][Debug]: Performing backups...
[19:36:31][Debug]: Backups done
[19:36:36][Debug]: Performing backups...
[19:36:36][Debug]: Backups done
[19:36:41][Warning]: There is a new version of LMP! Please download it! Current: 0.29.0 Latest: 0.29.1
[19:36:41][Debug]: Your version is compatible with the latest version so you will still be listed in the master servers.
[19:36:41][Debug]: Performing backups...
[19:36:41][Debug]: Backups done
[19:36:46][Debug]: Performing backups...
[19:36:46][Debug]: Backups done
[19:36:51][Debug]: Performing backups...
[19:36:51][Debug]: Backups done
[19:36:56][Debug]: Performing backups...
[19:36:56][Debug]: Backups done
[19:37:01][Debug]: Performing backups...
[19:37:01][Debug]: Backups done
[19:37:06][Debug]: Performing backups...
[19:37:06][Debug]: Backups done
[19:37:11][Warning]: There is a new version of LMP! Please download it! Current: 0.29.0 Latest: 0.29.1
[19:37:11][Debug]: Your version is compatible with the latest version so you will still be listed in the master servers.
[19:37:11][Debug]: Performing backups...
[19:37:11][Debug]: Backups done
[19:37:16][Debug]: Performing backups...
[19:37:16][Debug]: Backups done
[19:37:21][Debug]: Performing backups...
[19:37:21][Debug]: Backups done
[19:37:26][Debug]: Performing backups...
[19:37:26][Debug]: Backups done
[19:37:31][Debug]: Performing backups...
[19:37:31][Debug]: Backups done
[19:37:36][Debug]: Performing backups...
[19:37:36][Debug]: Backups done
[19:37:41][Warning]: There is a new version of LMP! Please download it! Current: 0.29.0 Latest: 0.29.1
[19:37:41][Debug]: Your version is compatible with the latest version so you will still be listed in the master servers.
[19:37:41][Debug]: Performing backups...
[19:37:41][Debug]: Backups done
[19:37:46][Debug]: Performing backups...
[19:37:46][Debug]: Backups done
[19:37:51][Debug]: Performing backups...
[19:37:51][Debug]: Backups done
[19:37:56][Debug]: Performing backups...
[19:37:56][Debug]: Backups done
[19:38:01][Debug]: Performing backups...
[19:38:01][Debug]: Backups done
[19:38:06][Debug]: Performing backups...
[19:38:06][Debug]: Backups done
[19:38:11][Warning]: There is a new version of LMP! Please download it! Current: 0.29.0 Latest: 0.29.1
[19:38:11][Debug]: Your version is compatible with the latest version so you will still be listed in the master servers.
[19:38:11][Debug]: Performing backups...
[19:38:11][Debug]: Backups done
[19:38:13][Debug]: Alex acquired lock UnloadedUpdate - de1a5746-7964-4917-89e1-9d359a63ca19 - Alex
[19:38:13][Debug]: Alex acquired lock Update - de1a5746-7964-4917-89e1-9d359a63ca19 - Alex
[19:38:13][Debug]: Alex acquired lock UnloadedUpdate - f287407c-cb5e-44ce-a16c-57c688689533 - Alex
[19:38:13][Debug]: Alex acquired lock Update - f287407c-cb5e-44ce-a16c-57c688689533 - Alex
[19:38:13][Debug]: Alex acquired lock UnloadedUpdate - 9fb50384-7aea-400e-9d3d-429c685d715a - Alex
[19:38:13][Debug]: Alex acquired lock Update - 9fb50384-7aea-400e-9d3d-429c685d715a - Alex
[19:38:13][Debug]: Alex acquired lock UnloadedUpdate - 4b587344-a418-4f80-b69d-22907d99e1a9 - Alex
[19:38:13][Debug]: Alex acquired lock Update - 4b587344-a418-4f80-b69d-22907d99e1a9 - Alex
[19:38:13][Debug]: Alex acquired lock UnloadedUpdate - e1c32008-faca-4aac-98ea-a792219fea78 - Alex
[19:38:13][Debug]: Alex acquired lock Update - e1c32008-faca-4aac-98ea-a792219fea78 - Alex
[19:38:13][Debug]: Alex acquired lock UnloadedUpdate - e6657d9b-0684-4f8d-a3ec-d0e5b848eacd - Alex
[19:38:13][Debug]: Alex acquired lock Update - e6657d9b-0684-4f8d-a3ec-d0e5b848eacd - Alex
[19:38:16][Debug]: Performing backups...
[19:38:16][Debug]: Backups done
[19:38:21][Debug]: Performing backups...
[19:38:21][Debug]: Backups done
[19:38:26][Debug]: Performing backups...
[19:38:26][Debug]: Backups done
[19:38:31][Debug]: Performing backups...
[19:38:31][Debug]: Backups done
[19:38:36][Debug]: Performing backups...
[19:38:36][Debug]: Backups done
[19:38:41][Warning]: There is a new version of LMP! Please download it! Current: 0.29.0 Latest: 0.29.1
[19:38:41][Debug]: Your version is compatible with the latest version so you will still be listed in the master servers.
[19:38:41][Debug]: Performing backups...
[19:38:41][Debug]: Backups done
[19:38:46][Debug]: Performing backups...
[19:38:46][Debug]: Backups done
[19:38:51][Debug]: Performing backups...
[19:38:51][Debug]: Backups done
[19:38:56][Debug]: Performing backups...
[19:38:56][Debug]: Backups done
[19:39:01][Debug]: Performing backups...
[19:39:01][Debug]: Backups done
[19:39:06][Debug]: Performing backups...
[19:39:06][Debug]: Backups done
[19:39:11][Warning]: There is a new version of LMP! Please download it! Current: 0.29.0 Latest: 0.29.1
[19:39:11][Debug]: Your version is compatible with the latest version so you will still be listed in the master servers.
[19:39:11][Debug]: Performing backups...
[19:39:11][Debug]: Backups done
[19:39:16][Debug]: Performing backups...
[19:39:16][Debug]: Backups done
[19:39:19][Debug]: Alex is warping
[19:39:21][Debug]: Performing backups...
[19:39:21][Debug]: Backups done
[19:39:26][Debug]: Performing backups...
[19:39:26][Debug]: Backups done
[19:39:26][Debug]: Alex created the new subspace '376'
[19:39:26][Debug]: Removing abandoned subspace '375'
[19:39:29][Debug]: Alex is warping
[19:39:30][Debug]: Alex created the new subspace '377'
[19:39:30][Debug]: Removing abandoned subspace '376'
[19:39:31][Debug]: Performing backups...
[19:39:31][Debug]: Backups done
[19:39:36][Debug]: Performing backups...
[19:39:36][Debug]: Backups done
[19:39:41][Warning]: There is a new version of LMP! Please download it! Current: 0.29.0 Latest: 0.29.1
[19:39:41][Debug]: Your version is compatible with the latest version so you will still be listed in the master servers.
[19:39:41][Debug]: Performing backups...
[19:39:41][Debug]: Backups done
[19:39:46][Debug]: Performing backups...
[19:39:46][Debug]: Backups done
[19:39:51][Debug]: Performing backups...
[19:39:51][Debug]: Backups done
[19:39:56][Debug]: Performing backups...
[19:39:56][Debug]: Backups done
[19:40:01][Debug]: Performing backups...
[19:40:01][Debug]: Backups done
[19:40:06][Debug]: Performing backups...
[19:40:06][Debug]: Backups done
[19:40:11][Warning]: There is a new version of LMP! Please download it! Current: 0.29.0 Latest: 0.29.1
[19:40:11][Debug]: Your version is compatible with the latest version so you will still be listed in the master servers.
[19:40:11][Debug]: Performing backups...
[19:40:11][Debug]: Backups done
[19:40:16][Debug]: Performing backups...
[19:40:16][Debug]: Backups done
[19:40:21][Debug]: Performing backups...
[19:40:21][Debug]: Backups done
[19:40:21][Debug]: Alex released lock Update - de1a5746-7964-4917-89e1-9d359a63ca19 - Alex
[19:40:21][Debug]: Alex released lock Update - f287407c-cb5e-44ce-a16c-57c688689533 - Alex
[19:40:21][Debug]: Alex released lock Update - 9fb50384-7aea-400e-9d3d-429c685d715a - Alex
[19:40:21][Debug]: Alex released lock Update - e6657d9b-0684-4f8d-a3ec-d0e5b848eacd - Alex
[19:40:21][Debug]: Alex released lock Update - 4b587344-a418-4f80-b69d-22907d99e1a9 - Alex
[19:40:21][Debug]: Alex released lock Update - e1c32008-faca-4aac-98ea-a792219fea78 - Alex
[19:40:26][Debug]: Performing backups...
[19:40:26][Debug]: Backups done
[19:40:31][Debug]: Performing backups...
[19:40:31][Debug]: Backups done
[19:40:36][Debug]: Performing backups...
[19:40:36][Debug]: Backups done
[19:40:41][Warning]: There is a new version of LMP! Please download it! Current: 0.29.0 Latest: 0.29.1
[19:40:41][Debug]: Your version is compatible with the latest version so you will still be listed in the master servers.
[19:40:41][Debug]: Performing backups...
[19:40:41][Debug]: Backups done
[19:40:46][Debug]: Performing backups...
[19:40:46][Debug]: Backups done
[19:40:51][Debug]: Performing backups...
[19:40:51][Debug]: Backups done
[19:40:56][Debug]: Performing backups...
[19:40:56][Debug]: Backups done
[19:41:01][Debug]: Performing backups...
[19:41:01][Debug]: Backups done
[19:41:05][Debug]: Alex is warping
[19:41:06][Debug]: Performing backups...
[19:41:06][Debug]: Backups done
[19:41:10][Debug]: Alex released lock UnloadedUpdate - e1c32008-faca-4aac-98ea-a792219fea78 - Alex
[19:41:10][Debug]: Alex released lock UnloadedUpdate - de1a5746-7964-4917-89e1-9d359a63ca19 - Alex
[19:41:10][Debug]: Alex released lock UnloadedUpdate - f287407c-cb5e-44ce-a16c-57c688689533 - Alex
[19:41:10][Debug]: Alex released lock UnloadedUpdate - 9fb50384-7aea-400e-9d3d-429c685d715a - Alex
[19:41:10][Debug]: Alex released lock UnloadedUpdate - 4b587344-a418-4f80-b69d-22907d99e1a9 - Alex
[19:41:10][Debug]: Alex released lock UnloadedUpdate - e6657d9b-0684-4f8d-a3ec-d0e5b848eacd - Alex
[19:41:11][Warning]: There is a new version of LMP! Please download it! Current: 0.29.0 Latest: 0.29.1
[19:41:11][Debug]: Your version is compatible with the latest version so you will still be listed in the master servers.
[19:41:11][Debug]: Performing backups...
[19:41:11][Debug]: Backups done
[19:41:16][Debug]: Performing backups...
[19:41:16][Debug]: Backups done
[19:41:17][Debug]: Alex created the new subspace '378'
[19:41:17][Debug]: Removing abandoned subspace '377'
[19:41:21][Debug]: Performing backups...
[19:41:21][Debug]: Backups done
[19:41:23][Debug]: Alex is warping
[19:41:25][Debug]: Alex created the new subspace '379'
[19:41:25][Debug]: Removing abandoned subspace '378'
[19:41:25][Debug]: Alex is warping
[19:41:26][Debug]: Performing backups...
[19:41:26][Debug]: Backups done
[19:41:27][Debug]: Alex created the new subspace '380'
[19:41:27][Debug]: Removing abandoned subspace '379'
[19:41:31][Debug]: Performing backups...
[19:41:31][Debug]: Backups done
[19:41:36][Debug]: Performing backups...
[19:41:36][Debug]: Backups done
[19:41:41][Warning]: There is a new version of LMP! Please download it! Current: 0.29.0 Latest: 0.29.1
[19:41:41][Debug]: Your version is compatible with the latest version so you will still be listed in the master servers.
[19:41:41][Debug]: Performing backups...
[19:41:41][Debug]: Backups done
[19:41:46][Debug]: Performing backups...
[19:41:46][Debug]: Backups done
[19:41:51][Debug]: Performing backups...
[19:41:51][Debug]: Backups done
[19:41:52][Debug]: Alex is warping
[19:41:55][Debug]: Alex created the new subspace '381'
[19:41:55][Debug]: Removing abandoned subspace '380'
[19:41:56][Debug]: Performing backups...
[19:41:56][Debug]: Backups done
[19:42:01][Debug]: Performing backups...
[19:42:01][Debug]: Backups done
[19:42:06][Debug]: Performing backups...
[19:42:06][Debug]: Backups done
[19:42:11][Warning]: There is a new version of LMP! Please download it! Current: 0.29.0 Latest: 0.29.1
[19:42:11][Debug]: Your version is compatible with the latest version so you will still be listed in the master servers.
[19:42:11][Debug]: Performing backups...
[19:42:11][Debug]: Backups done
[19:42:16][Debug]: Performing backups...
[19:42:16][Debug]: Backups done
[19:42:20][Debug]: Science experiment received: mobileMaterialsLab@KerbinInSpaceLow
[19:42:21][Debug]: Performing backups...
[19:42:21][Debug]: Backups done
[19:42:23][Debug]: Alex acquired lock UnloadedUpdate - 92bea662-edcd-411c-b01d-ecd4d3280cd7 - Alex
[19:42:23][Debug]: Alex acquired lock Update - 92bea662-edcd-411c-b01d-ecd4d3280cd7 - Alex
[19:42:26][Debug]: Performing backups...
[19:42:26][Debug]: Backups done
[19:42:31][Debug]: Performing backups...
[19:42:31][Debug]: Backups done
[19:42:36][Debug]: Performing backups...
[19:42:36][Debug]: Backups done
[19:42:41][Warning]: There is a new version of LMP! Please download it! Current: 0.29.0 Latest: 0.29.1
[19:42:41][Debug]: Your version is compatible with the latest version so you will still be listed in the master servers.
[19:42:41][Debug]: Performing backups...
[19:42:41][Debug]: Backups done
[19:42:46][Debug]: Performing backups...
[19:42:46][Debug]: Backups done
[19:42:50][Debug]: Alex acquired lock UnloadedUpdate - 953dfcbf-3182-4a03-a7cd-9f546d9cbe71 - Alex
[19:42:50][Debug]: Alex acquired lock UnloadedUpdate - 11736689-b55d-43a9-b5bd-e95c745d2394 - Alex
[19:42:50][Debug]: Alex acquired lock UnloadedUpdate - 7fb65662-5e1d-4861-ad64-dd6f83a1f3de - Alex
[19:42:50][Debug]: Alex acquired lock UnloadedUpdate - 88a6cbb0-1b6b-47a3-8a50-c75e8fe3f586 - Alex
[19:42:50][Debug]: Alex released lock Control - 53184029-8b2c-4b95-af84-941c9d88a978 - Alex
[19:42:50][Debug]: Alex released lock Update - 92bea662-edcd-411c-b01d-ecd4d3280cd7 - Alex
[19:42:50][Debug]: Alex released lock Update - 53184029-8b2c-4b95-af84-941c9d88a978 - Alex
[19:42:50][Debug]: Alex released lock UnloadedUpdate - 92bea662-edcd-411c-b01d-ecd4d3280cd7 - Alex
[19:42:50][Debug]: Alex released lock UnloadedUpdate - 294932aa-411f-4f8d-8286-07272c776149 - Alex
[19:42:50][Debug]: Alex released lock UnloadedUpdate - 53184029-8b2c-4b95-af84-941c9d88a978 - Alex
[19:42:50][Debug]: Alex released lock Kerbal - Aldvey Kerman - Alex
[19:42:51][Debug]: Performing backups...
[19:42:51][Debug]: Backups done
[19:42:56][Debug]: Performing backups...
[19:42:56][Debug]: Backups done
[19:42:59][Debug]: Alex acquired lock UnloadedUpdate - 53184029-8b2c-4b95-af84-941c9d88a978 - Alex
[19:42:59][Debug]: Alex acquired lock UnloadedUpdate - 294932aa-411f-4f8d-8286-07272c776149 - Alex
[19:42:59][Debug]: Alex acquired lock UnloadedUpdate - 92bea662-edcd-411c-b01d-ecd4d3280cd7 - Alex
[19:43:01][Debug]: Performing backups...
[19:43:01][Debug]: Backups done
[19:43:06][Debug]: Performing backups...
[19:43:06][Debug]: Backups done
[19:43:11][Warning]: There is a new version of LMP! Please download it! Current: 0.29.0 Latest: 0.29.1
[19:43:11][Debug]: Your version is compatible with the latest version so you will still be listed in the master servers.
[19:43:11][Debug]: Performing backups...
[19:43:11][Debug]: Backups done
[19:43:16][Debug]: Performing backups...
[19:43:16][Debug]: Backups done
[19:43:20][Debug]: Alex sent Connection end message, reason: Quit
[19:43:20][Debug]: Online Players: 0, connected: 0
[19:43:20][Debug]: Alex released lock UnloadedUpdate - 953dfcbf-3182-4a03-a7cd-9f546d9cbe71 - Alex
[19:43:20][Debug]: Alex released lock UnloadedUpdate - 7fb65662-5e1d-4861-ad64-dd6f83a1f3de - Alex
[19:43:20][Debug]: Alex released lock UnloadedUpdate - 92bea662-edcd-411c-b01d-ecd4d3280cd7 - Alex
[19:43:20][Debug]: Alex released lock UnloadedUpdate - 88a6cbb0-1b6b-47a3-8a50-c75e8fe3f586 - Alex
[19:43:20][Debug]: Alex released lock UnloadedUpdate - 53184029-8b2c-4b95-af84-941c9d88a978 - Alex
[19:43:20][Debug]: Alex released lock UnloadedUpdate - 294932aa-411f-4f8d-8286-07272c776149 - Alex
[19:43:20][Debug]: Alex released lock UnloadedUpdate - 11736689-b55d-43a9-b5bd-e95c745d2394 - Alex
[19:43:20][Debug]: Alex released lock AsteroidComet - Alex
[19:43:20][Debug]: Performing backups...
[19:43:20][Debug]: Backups done
[19:43:25][LMP]: New client Connection from ::ffff:127.200.212.88:29719
[19:43:25][Debug]: Online Players: 0, connected: 1
[19:43:26][LMP]: Client Alex (9cb5cf425960fd77d2ef347c2cc4c5361badc866) handshake successful, LMP Version: 0.29.0, KSP Version: Unknown
[19:43:26][Debug]: Online Players: 1, connected: 1
[19:43:26][Debug]: Performing backups...
[19:43:26][Debug]: Backups done
[19:43:29][Debug]: Sending Alex 51 kerbals...
[19:43:30][Debug]: Sending Alex 1 possible subspaces
[19:43:31][Debug]: Performing backups...
[19:43:31][Debug]: Backups done
[19:43:36][Debug]: Performing backups...
[19:43:36][Debug]: Backups done
[19:43:41][Warning]: There is a new version of LMP! Please download it! Current: 0.29.0 Latest: 0.29.1
[19:43:41][Debug]: Your version is compatible with the latest version so you will still be listed in the master servers.
[19:43:41][Debug]: Performing backups...
[19:43:41][Debug]: Backups done
[19:43:46][Debug]: Performing backups...
[19:43:46][Debug]: Backups done
[19:43:49][Debug]: Alex acquired lock AsteroidComet - Alex
[19:43:51][Debug]: Performing backups...
[19:43:51][Debug]: Backups done
[19:43:55][Debug]: Alex acquired lock UnloadedUpdate - 8b1bd22b-a168-453d-942c-8b7c4d7c4dfd - Alex
[19:43:56][Debug]: Performing backups...
[19:43:56][Debug]: Backups done
[19:44:01][Debug]: Performing backups...
[19:44:01][Debug]: Backups done
[19:44:06][Debug]: Performing backups...
[19:44:06][Debug]: Backups done
[19:44:11][Warning]: There is a new version of LMP! Please download it! Current: 0.29.0 Latest: 0.29.1
[19:44:11][Debug]: Your version is compatible with the latest version so you will still be listed in the master servers.
[19:44:11][Debug]: Performing backups...
[19:44:11][Debug]: Backups done
[19:44:16][Debug]: Performing backups...
[19:44:16][Debug]: Backups done
[19:44:21][Debug]: Performing backups...
[19:44:21][Debug]: Backups done
[19:44:26][Debug]: Performing backups...
[19:44:26][Debug]: Backups done
[19:44:31][Debug]: Performing backups...
[19:44:31][Debug]: Backups done
[19:44:36][Debug]: Performing backups...
[19:44:36][Debug]: Backups done
[19:44:41][Warning]: There is a new version of LMP! Please download it! Current: 0.29.0 Latest: 0.29.1
[19:44:41][Debug]: Your version is compatible with the latest version so you will still be listed in the master servers.
[19:44:41][Debug]: Performing backups...
[19:44:41][Debug]: Backups done
[19:44:46][Debug]: Performing backups...
[19:44:46][Debug]: Backups done
[19:44:51][Debug]: Performing backups...
[19:44:51][Debug]: Backups done
[19:44:56][Debug]: Performing backups...
[19:44:56][Debug]: Backups done
[19:45:01][Debug]: Performing backups...
[19:45:01][Debug]: Backups done
[19:45:06][Debug]: Performing backups...
[19:45:06][Debug]: Backups done
[19:45:11][Warning]: There is a new version of LMP! Please download it! Current: 0.29.0 Latest: 0.29.1
[19:45:11][Debug]: Your version is compatible with the latest version so you will still be listed in the master servers.
[19:45:11][Debug]: Performing backups...
[19:45:11][Debug]: Backups done
[19:45:16][Debug]: Performing backups...
[19:45:16][Debug]: Backups done
[19:45:21][Debug]: Performing backups...
[19:45:21][Debug]: Backups done
[19:45:26][Debug]: Performing backups...
[19:45:26][Debug]: Backups done
[19:45:31][Debug]: Performing backups...
[19:45:31][Debug]: Backups done
[19:45:36][Debug]: Performing backups...
[19:45:36][Debug]: Backups done
[19:45:41][Warning]: There is a new version of LMP! Please download it! Current: 0.29.0 Latest: 0.29.1
[19:45:41][Debug]: Your version is compatible with the latest version so you will still be listed in the master servers.
[19:45:41][Debug]: Performing backups...
[19:45:41][Debug]: Backups done
[19:45:46][Debug]: Performing backups...
[19:45:46][Debug]: Backups done
