[19:31:56][Info]: Remember! Quit the server by using 'Control + C' so a backup is properly made before closing!
[19:31:56][Info]: Documentation available at https://github.com/LunaMultiplayer/LunaMultiplayer/wiki
[19:31:56][LMP]: Luna Server version: 0.29.0 (/home/alex/Documents/ksp_server/lmp_server_out/)
[19:31:56][Debug]: Loading universe... 0.632KB
[19:31:56][Debug]: Loading groups...
[19:31:56][Debug]: Loading settings...
[19:31:56][Debug]: Loading mod control...
[19:31:56][Debug]: Loading plugins...
[19:31:56][LMP]: Starting 'Luna Server' on Address :: Port 8800... 
[19:31:56][Debug]: UPnP active. Port: 8800 Udp opened!
[19:31:57][Debug]: UPnP for website active. Port: 8900 Tcp opened!
[19:31:57][LMP]: All systems up and running. Поехали!
[19:31:57][LMP]: Master server registration is active
[19:31:57][LMP]: End of stdin, stopping command listener
[19:31:57][Fatal]: ERROR in thread receive! Details: System.Exception: Cannot deserialize this type of message!
   at LmpCommon.Message.Base.FactoryBase.GetMessageByType(UInt16 messageType) in /home/alex/Documents/ksp_server/LunaMultiplayer/LmpCommon/Message/Base/FactoryBase.cs:line 133
   at LmpCommon.Message.Base.FactoryBase.Deserialize(NetIncomingMessage lidgrenMsg, Int64 receiveTime) in /home/alex/Documents/ksp_server/LunaMultiplayer/LmpCommon/Message/Base/FactoryBase.cs:line 64
   at Server.Server.LidgrenServer.StartReceivingMessagesAsync() in /home/alex/Documents/ksp_server/LunaMultiplayer/Server/Server/LidgrenServer.cs:line 154
[19:32:27][Warning]: There is a new version of LMP! Please download it! Current: 0.29.0 Latest: 0.29.1
[19:32:27][Debug]: Your version is compatible with the latest version so you will still be listed in the master servers.
