[20:16:08][Info]: Remember! Quit the server by using 'Control + C' so a backup is properly made before closing!
[20:16:08][Info]: Documentation available at https://github.com/LunaMultiplayer/LunaMultiplayer/wiki
[20:16:08][LMP]: Luna Server version: 0.29.0 (/home/alex/Documents/ksp_server/lmp_server_out/)
[20:16:08][Debug]: Loading universe... 0.631KB
[20:16:08][Debug]: Loading groups...
[20:16:08][Debug]: Loading settings...
[20:16:08][Debug]: Loading mod control...
[20:16:08][Debug]: Loading plugins...
[20:16:08][LMP]: Starting 'Luna Server' on Address :: Port 8800... 
[20:16:09][Debug]: UPnP active. Port: 8800 Udp opened!
[20:16:09][Debug]: UPnP for website active. Port: 8900 Tcp opened!
[20:16:09][Debug]: Performing backups...
[20:16:09][LMP]: All systems up and running. Поехали!
[20:16:09][LMP]: Master server registration is active
[20:16:09][Debug]: Lidgren: ERRORMESSAGE -- Packet parsing error: Value cannot be null. (Parameter 'key') from [::ffff:127.200.212.88]:33075
[20:16:09][LMP]: End of stdin, stopping command listener
[20:16:09][Debug]: Backups done
[20:16:09][Fatal]: ERROR in thread receive! Details: System.Exception: Cannot deserialize this type of message!
   at LmpCommon.Message.Base.FactoryBase.GetMessageByType(UInt16 messageType) in /home/alex/Documents/ksp_server/LunaMultiplayer/LmpCommon/Message/Base/FactoryBase.cs:line 133
   at LmpCommon.Message.Base.FactoryBase.Deserialize(NetIncomingMessage lidgrenMsg, Int64 receiveTime) in /home/alex/Documents/ksp_server/LunaMultiplayer/LmpCommon/Message/Base/FactoryBase.cs:line 64
   at Server.Server.LidgrenServer.StartReceivingMessagesAsync() in /home/alex/Documents/ksp_server/LunaMultiplayer/Server/Server/LidgrenServer.cs:line 154
[20:16:14][Debug]: Performing backups...
[20:16:14][Debug]: Backups done
[20:16:19][Debug]: Performing backups...
[20:16:19][Debug]: Backups done
[20:16:24][Debug]: Performing backups...
[20:16:24][Debug]: Backups done
[20:16:29][Debug]: Performing backups...
[20:16:29][Debug]: Backups done
[20:16:34][Debug]: Performing backups...
[20:16:34][Debug]: Backups done
[20:16:39][Warning]: There is a new version of LMP! Please download it! Current: 0.29.0 Latest: 0.29.1
[20:16:39][Debug]: Your version is compatible with the latest version so you will still be listed in the master servers.
[20:16:39][Debug]: Performing backups...
[20:16:39][Debug]: Backups done
[20:16:44][Debug]: Performing backups...
[20:16:44][Debug]: Backups done
[20:16:49][Debug]: Performing backups...
[20:16:49][Debug]: Backups done
[20:16:54][Debug]: Performing backups...
[20:16:54][Debug]: Backups done
[20:16:59][Debug]: Performing backups...
[20:16:59][Debug]: Backups done
[20:17:04][Debug]: Performing backups...
[20:17:04][Debug]: Backups done
[20:17:09][Warning]: There is a new version of LMP! Please download it! Current: 0.29.0 Latest: 0.29.1
[20:17:09][Debug]: Your version is compatible with the latest version so you will still be listed in the master servers.
[20:17:09][Debug]: Performing backups...
[20:17:09][Debug]: Backups done
[20:17:14][Debug]: Performing backups...
[20:17:14][Debug]: Backups done
[20:17:19][Debug]: Performing backups...
[20:17:19][Debug]: Backups done
[20:17:24][Debug]: Performing backups...
[20:17:24][Debug]: Backups done
[20:17:29][Debug]: Performing backups...
[20:17:29][Debug]: Backups done
[20:17:34][Debug]: Performing backups...
[20:17:34][Debug]: Backups done
[20:17:39][Warning]: There is a new version of LMP! Please download it! Current: 0.29.0 Latest: 0.29.1
[20:17:39][Debug]: Your version is compatible with the latest version so you will still be listed in the master servers.
[20:17:39][Debug]: Performing backups...
[20:17:39][Debug]: Backups done
[20:17:44][Debug]: Performing backups...
[20:17:44][Debug]: Backups done
[20:17:49][Debug]: Performing backups...
[20:17:49][Debug]: Backups done
[20:17:54][Debug]: Performing backups...
[20:17:54][Debug]: Backups done
[20:17:59][Debug]: Performing backups...
[20:17:59][Debug]: Backups done
[20:18:04][Debug]: Performing backups...
[20:18:04][Debug]: Backups done
[20:18:09][Warning]: There is a new version of LMP! Please download it! Current: 0.29.0 Latest: 0.29.1
[20:18:09][Debug]: Your version is compatible with the latest version so you will still be listed in the master servers.
[20:18:09][Debug]: Performing backups...
[20:18:09][Debug]: Backups done
[20:18:14][Debug]: Performing backups...
[20:18:14][Debug]: Backups done
[20:18:19][Debug]: Performing backups...
[20:18:19][Debug]: Backups done
[20:18:24][Debug]: Performing backups...
[20:18:24][Debug]: Backups done
[20:18:29][Debug]: Performing backups...
[20:18:29][Debug]: Backups done
[20:18:34][Debug]: Performing backups...
[20:18:34][Debug]: Backups done
[20:18:39][Warning]: There is a new version of LMP! Please download it! Current: 0.29.0 Latest: 0.29.1
[20:18:39][Debug]: Your version is compatible with the latest version so you will still be listed in the master servers.
[20:18:39][Debug]: Performing backups...
[20:18:39][Debug]: Backups done
[20:18:44][Debug]: Performing backups...
[20:18:44][Debug]: Backups done
[20:18:49][Debug]: Performing backups...
[20:18:49][Debug]: Backups done
[20:18:54][Debug]: Performing backups...
[20:18:54][Debug]: Backups done
[20:18:59][Debug]: Performing backups...
[20:18:59][Debug]: Backups done
[20:19:04][Debug]: Performing backups...
[20:19:04][Debug]: Backups done
[20:19:09][Warning]: There is a new version of LMP! Please download it! Current: 0.29.0 Latest: 0.29.1
[20:19:09][Debug]: Your version is compatible with the latest version so you will still be listed in the master servers.
[20:19:09][Debug]: Performing backups...
[20:19:09][Debug]: Backups done
[20:19:14][Debug]: Performing backups...
[20:19:14][Debug]: Backups done
[20:19:19][Debug]: Performing backups...
[20:19:19][Debug]: Backups done
[20:19:24][Debug]: Performing backups...
[20:19:24][Debug]: Backups done
[20:19:29][Debug]: Performing backups...
[20:19:29][Debug]: Backups done
[20:19:34][Debug]: Performing backups...
[20:19:34][Debug]: Backups done
[20:19:39][Warning]: There is a new version of LMP! Please download it! Current: 0.29.0 Latest: 0.29.1
[20:19:39][Debug]: Your version is compatible with the latest version so you will still be listed in the master servers.
[20:19:39][Debug]: Performing backups...
[20:19:39][Debug]: Backups done
[20:19:44][Debug]: Performing backups...
[20:19:44][Debug]: Backups done
[20:19:49][Debug]: Performing backups...
[20:19:49][Debug]: Backups done
[20:19:54][Debug]: Performing backups...
[20:19:54][Debug]: Backups done
[20:19:59][Debug]: Performing backups...
[20:19:59][Debug]: Backups done
