[22:55:01][Info]: Remember! Quit the server by using 'Control + C' so a backup is properly made before closing!
[22:55:01][Info]: Documentation available at https://github.com/LunaMultiplayer/LunaMultiplayer/wiki
[22:55:01][LMP]: Luna Server version: 0.29.0 (/home/alex/Documents/ksp_server/lmp_server_out/)
[22:55:01][Debug]: Loading universe... 0.631KB
[22:55:01][Debug]: Loading groups...
[22:55:01][Debug]: Loading settings...
[22:55:01][Debug]: Loading mod control...
[22:55:01][Debug]: Loading plugins...
[22:55:01][LMP]: Starting 'Luna Server' on Address :: Port 8800... 
[22:55:02][Debug]: UPnP active. Port: 8800 Udp opened!
[22:55:02][Debug]: UPnP for website active. Port: 8900 Tcp opened!
[22:55:02][LMP]: All systems up and running. Поехали!
[22:55:02][Debug]: Performing backups...
[22:55:02][LMP]: Master server registration is active
[22:55:02][LMP]: End of stdin, stopping command listener
[22:55:02][Debug]: Backups done
[22:55:05][Debug]: Detected NAT addresses: 46.110.37.2:34836
[22:55:05][LMP]: HTTP vessel upload: aaaaaaaa-bbbb-cccc-dddd-eeeeeeeeeeee (659 bytes)
[22:55:07][Debug]: Performing backups...
[22:55:07][Debug]: Backups done
[22:55:12][Debug]: Performing backups...
[22:55:12][Debug]: Backups done
[22:55:17][Debug]: Performing backups...
[22:55:17][Debug]: Backups done
[22:55:22][Debug]: Performing backups...
[22:55:22][Debug]: Backups done
[22:55:27][Debug]: Performing backups...
[22:55:27][Debug]: Backups done
[22:55:32][Warning]: There is a new version of LMP! Please download it! Current: 0.29.0 Latest: 0.29.1
[22:55:32][Debug]: Your version is compatible with the latest version so you will still be listed in the master servers.
[22:55:32][Debug]: Performing backups...
[22:55:32][Debug]: Backups done
[22:55:37][Debug]: Performing backups...
[22:55:37][Debug]: Backups done
[22:55:42][Debug]: Performing backups...
[22:55:42][Debug]: Backups done
[22:55:47][Debug]: Performing backups...
[22:55:47][Debug]: Backups done
[22:55:52][Debug]: Performing backups...
[22:55:52][Debug]: Backups done
[22:55:57][Debug]: Performing backups...
[22:55:57][Debug]: Backups done
[22:56:02][Warning]: There is a new version of LMP! Please download it! Current: 0.29.0 Latest: 0.29.1
[22:56:02][Debug]: Your version is compatible with the latest version so you will still be listed in the master servers.
[22:56:02][Debug]: Performing backups...
[22:56:02][Debug]: Backups done
[22:56:07][Debug]: Performing backups...
[22:56:07][Debug]: Backups done
[22:56:12][Debug]: Performing backups...
[22:56:12][Debug]: Backups done
[22:56:17][Debug]: Performing backups...
[22:56:17][Debug]: Backups done
[22:56:22][Debug]: Performing backups...
[22:56:22][Debug]: Backups done
[22:56:27][Debug]: Performing backups...
[22:56:27][Debug]: Backups done
[22:56:32][Warning]: There is a new version of LMP! Please download it! Current: 0.29.0 Latest: 0.29.1
[22:56:32][Debug]: Your version is compatible with the latest version so you will still be listed in the master servers.
[22:56:32][Debug]: Performing backups...
[22:56:32][Debug]: Backups done
[22:56:37][Debug]: Performing backups...
[22:56:37][Debug]: Backups done
[22:56:42][Debug]: Performing backups...
[22:56:42][Debug]: Backups done
[22:56:47][Debug]: Performing backups...
[22:56:47][Debug]: Backups done
[22:56:52][Debug]: Performing backups...
[22:56:52][Debug]: Backups done
[22:56:57][Debug]: Performing backups...
[22:56:57][Debug]: Backups done
[22:57:02][Warning]: There is a new version of LMP! Please download it! Current: 0.29.0 Latest: 0.29.1
[22:57:02][Debug]: Your version is compatible with the latest version so you will still be listed in the master servers.
[22:57:02][Debug]: Performing backups...
[22:57:02][Debug]: Backups done
[22:57:07][Debug]: Performing backups...
[22:57:07][Debug]: Backups done
[22:57:12][Debug]: Performing backups...
[22:57:12][Debug]: Backups done
[22:57:17][Debug]: Performing backups...
[22:57:17][Debug]: Backups done
[22:57:22][Debug]: Performing backups...
[22:57:22][Debug]: Backups done
[22:57:27][Debug]: Performing backups...
[22:57:27][Debug]: Backups done
[22:57:32][Warning]: There is a new version of LMP! Please download it! Current: 0.29.0 Latest: 0.29.1
[22:57:32][Debug]: Your version is compatible with the latest version so you will still be listed in the master servers.
[22:57:32][Debug]: Performing backups...
[22:57:32][Debug]: Backups done
[22:57:37][Debug]: Performing backups...
[22:57:37][Debug]: Backups done
[22:57:42][Debug]: Performing backups...
[22:57:42][Debug]: Backups done
[22:57:47][Debug]: Performing backups...
[22:57:47][Debug]: Backups done
[22:57:52][Debug]: Performing backups...
[22:57:52][Debug]: Backups done
[22:57:57][Debug]: Performing backups...
[22:57:57][Debug]: Backups done
[22:58:02][Warning]: There is a new version of LMP! Please download it! Current: 0.29.0 Latest: 0.29.1
[22:58:02][Debug]: Your version is compatible with the latest version so you will still be listed in the master servers.
[22:58:02][Debug]: Performing backups...
[22:58:02][Debug]: Backups done
[22:58:07][Debug]: Performing backups...
[22:58:07][Debug]: Backups done
[22:58:12][Debug]: Performing backups...
[22:58:12][Debug]: Backups done
[22:58:17][Debug]: Performing backups...
[22:58:17][Debug]: Backups done
[22:58:22][Debug]: Performing backups...
[22:58:22][Debug]: Backups done
[22:58:27][Debug]: Performing backups...
[22:58:27][Debug]: Backups done
[22:58:32][Warning]: There is a new version of LMP! Please download it! Current: 0.29.0 Latest: 0.29.1
[22:58:32][Debug]: Your version is compatible with the latest version so you will still be listed in the master servers.
[22:58:32][Debug]: Performing backups...
[22:58:32][Debug]: Backups done
[22:58:37][Debug]: Performing backups...
[22:58:37][Debug]: Backups done
[22:58:42][Debug]: Performing backups...
[22:58:42][Debug]: Backups done
[22:58:47][Debug]: Performing backups...
[22:58:47][Debug]: Backups done
[22:58:52][Debug]: Performing backups...
[22:58:52][Debug]: Backups done
[22:58:57][Debug]: Performing backups...
[22:58:57][Debug]: Backups done
[22:59:02][Warning]: There is a new version of LMP! Please download it! Current: 0.29.0 Latest: 0.29.1
[22:59:02][Debug]: Your version is compatible with the latest version so you will still be listed in the master servers.
[22:59:02][Debug]: Performing backups...
[22:59:02][Debug]: Backups done
[22:59:07][Debug]: Performing backups...
[22:59:07][Debug]: Backups done
[22:59:12][Debug]: Performing backups...
[22:59:12][Debug]: Backups done
[22:59:17][Debug]: Performing backups...
[22:59:17][Debug]: Backups done
[22:59:22][Debug]: Performing backups...
[22:59:22][Debug]: Backups done
[22:59:27][Debug]: Performing backups...
[22:59:27][Debug]: Backups done
[22:59:32][Warning]: There is a new version of LMP! Please download it! Current: 0.29.0 Latest: 0.29.1
[22:59:32][Debug]: Your version is compatible with the latest version so you will still be listed in the master servers.
[22:59:32][Debug]: Performing backups...
[22:59:32][Debug]: Backups done
[22:59:37][Debug]: Performing backups...
[22:59:37][Debug]: Backups done
[22:59:42][Debug]: Performing backups...
[22:59:42][Debug]: Backups done
[22:59:47][Debug]: Performing backups...
[22:59:47][Debug]: Backups done
[22:59:52][Debug]: Performing backups...
[22:59:52][Debug]: Backups done
[22:59:57][Debug]: Performing backups...
[22:59:57][Debug]: Backups done
[23:00:02][Warning]: There is a new version of LMP! Please download it! Current: 0.29.0 Latest: 0.29.1
[23:00:02][Debug]: Your version is compatible with the latest version so you will still be listed in the master servers.
[23:00:02][Debug]: Performing backups...
[23:00:02][Debug]: Backups done
[23:00:07][Debug]: Performing backups...
[23:00:07][Debug]: Backups done
[23:00:12][Debug]: Performing backups...
[23:00:12][Debug]: Backups done
[23:00:17][Debug]: Performing backups...
[23:00:17][Debug]: Backups done
[23:00:22][Debug]: Performing backups...
[23:00:22][Debug]: Backups done
[23:00:27][Debug]: Performing backups...
[23:00:27][Debug]: Backups done
[23:00:32][Warning]: There is a new version of LMP! Please download it! Current: 0.29.0 Latest: 0.29.1
[23:00:32][Debug]: Your version is compatible with the latest version so you will still be listed in the master servers.
[23:00:32][Debug]: Performing backups...
[23:00:32][Debug]: Backups done
[23:00:37][Debug]: Performing backups...
[23:00:37][Debug]: Backups done
[23:00:42][Debug]: Performing backups...
[23:00:42][Debug]: Backups done
[23:00:47][Debug]: Performing backups...
[23:00:47][Debug]: Backups done
[23:00:52][Debug]: Performing backups...
[23:00:52][Debug]: Backups done
[23:00:57][Debug]: Performing backups...
[23:00:57][Debug]: Backups done
[23:01:02][Warning]: There is a new version of LMP! Please download it! Current: 0.29.0 Latest: 0.29.1
[23:01:02][Debug]: Your version is compatible with the latest version so you will still be listed in the master servers.
[23:01:02][Debug]: Performing backups...
[23:01:02][Debug]: Backups done
[23:01:07][Debug]: Performing backups...
[23:01:07][Debug]: Backups done
[23:01:12][Debug]: Performing backups...
[23:01:12][Debug]: Backups done
[23:01:17][Debug]: Performing backups...
[23:01:17][Debug]: Backups done
[23:01:22][Debug]: Performing backups...
[23:01:22][Debug]: Backups done
[23:01:27][Debug]: Performing backups...
[23:01:27][Debug]: Backups done
[23:01:32][Warning]: There is a new version of LMP! Please download it! Current: 0.29.0 Latest: 0.29.1
[23:01:32][Debug]: Your version is compatible with the latest version so you will still be listed in the master servers.
[23:01:32][Debug]: Performing backups...
[23:01:32][Debug]: Backups done
[23:01:37][Debug]: Performing backups...
[23:01:37][Debug]: Backups done
[23:01:42][Debug]: Performing backups...
[23:01:42][Debug]: Backups done
[23:01:47][Debug]: Performing backups...
[23:01:47][Debug]: Backups done
[23:01:52][Debug]: Performing backups...
[23:01:52][Debug]: Backups done
[23:01:57][Debug]: Performing backups...
[23:01:57][Debug]: Backups done
[23:02:02][Warning]: There is a new version of LMP! Please download it! Current: 0.29.0 Latest: 0.29.1
[23:02:02][Debug]: Your version is compatible with the latest version so you will still be listed in the master servers.
[23:02:02][Debug]: Performing backups...
[23:02:02][Debug]: Backups done
[23:02:07][Debug]: Performing backups...
[23:02:07][Debug]: Backups done
[23:02:12][Debug]: Performing backups...
[23:02:12][Debug]: Backups done
