[20:26:25][Info]: Remember! Quit the server by using 'Control + C' so a backup is properly made before closing!
[20:26:25][Info]: Documentation available at https://github.com/LunaMultiplayer/LunaMultiplayer/wiki
[20:26:25][LMP]: Luna Server version: 0.29.0 (/home/alex/Documents/ksp_server/lmp_server_out/)
[20:26:25][Debug]: Loading universe... 0.631KB
[20:26:25][Debug]: Loading groups...
[20:26:25][Debug]: Loading settings...
[20:26:25][Debug]: Loading mod control...
[20:26:25][Debug]: Loading plugins...
[20:26:25][LMP]: Starting 'Luna Server' on Address :: Port 8800... 
[20:26:26][Debug]: UPnP active. Port: 8800 Udp opened!
[20:26:26][Debug]: UPnP for website active. Port: 8900 Tcp opened!
[20:26:26][Debug]: Performing backups...
[20:26:26][LMP]: All systems up and running. Поехали!
[20:26:26][LMP]: Master server registration is active
[20:26:26][LMP]: End of stdin, stopping command listener
[20:26:26][Debug]: Backups done
[20:26:28][Debug]: Detected NAT addresses: 46.110.37.2:34836
[20:26:31][Debug]: Performing backups...
[20:26:31][Debug]: Backups done
[20:26:36][Debug]: Performing backups...
[20:26:36][Debug]: Backups done
[20:26:41][Debug]: Performing backups...
[20:26:41][Debug]: Backups done
[20:26:46][Debug]: Performing backups...
[20:26:46][Debug]: Backups done
[20:26:51][Debug]: Performing backups...
[20:26:51][Debug]: Backups done
[20:26:56][Warning]: There is a new version of LMP! Please download it! Current: 0.29.0 Latest: 0.29.1
[20:26:56][Debug]: Your version is compatible with the latest version so you will still be listed in the master servers.
[20:26:56][Debug]: Performing backups...
[20:26:56][Debug]: Backups done
[20:27:01][Debug]: Performing backups...
[20:27:01][Debug]: Backups done
[20:27:06][Debug]: Performing backups...
[20:27:06][Debug]: Backups done
[20:27:11][Debug]: Performing backups...
[20:27:11][Debug]: Backups done
[20:27:16][Debug]: Performing backups...
[20:27:16][Debug]: Backups done
[20:27:21][Debug]: Performing backups...
[20:27:21][Debug]: Backups done
[20:27:26][Warning]: There is a new version of LMP! Please download it! Current: 0.29.0 Latest: 0.29.1
[20:27:26][Debug]: Your version is compatible with the latest version so you will still be listed in the master servers.
[20:27:26][Debug]: Performing backups...
[20:27:26][Debug]: Backups done
[20:27:31][Debug]: Performing backups...
[20:27:31][Debug]: Backups done
[20:27:36][Debug]: Performing backups...
[20:27:36][Debug]: Backups done
[20:27:41][Debug]: Performing backups...
[20:27:41][Debug]: Backups done
[20:27:46][Debug]: Performing backups...
[20:27:46][Debug]: Backups done
[20:27:51][Debug]: Performing backups...
[20:27:51][Debug]: Backups done
[20:27:56][Warning]: There is a new version of LMP! Please download it! Current: 0.29.0 Latest: 0.29.1
[20:27:56][Debug]: Your version is compatible with the latest version so you will still be listed in the master servers.
[20:27:56][Debug]: Performing backups...
[20:27:56][Debug]: Backups done
[20:28:01][Debug]: Performing backups...
[20:28:01][Debug]: Backups done
[20:28:06][Debug]: Performing backups...
[20:28:06][Debug]: Backups done
[20:28:11][Debug]: Performing backups...
[20:28:11][Debug]: Backups done
[20:28:16][Debug]: Performing backups...
[20:28:16][Debug]: Backups done
[20:28:21][Debug]: Performing backups...
[20:28:21][Debug]: Backups done
[20:28:26][Warning]: There is a new version of LMP! Please download it! Current: 0.29.0 Latest: 0.29.1
[20:28:26][Debug]: Your version is compatible with the latest version so you will still be listed in the master servers.
[20:28:26][Debug]: Performing backups...
[20:28:26][Debug]: Backups done
[20:28:31][Debug]: Performing backups...
[20:28:31][Debug]: Backups done
[20:28:36][Debug]: Performing backups...
[20:28:36][Debug]: Backups done
[20:28:38][LMP]: New client Connection from ::ffff:127.200.212.88:20233
[20:28:38][Debug]: Online Players: 0, connected: 1
[20:28:38][LMP]: Client Alex (9cb5cf425960fd77d2ef347c2cc4c5361badc866) handshake successful, LMP Version: 0.29.0, KSP Version: Unknown
[20:28:38][Debug]: Online Players: 1, connected: 1
[20:28:38][Debug]: Sending Alex 51 kerbals...
[20:28:38][Debug]: Sending Alex 1 possible subspaces
[20:28:41][Debug]: Performing backups...
[20:28:41][Debug]: Backups done
[20:28:46][Debug]: Performing backups...
[20:28:46][Debug]: Backups done
[20:28:49][Debug]: Alex acquired lock AsteroidComet - Alex
[20:28:49][Debug]: Alex synced with subspace '387' created by Server
[20:28:51][Debug]: Performing backups...
[20:28:51][Debug]: Backups done
[20:28:54][Debug]: Alex acquired lock UnloadedUpdate - ce1448d7-7af5-477b-8466-e50ff6eb5b3f - Alex
[20:28:56][Warning]: There is a new version of LMP! Please download it! Current: 0.29.0 Latest: 0.29.1
[20:28:56][Debug]: Your version is compatible with the latest version so you will still be listed in the master servers.
[20:28:56][Debug]: Performing backups...
[20:28:56][Debug]: Backups done
[20:29:01][Debug]: Performing backups...
[20:29:01][Debug]: Backups done
[20:29:02][Debug]: Alex released lock UnloadedUpdate - ce1448d7-7af5-477b-8466-e50ff6eb5b3f - Alex
[20:29:06][Debug]: Performing backups...
[20:29:06][Debug]: Backups done
[20:29:11][Debug]: Performing backups...
[20:29:11][Debug]: Backups done
[20:29:16][Debug]: Performing backups...
[20:29:16][Debug]: Backups done
[20:29:21][Debug]: Performing backups...
[20:29:21][Debug]: Backups done
[20:29:25][Debug]: Alex acquired lock UnloadedUpdate - ce1448d7-7af5-477b-8466-e50ff6eb5b3f - Alex
[20:29:26][Warning]: There is a new version of LMP! Please download it! Current: 0.29.0 Latest: 0.29.1
[20:29:26][Debug]: Your version is compatible with the latest version so you will still be listed in the master servers.
[20:29:26][Debug]: Performing backups...
[20:29:26][Debug]: Backups done
[20:29:31][Debug]: Performing backups...
[20:29:31][Debug]: Backups done
[20:29:34][Debug]: Alex released lock UnloadedUpdate - ce1448d7-7af5-477b-8466-e50ff6eb5b3f - Alex
[20:29:36][Debug]: Performing backups...
[20:29:36][Debug]: Backups done
[20:29:41][Debug]: Performing backups...
[20:29:41][Debug]: Backups done
[20:29:44][Debug]: Alex acquired lock Kerbal - Aldvey Kerman - Alex
[20:29:46][Debug]: Performing backups...
[20:29:46][Debug]: Backups done
[20:29:50][Debug]: Alex acquired lock Control - 0c553bf2-48ba-4c59-b203-015ff55cdc9a - Alex
[20:29:50][Debug]: Alex acquired lock Update - 0c553bf2-48ba-4c59-b203-015ff55cdc9a - Alex
[20:29:50][Debug]: Alex acquired lock UnloadedUpdate - 0c553bf2-48ba-4c59-b203-015ff55cdc9a - Alex
[20:29:50][Debug]: Alex acquired lock UnloadedUpdate - ce1448d7-7af5-477b-8466-e50ff6eb5b3f - Alex
[20:29:51][Debug]: Performing backups...
[20:29:51][Debug]: Backups done
[20:29:56][Warning]: There is a new version of LMP! Please download it! Current: 0.29.0 Latest: 0.29.1
[20:29:56][Debug]: Your version is compatible with the latest version so you will still be listed in the master servers.
[20:29:56][Debug]: Performing backups...
[20:29:56][Debug]: Backups done
[20:30:01][Debug]: Performing backups...
[20:30:01][Debug]: Backups done
[20:30:06][Debug]: Performing backups...
[20:30:06][Debug]: Backups done
[20:30:11][Debug]: Performing backups...
[20:30:11][Debug]: Backups done
[20:30:16][Debug]: Performing backups...
[20:30:16][Debug]: Backups done
[20:30:21][Debug]: Performing backups...
[20:30:21][Debug]: Backups done
[20:30:26][Warning]: There is a new version of LMP! Please download it! Current: 0.29.0 Latest: 0.29.1
[20:30:26][Debug]: Your version is compatible with the latest version so you will still be listed in the master servers.
[20:30:26][Debug]: Performing backups...
[20:30:26][Debug]: Backups done
[20:30:31][Debug]: Performing backups...
[20:30:31][Debug]: Backups done
[20:30:36][Debug]: Performing backups...
[20:30:36][Debug]: Backups done
[20:30:41][Debug]: Performing backups...
[20:30:41][Debug]: Backups done
[20:30:46][Debug]: Performing backups...
[20:30:46][Debug]: Backups done
[20:30:51][Debug]: Performing backups...
[20:30:51][Debug]: Backups done
[20:30:56][Warning]: There is a new version of LMP! Please download it! Current: 0.29.0 Latest: 0.29.1
[20:30:56][Debug]: Your version is compatible with the latest version so you will still be listed in the master servers.
[20:30:56][Debug]: Performing backups...
[20:30:56][Debug]: Backups done
[20:31:01][Debug]: Performing backups...
[20:31:01][Debug]: Backups done
[20:31:06][Debug]: Performing backups...
[20:31:06][Debug]: Backups done
[20:31:11][Debug]: Performing backups...
[20:31:11][Debug]: Backups done
[20:31:16][Debug]: Performing backups...
[20:31:16][Debug]: Backups done
[20:31:21][Debug]: Performing backups...
[20:31:21][Debug]: Backups done
[20:31:26][Warning]: There is a new version of LMP! Please download it! Current: 0.29.0 Latest: 0.29.1
[20:31:26][Debug]: Your version is compatible with the latest version so you will still be listed in the master servers.
[20:31:26][Debug]: Performing backups...
[20:31:26][Debug]: Backups done
[20:31:31][Debug]: Performing backups...
[20:31:31][Debug]: Backups done
[20:31:36][Debug]: Performing backups...
[20:31:36][Debug]: Backups done
[20:31:41][Debug]: Performing backups...
[20:31:41][Debug]: Backups done
[20:31:46][Debug]: Performing backups...
[20:31:46][Debug]: Backups done
[20:31:51][Debug]: Performing backups...
[20:31:51][Debug]: Backups done
[20:31:56][Warning]: There is a new version of LMP! Please download it! Current: 0.29.0 Latest: 0.29.1
[20:31:56][Debug]: Your version is compatible with the latest version so you will still be listed in the master servers.
[20:31:56][Debug]: Performing backups...
[20:31:56][Debug]: Backups done
[20:32:00][Debug]: Alex acquired lock UnloadedUpdate - 376efc86-8e63-45ee-9a0d-db5205d5e68e - Alex
[20:32:00][Debug]: Alex acquired lock Update - 376efc86-8e63-45ee-9a0d-db5205d5e68e - Alex
[20:32:00][Debug]: Alex acquired lock Update - b19bcf07-4b4e-440b-ad32-4153f011f3ef - Alex
[20:32:00][Debug]: Alex acquired lock UnloadedUpdate - b19bcf07-4b4e-440b-ad32-4153f011f3ef - Alex
[20:32:00][Debug]: Alex acquired lock UnloadedUpdate - b33fadad-1875-4d8b-8332-8928885aeb18 - Alex
[20:32:00][Debug]: Alex acquired lock Update - b33fadad-1875-4d8b-8332-8928885aeb18 - Alex
[20:32:00][Debug]: Alex acquired lock Update - 8e9d1399-9e5f-4c94-b46a-f016537ab6a0 - Alex
[20:32:00][Debug]: Alex acquired lock UnloadedUpdate - 8e9d1399-9e5f-4c94-b46a-f016537ab6a0 - Alex
[20:32:00][Debug]: Alex acquired lock UnloadedUpdate - 9b76c526-63c8-4844-8fe5-6509ab4fd8a0 - Alex
[20:32:00][Debug]: Alex acquired lock Update - 9b76c526-63c8-4844-8fe5-6509ab4fd8a0 - Alex
[20:32:00][Debug]: Alex acquired lock UnloadedUpdate - 6efdfd1b-e641-40d4-bdd5-9d17382086cc - Alex
[20:32:00][Debug]: Alex acquired lock Update - 6efdfd1b-e641-40d4-bdd5-9d17382086cc - Alex
[20:32:01][Debug]: Performing backups...
[20:32:01][Debug]: Backups done
[20:32:06][Debug]: Performing backups...
[20:32:06][Debug]: Backups done
[20:32:11][Debug]: Performing backups...
[20:32:11][Debug]: Backups done
[20:32:16][Debug]: Performing backups...
[20:32:16][Debug]: Backups done
[20:32:21][Debug]: Performing backups...
[20:32:21][Debug]: Backups done
[20:32:26][Warning]: There is a new version of LMP! Please download it! Current: 0.29.0 Latest: 0.29.1
[20:32:26][Debug]: Your version is compatible with the latest version so you will still be listed in the master servers.
[20:32:26][Debug]: Performing backups...
[20:32:26][Debug]: Backups done
[20:32:31][Debug]: Performing backups...
[20:32:31][Debug]: Backups done
[20:32:36][Debug]: Performing backups...
[20:32:36][Debug]: Backups done
[20:32:38][Debug]: Alex is warping
[20:32:40][Debug]: Alex released lock Update - 376efc86-8e63-45ee-9a0d-db5205d5e68e - Alex
[20:32:40][Debug]: Alex released lock Update - b19bcf07-4b4e-440b-ad32-4153f011f3ef - Alex
[20:32:40][Debug]: Alex released lock Update - b33fadad-1875-4d8b-8332-8928885aeb18 - Alex
[20:32:40][Debug]: Alex released lock Update - 8e9d1399-9e5f-4c94-b46a-f016537ab6a0 - Alex
[20:32:40][Debug]: Alex released lock Update - 9b76c526-63c8-4844-8fe5-6509ab4fd8a0 - Alex
[20:32:40][Debug]: Alex released lock Update - 6efdfd1b-e641-40d4-bdd5-9d17382086cc - Alex
[20:32:41][Debug]: Performing backups...
[20:32:41][Debug]: Backups done
[20:32:43][Debug]: Alex created the new subspace '388'
[20:32:43][Debug]: Removing abandoned subspace '387'
[20:32:46][Debug]: Performing backups...
[20:32:46][Debug]: Backups done
[20:32:51][Debug]: Performing backups...
[20:32:51][Debug]: Backups done
[20:32:56][Warning]: There is a new version of LMP! Please download it! Current: 0.29.0 Latest: 0.29.1
[20:32:56][Debug]: Your version is compatible with the latest version so you will still be listed in the master servers.
[20:32:56][Debug]: Performing backups...
[20:32:56][Debug]: Backups done
[20:33:01][Debug]: Performing backups...
[20:33:01][Debug]: Backups done
[20:33:06][Debug]: Performing backups...
[20:33:06][Debug]: Backups done
[20:33:11][Debug]: Performing backups...
[20:33:11][Debug]: Backups done
[20:33:16][Debug]: Performing backups...
[20:33:16][Debug]: Backups done
[20:33:21][Debug]: Performing backups...
[20:33:21][Debug]: Backups done
[20:33:26][Warning]: There is a new version of LMP! Please download it! Current: 0.29.0 Latest: 0.29.1
[20:33:26][Debug]: Your version is compatible with the latest version so you will still be listed in the master servers.
[20:33:26][Debug]: Performing backups...
[20:33:26][Debug]: Backups done
[20:33:31][Debug]: Performing backups...
[20:33:31][Debug]: Backups done
[20:33:36][Debug]: Performing backups...
[20:33:36][Debug]: Backups done
[20:33:41][Debug]: Performing backups...
[20:33:41][Debug]: Backups done
[20:33:46][Debug]: Performing backups...
[20:33:46][Debug]: Backups done
[20:33:51][Debug]: Performing backups...
[20:33:51][Debug]: Backups done
[20:33:56][Warning]: There is a new version of LMP! Please download it! Current: 0.29.0 Latest: 0.29.1
[20:33:56][Debug]: Your version is compatible with the latest version so you will still be listed in the master servers.
[20:33:56][Debug]: Performing backups...
[20:33:56][Debug]: Backups done
[20:33:58][Debug]: Alex is warping
[20:34:00][Debug]: Alex released lock UnloadedUpdate - 376efc86-8e63-45ee-9a0d-db5205d5e68e - Alex
[20:34:00][Debug]: Alex released lock UnloadedUpdate - b19bcf07-4b4e-440b-ad32-4153f011f3ef - Alex
[20:34:00][Debug]: Alex released lock UnloadedUpdate - b33fadad-1875-4d8b-8332-8928885aeb18 - Alex
[20:34:00][Debug]: Alex released lock UnloadedUpdate - 6efdfd1b-e641-40d4-bdd5-9d17382086cc - Alex
[20:34:00][Debug]: Alex released lock UnloadedUpdate - 9b76c526-63c8-4844-8fe5-6509ab4fd8a0 - Alex
[20:34:00][Debug]: Alex released lock UnloadedUpdate - 8e9d1399-9e5f-4c94-b46a-f016537ab6a0 - Alex
[20:34:01][Debug]: Performing backups...
[20:34:01][Debug]: Backups done
[20:34:06][Debug]: Performing backups...
[20:34:06][Debug]: Backups done
[20:34:11][Debug]: Performing backups...
[20:34:11][Debug]: Backups done
[20:34:13][Debug]: Alex created the new subspace '389'
[20:34:13][Debug]: Removing abandoned subspace '388'
[20:34:16][Debug]: Performing backups...
[20:34:16][Debug]: Backups done
[20:34:21][Debug]: Performing backups...
[20:34:21][Debug]: Backups done
[20:34:26][Warning]: There is a new version of LMP! Please download it! Current: 0.29.0 Latest: 0.29.1
[20:34:26][Debug]: Your version is compatible with the latest version so you will still be listed in the master servers.
[20:34:26][Debug]: Performing backups...
[20:34:26][Debug]: Backups done
[20:34:31][Debug]: Performing backups...
[20:34:31][Debug]: Backups done
[20:34:36][Debug]: Performing backups...
[20:34:36][Debug]: Backups done
[20:34:41][Debug]: Alex acquired lock UnloadedUpdate - c2bb5171-3693-47dd-b3cc-401bfc3d08f2 - Alex
[20:34:41][Debug]: Alex acquired lock UnloadedUpdate - 93374eff-e3d3-4fd5-afcc-dad044f90d63 - Alex
[20:34:41][Debug]: Alex released lock Control - 0c553bf2-48ba-4c59-b203-015ff55cdc9a - Alex
[20:34:41][Debug]: Alex acquired lock UnloadedUpdate - 8698e02c-f480-4205-bec1-782e168f86cb - Alex
[20:34:41][Debug]: Alex released lock UnloadedUpdate - 0c553bf2-48ba-4c59-b203-015ff55cdc9a - Alex
[20:34:41][Debug]: Alex released lock UnloadedUpdate - ce1448d7-7af5-477b-8466-e50ff6eb5b3f - Alex
[20:34:41][Debug]: Alex acquired lock UnloadedUpdate - 912b08a4-656d-40c7-ab78-f9fece179e57 - Alex
[20:34:41][Debug]: Alex released lock Kerbal - Aldvey Kerman - Alex
[20:34:41][Debug]: Alex released lock Update - 0c553bf2-48ba-4c59-b203-015ff55cdc9a - Alex
[20:34:41][Debug]: Performing backups...
[20:34:41][Debug]: Backups done
[20:34:46][Debug]: Performing backups...
[20:34:46][Debug]: Backups done
[20:34:51][Debug]: Alex acquired lock UnloadedUpdate - ce1448d7-7af5-477b-8466-e50ff6eb5b3f - Alex
[20:34:51][Debug]: Alex acquired lock UnloadedUpdate - 0c553bf2-48ba-4c59-b203-015ff55cdc9a - Alex
[20:34:51][Debug]: Performing backups...
[20:34:51][Debug]: Backups done
[20:34:56][Warning]: There is a new version of LMP! Please download it! Current: 0.29.0 Latest: 0.29.1
[20:34:56][Debug]: Your version is compatible with the latest version so you will still be listed in the master servers.
[20:34:56][Debug]: Performing backups...
[20:34:56][Debug]: Backups done
[20:35:01][Debug]: Performing backups...
[20:35:01][Debug]: Backups done
[20:35:06][Debug]: Performing backups...
[20:35:06][Debug]: Backups done
[20:35:11][Debug]: Performing backups...
[20:35:11][Debug]: Backups done
[20:35:16][Debug]: Performing backups...
[20:35:16][Debug]: Backups done
[20:35:21][Debug]: Performing backups...
[20:35:21][Debug]: Backups done
[20:35:26][Warning]: There is a new version of LMP! Please download it! Current: 0.29.0 Latest: 0.29.1
[20:35:26][Debug]: Your version is compatible with the latest version so you will still be listed in the master servers.
[20:35:26][Debug]: Performing backups...
[20:35:26][Debug]: Backups done
[20:35:31][Debug]: Performing backups...
[20:35:31][Debug]: Backups done
[20:35:36][Debug]: Performing backups...
[20:35:36][Debug]: Backups done
[20:35:41][Debug]: Performing backups...
[20:35:41][Debug]: Backups done
[20:35:46][Debug]: Performing backups...
[20:35:46][Debug]: Backups done
[20:35:51][Debug]: Performing backups...
[20:35:51][Debug]: Backups done
[20:35:56][Warning]: There is a new version of LMP! Please download it! Current: 0.29.0 Latest: 0.29.1
[20:35:56][Debug]: Your version is compatible with the latest version so you will still be listed in the master servers.
[20:35:56][Debug]: Performing backups...
[20:35:56][Debug]: Backups done
[20:36:01][Debug]: Performing backups...
[20:36:01][Debug]: Backups done
[20:36:06][Debug]: Performing backups...
[20:36:06][Debug]: Backups done
[20:36:11][Debug]: Performing backups...
[20:36:11][Debug]: Backups done
[20:36:16][Debug]: Performing backups...
[20:36:16][Debug]: Backups done
[20:36:21][Debug]: Performing backups...
[20:36:21][Debug]: Backups done
[20:36:26][Warning]: There is a new version of LMP! Please download it! Current: 0.29.0 Latest: 0.29.1
[20:36:26][Debug]: Your version is compatible with the latest version so you will still be listed in the master servers.
[20:36:26][Debug]: Performing backups...
[20:36:26][Debug]: Backups done
[20:36:31][Debug]: Performing backups...
[20:36:31][Debug]: Backups done
[20:36:36][Debug]: Performing backups...
[20:36:36][Debug]: Backups done
[20:36:41][Debug]: Performing backups...
[20:36:41][Debug]: Backups done
[20:36:46][Debug]: Performing backups...
[20:36:46][Debug]: Backups done
[20:36:51][Debug]: Performing backups...
[20:36:51][Debug]: Backups done
[20:36:56][Warning]: There is a new version of LMP! Please download it! Current: 0.29.0 Latest: 0.29.1
[20:36:56][Debug]: Your version is compatible with the latest version so you will still be listed in the master servers.
[20:36:56][Debug]: Performing backups...
[20:36:56][Debug]: Backups done
[20:37:01][Debug]: Performing backups...
[20:37:01][Debug]: Backups done
[20:37:06][Debug]: Performing backups...
[20:37:06][Debug]: Backups done
[20:37:11][Debug]: Performing backups...
[20:37:11][Debug]: Backups done
[20:37:16][Debug]: Performing backups...
[20:37:16][Debug]: Backups done
[20:37:21][Debug]: Performing backups...
[20:37:21][Debug]: Backups done
[20:37:26][Warning]: There is a new version of LMP! Please download it! Current: 0.29.0 Latest: 0.29.1
[20:37:26][Debug]: Your version is compatible with the latest version so you will still be listed in the master servers.
[20:37:26][Debug]: Performing backups...
[20:37:26][Debug]: Backups done
[20:37:31][Debug]: Performing backups...
[20:37:31][Debug]: Backups done
[20:37:36][Debug]: Performing backups...
[20:37:36][Debug]: Backups done
[20:37:41][Debug]: Performing backups...
[20:37:41][Debug]: Backups done
[20:37:46][Debug]: Performing backups...
[20:37:46][Debug]: Backups done
[20:37:51][Debug]: Performing backups...
[20:37:51][Debug]: Backups done
[20:37:56][Warning]: There is a new version of LMP! Please download it! Current: 0.29.0 Latest: 0.29.1
[20:37:56][Debug]: Your version is compatible with the latest version so you will still be listed in the master servers.
[20:37:56][Debug]: Performing backups...
[20:37:56][Debug]: Backups done
[20:38:01][Debug]: Performing backups...
[20:38:01][Debug]: Backups done
[20:38:06][Debug]: Performing backups...
[20:38:06][Debug]: Backups done
[20:38:11][Debug]: Performing backups...
[20:38:11][Debug]: Backups done
[20:38:16][Debug]: Performing backups...
[20:38:16][Debug]: Backups done
[20:38:21][Debug]: Performing backups...
[20:38:21][Debug]: Backups done
[20:38:26][Warning]: There is a new version of LMP! Please download it! Current: 0.29.0 Latest: 0.29.1
[20:38:26][Debug]: Your version is compatible with the latest version so you will still be listed in the master servers.
[20:38:26][Debug]: Performing backups...
[20:38:26][Debug]: Backups done
[20:38:31][Debug]: Performing backups...
[20:38:31][Debug]: Backups done
[20:38:36][Debug]: Performing backups...
[20:38:36][Debug]: Backups done
[20:38:41][Debug]: Performing backups...
[20:38:41][Debug]: Backups done
[20:38:46][Debug]: Performing backups...
[20:38:46][Debug]: Backups done
[20:38:51][Debug]: Performing backups...
[20:38:51][Debug]: Backups done
[20:38:56][Warning]: There is a new version of LMP! Please download it! Current: 0.29.0 Latest: 0.29.1
[20:38:56][Debug]: Your version is compatible with the latest version so you will still be listed in the master servers.
[20:38:56][Debug]: Performing backups...
[20:38:56][Debug]: Backups done
[20:39:01][Debug]: Performing backups...
[20:39:01][Debug]: Backups done
[20:39:06][Debug]: Performing backups...
[20:39:06][Debug]: Backups done
[20:39:11][Debug]: Performing backups...
[20:39:11][Debug]: Backups done
[20:39:16][Debug]: Performing backups...
[20:39:16][Debug]: Backups done
[20:39:21][Debug]: Performing backups...
[20:39:21][Debug]: Backups done
[20:39:26][Warning]: There is a new version of LMP! Please download it! Current: 0.29.0 Latest: 0.29.1
[20:39:26][Debug]: Your version is compatible with the latest version so you will still be listed in the master servers.
[20:39:26][Debug]: Performing backups...
[20:39:26][Debug]: Backups done
[20:39:31][Debug]: Performing backups...
[20:39:31][Debug]: Backups done
