[23:45:52][Info]: Remember! Quit the server by using 'Control + C' so a backup is properly made before closing!
[23:45:52][Info]: Documentation available at https://github.com/LunaMultiplayer/LunaMultiplayer/wiki
[23:45:52][LMP]: Luna Server version: 0.29.0 (/home/alex/Documents/ksp_server/lmp_server_out/)
[23:45:52][Debug]: Loading universe... 0.631KB
[23:45:52][Debug]: Loading groups...
[23:45:52][Debug]: Loading settings...
[23:45:52][Debug]: Loading mod control...
[23:45:52][Debug]: Loading plugins...
[23:45:52][LMP]: Starting 'Luna Server' on Address :: Port 8800... 
[23:45:52][Debug]: UPnP active. Port: 8800 Udp opened!
[23:45:53][Debug]: UPnP for website active. Port: 8800 Tcp opened!
[23:45:53][LMP]: All systems up and running. Поехали!
[23:45:53][Debug]: Performing backups...
[23:45:53][LMP]: Master server registration is active
[23:45:53][LMP]: End of stdin, stopping command listener
[23:45:53][Debug]: Backups done
[23:45:55][Debug]: Detected NAT addresses: 46.110.37.2:34836
[23:45:58][Debug]: Performing backups...
[23:45:58][Debug]: Backups done
[23:46:03][Debug]: Performing backups...
[23:46:03][Debug]: Backups done
[23:46:08][Debug]: Performing backups...
[23:46:08][Debug]: Backups done
[23:46:13][Debug]: Performing backups...
[23:46:13][Debug]: Backups done
[23:46:18][Debug]: Performing backups...
[23:46:18][Debug]: Backups done
[23:46:23][Warning]: There is a new version of LMP! Please download it! Current: 0.29.0 Latest: 0.29.1
[23:46:23][Debug]: Your version is compatible with the latest version so you will still be listed in the master servers.
[23:46:23][Debug]: Performing backups...
[23:46:23][Debug]: Backups done
[23:46:28][Debug]: Performing backups...
[23:46:28][Debug]: Backups done
[23:46:33][Debug]: Performing backups...
[23:46:33][Debug]: Backups done
[23:46:38][Debug]: Performing backups...
[23:46:38][Debug]: Backups done
[23:46:43][Debug]: Performing backups...
[23:46:43][Debug]: Backups done
[23:46:48][Debug]: Performing backups...
[23:46:48][Debug]: Backups done
[23:46:53][Warning]: There is a new version of LMP! Please download it! Current: 0.29.0 Latest: 0.29.1
[23:46:53][Debug]: Your version is compatible with the latest version so you will still be listed in the master servers.
[23:46:53][Debug]: Performing backups...
[23:46:53][Debug]: Backups done
[23:46:58][Debug]: Performing backups...
[23:46:58][Debug]: Backups done
[23:47:03][Debug]: Performing backups...
[23:47:03][Debug]: Backups done
[23:47:08][Debug]: Performing backups...
[23:47:08][Debug]: Backups done
[23:47:13][Debug]: Performing backups...
[23:47:13][Debug]: Backups done
[23:47:18][Debug]: Performing backups...
[23:47:18][Debug]: Backups done
[23:47:23][Warning]: There is a new version of LMP! Please download it! Current: 0.29.0 Latest: 0.29.1
[23:47:23][Debug]: Your version is compatible with the latest version so you will still be listed in the master servers.
[23:47:23][Debug]: Performing backups...
[23:47:23][Debug]: Backups done
[23:47:28][Debug]: Performing backups...
[23:47:28][Debug]: Backups done
[23:47:33][Debug]: Performing backups...
[23:47:33][Debug]: Backups done
[23:47:38][Debug]: Performing backups...
[23:47:38][Debug]: Backups done
[23:47:43][Debug]: Performing backups...
[23:47:43][Debug]: Backups done
[23:47:48][Debug]: Performing backups...
[23:47:48][Debug]: Backups done
[23:47:53][Warning]: There is a new version of LMP! Please download it! Current: 0.29.0 Latest: 0.29.1
[23:47:53][Debug]: Your version is compatible with the latest version so you will still be listed in the master servers.
[23:47:53][Debug]: Performing backups...
[23:47:53][Debug]: Backups done
[23:47:58][Debug]: Performing backups...
[23:47:58][Debug]: Backups done
[23:48:03][Debug]: Performing backups...
[23:48:03][Debug]: Backups done
[23:48:08][Debug]: Performing backups...
[23:48:08][Debug]: Backups done
[23:48:13][Debug]: Performing backups...
[23:48:13][Debug]: Backups done
[23:48:18][Debug]: Performing backups...
[23:48:18][Debug]: Backups done
[23:48:23][Warning]: There is a new version of LMP! Please download it! Current: 0.29.0 Latest: 0.29.1
[23:48:23][Debug]: Your version is compatible with the latest version so you will still be listed in the master servers.
[23:48:23][Debug]: Performing backups...
[23:48:23][Debug]: Backups done
[23:48:28][Debug]: Performing backups...
[23:48:28][Debug]: Backups done
[23:48:33][Debug]: Performing backups...
[23:48:33][Debug]: Backups done
[23:48:38][Debug]: Performing backups...
[23:48:38][Debug]: Backups done
[23:48:43][Debug]: Performing backups...
[23:48:43][Debug]: Backups done
[23:48:48][Debug]: Performing backups...
[23:48:48][Debug]: Backups done
[23:48:53][Warning]: There is a new version of LMP! Please download it! Current: 0.29.0 Latest: 0.29.1
[23:48:53][Debug]: Your version is compatible with the latest version so you will still be listed in the master servers.
[23:48:53][Debug]: Performing backups...
[23:48:53][Debug]: Backups done
[23:48:58][Debug]: Performing backups...
[23:48:58][Debug]: Backups done
[23:49:03][Debug]: Performing backups...
[23:49:03][Debug]: Backups done
[23:49:08][Debug]: Performing backups...
[23:49:08][Debug]: Backups done
[23:49:13][Debug]: Performing backups...
[23:49:13][Debug]: Backups done
[23:49:18][Debug]: Performing backups...
[23:49:18][Debug]: Backups done
[23:49:23][Warning]: There is a new version of LMP! Please download it! Current: 0.29.0 Latest: 0.29.1
[23:49:23][Debug]: Your version is compatible with the latest version so you will still be listed in the master servers.
[23:49:23][Debug]: Performing backups...
[23:49:23][Debug]: Backups done
[23:49:28][Debug]: Performing backups...
[23:49:28][Debug]: Backups done
[23:49:33][Debug]: Performing backups...
[23:49:33][Debug]: Backups done
[23:49:38][Debug]: Performing backups...
[23:49:38][Debug]: Backups done
[23:49:43][Debug]: Performing backups...
[23:49:43][Debug]: Backups done
[23:49:48][Debug]: Performing backups...
[23:49:48][Debug]: Backups done
[23:49:53][Warning]: There is a new version of LMP! Please download it! Current: 0.29.0 Latest: 0.29.1
[23:49:53][Debug]: Your version is compatible with the latest version so you will still be listed in the master servers.
[23:49:53][Debug]: Performing backups...
[23:49:53][Debug]: Backups done
[23:49:58][Debug]: Performing backups...
[23:49:58][Debug]: Backups done
[23:50:03][Debug]: Performing backups...
[23:50:03][Debug]: Backups done
[23:50:08][Debug]: Performing backups...
[23:50:08][Debug]: Backups done
[23:50:13][Debug]: Performing backups...
[23:50:13][Debug]: Backups done
[23:50:18][Debug]: Performing backups...
[23:50:18][Debug]: Backups done
[23:50:23][Warning]: There is a new version of LMP! Please download it! Current: 0.29.0 Latest: 0.29.1
[23:50:23][Debug]: Your version is compatible with the latest version so you will still be listed in the master servers.
[23:50:23][Debug]: Performing backups...
[23:50:23][Debug]: Backups done
[23:50:28][Debug]: Performing backups...
[23:50:28][Debug]: Backups done
[23:50:33][Debug]: Performing backups...
[23:50:33][Debug]: Backups done
[23:50:38][Debug]: Performing backups...
[23:50:38][Debug]: Backups done
[23:50:43][Debug]: Performing backups...
[23:50:43][Debug]: Backups done
[23:50:48][Debug]: Performing backups...
[23:50:48][Debug]: Backups done
[23:50:53][Warning]: There is a new version of LMP! Please download it! Current: 0.29.0 Latest: 0.29.1
[23:50:53][Debug]: Your version is compatible with the latest version so you will still be listed in the master servers.
[23:50:53][Debug]: Performing backups...
[23:50:53][Debug]: Backups done
[23:50:58][Debug]: Performing backups...
[23:50:58][Debug]: Backups done
[23:51:03][Debug]: Performing backups...
[23:51:03][Debug]: Backups done
[23:51:08][Debug]: Performing backups...
[23:51:08][Debug]: Backups done
[23:51:13][Debug]: Performing backups...
[23:51:13][Debug]: Backups done
[23:51:18][Debug]: Performing backups...
[23:51:18][Debug]: Backups done
[23:51:23][Warning]: There is a new version of LMP! Please download it! Current: 0.29.0 Latest: 0.29.1
[23:51:23][Debug]: Your version is compatible with the latest version so you will still be listed in the master servers.
[23:51:23][Debug]: Performing backups...
[23:51:23][Debug]: Backups done
[23:51:28][Debug]: Performing backups...
[23:51:28][Debug]: Backups done
[23:51:33][Debug]: Performing backups...
[23:51:33][Debug]: Backups done
[23:51:38][Debug]: Performing backups...
[23:51:38][Debug]: Backups done
[23:51:43][Debug]: Performing backups...
[23:51:43][Debug]: Backups done
[23:51:48][Debug]: Performing backups...
[23:51:48][Debug]: Backups done
[23:51:53][Warning]: There is a new version of LMP! Please download it! Current: 0.29.0 Latest: 0.29.1
[23:51:53][Debug]: Your version is compatible with the latest version so you will still be listed in the master servers.
[23:51:53][Debug]: Performing backups...
[23:51:53][Debug]: Backups done
[23:51:58][Debug]: Performing backups...
[23:51:58][Debug]: Backups done
[23:52:03][Debug]: Performing backups...
[23:52:03][Debug]: Backups done
[23:52:08][Debug]: Performing backups...
[23:52:08][Debug]: Backups done
[23:52:13][Debug]: Performing backups...
[23:52:13][Debug]: Backups done
[23:52:18][Debug]: Performing backups...
[23:52:18][Debug]: Backups done
[23:52:23][Warning]: There is a new version of LMP! Please download it! Current: 0.29.0 Latest: 0.29.1
[23:52:23][Debug]: Your version is compatible with the latest version so you will still be listed in the master servers.
[23:52:23][Debug]: Performing backups...
[23:52:23][Debug]: Backups done
[23:52:28][Debug]: Performing backups...
[23:52:28][Debug]: Backups done
[23:52:33][Debug]: Performing backups...
[23:52:33][Debug]: Backups done
[23:52:38][Debug]: Performing backups...
[23:52:38][Debug]: Backups done
[23:52:43][Debug]: Performing backups...
[23:52:43][Debug]: Backups done
[23:52:48][Debug]: Performing backups...
[23:52:48][Debug]: Backups done
[23:52:53][Warning]: There is a new version of LMP! Please download it! Current: 0.29.0 Latest: 0.29.1
[23:52:53][Debug]: Your version is compatible with the latest version so you will still be listed in the master servers.
[23:52:53][Debug]: Performing backups...
[23:52:53][Debug]: Backups done
[23:52:58][Debug]: Performing backups...
[23:52:58][Debug]: Backups done
[23:53:03][Debug]: Performing backups...
[23:53:03][Debug]: Backups done
[23:53:08][Debug]: Performing backups...
[23:53:08][Debug]: Backups done
[23:53:13][Debug]: Performing backups...
[23:53:13][Debug]: Backups done
[23:53:18][Debug]: Performing backups...
[23:53:18][Debug]: Backups done
[23:53:23][Warning]: There is a new version of LMP! Please download it! Current: 0.29.0 Latest: 0.29.1
[23:53:23][Debug]: Your version is compatible with the latest version so you will still be listed in the master servers.
[23:53:23][Debug]: Performing backups...
[23:53:23][Debug]: Backups done
[23:53:28][Debug]: Performing backups...
[23:53:28][Debug]: Backups done
[23:53:33][Debug]: Performing backups...
[23:53:33][Debug]: Backups done
[23:53:38][Debug]: Performing backups...
[23:53:38][Debug]: Backups done
[23:53:43][Debug]: Performing backups...
[23:53:43][Debug]: Backups done
[23:53:48][Debug]: Performing backups...
[23:53:48][Debug]: Backups done
[23:53:53][Warning]: There is a new version of LMP! Please download it! Current: 0.29.0 Latest: 0.29.1
[23:53:53][Debug]: Your version is compatible with the latest version so you will still be listed in the master servers.
[23:53:53][Debug]: Performing backups...
[23:53:53][Debug]: Backups done
[23:53:58][Debug]: Performing backups...
[23:53:58][Debug]: Backups done
[23:54:03][Debug]: Performing backups...
[23:54:03][Debug]: Backups done
[23:54:08][Debug]: Performing backups...
[23:54:08][Debug]: Backups done
[23:54:13][Debug]: Performing backups...
[23:54:13][Debug]: Backups done
[23:54:18][Debug]: Performing backups...
[23:54:18][Debug]: Backups done
[23:54:23][Warning]: There is a new version of LMP! Please download it! Current: 0.29.0 Latest: 0.29.1
[23:54:23][Debug]: Your version is compatible with the latest version so you will still be listed in the master servers.
[23:54:23][Debug]: Performing backups...
[23:54:23][Debug]: Backups done
[23:54:28][Debug]: Performing backups...
[23:54:28][Debug]: Backups done
[23:54:33][Debug]: Performing backups...
[23:54:33][Debug]: Backups done
[23:54:38][Debug]: Performing backups...
[23:54:38][Debug]: Backups done
[23:54:43][Debug]: Performing backups...
[23:54:43][Debug]: Backups done
[23:54:48][Debug]: Performing backups...
[23:54:48][Debug]: Backups done
[23:54:53][Warning]: There is a new version of LMP! Please download it! Current: 0.29.0 Latest: 0.29.1
[23:54:53][Debug]: Your version is compatible with the latest version so you will still be listed in the master servers.
[23:54:53][Debug]: Performing backups...
[23:54:53][Debug]: Backups done
[23:54:58][Debug]: Performing backups...
[23:54:58][Debug]: Backups done
[23:55:03][Debug]: Performing backups...
[23:55:03][Debug]: Backups done
[23:55:08][Debug]: Performing backups...
[23:55:08][Debug]: Backups done
[23:55:13][Debug]: Performing backups...
[23:55:13][Debug]: Backups done
