[21:47:47][Info]: Remember! Quit the server by using 'Control + C' so a backup is properly made before closing!
[21:47:47][Info]: Documentation available at https://github.com/LunaMultiplayer/LunaMultiplayer/wiki
[21:47:47][LMP]: Luna Server version: 0.29.0 (/home/alex/Documents/ksp_server/lmp_server_out/)
[21:47:47][Debug]: Loading universe... 0.629KB
[21:47:47][Debug]: Loading groups...
[21:47:47][Debug]: Loading settings...
[21:47:47][Debug]: Loading mod control...
[21:47:47][Debug]: Loading plugins...
[21:47:47][LMP]: Starting 'Luna Server' on Address :: Port 8800... 
[21:47:47][Debug]: UPnP active. Port: 8800 Udp opened!
[21:47:48][Debug]: UPnP for website active. Port: 8800 Tcp opened!
[21:47:48][Debug]: Performing backups...
[21:47:48][LMP]: All systems up and running. Поехали!
[21:47:48][LMP]: Master server registration is active
[21:47:48][Debug]: Lidgren: ERRORMESSAGE -- Packet parsing error: Value cannot be null. (Parameter 'key') from [::ffff:127.64.117.95]:44795
[21:47:48][LMP]: End of stdin, stopping command listener
[21:47:48][Fatal]: ERROR in thread receive! Details: System.Exception: Cannot deserialize this type of message!
   at LmpCommon.Message.Base.FactoryBase.GetMessageByType(UInt16 messageType) in /home/alex/Documents/ksp_server/LunaMultiplayer/LmpCommon/Message/Base/FactoryBase.cs:line 133
   at LmpCommon.Message.Base.FactoryBase.Deserialize(NetIncomingMessage lidgrenMsg, Int64 receiveTime) in /home/alex/Documents/ksp_server/LunaMultiplayer/LmpCommon/Message/Base/FactoryBase.cs:line 64
   at Server.Server.LidgrenServer.StartReceivingMessagesAsync()
[21:47:48][Debug]: Backups done
[21:47:53][Debug]: Performing backups...
[21:47:53][Debug]: Backups done
[21:47:58][Debug]: Performing backups...
[21:47:58][Debug]: Backups done
[21:48:03][Debug]: Performing backups...
[21:48:03][Debug]: Backups done
[21:48:03][LMP]: HTTP vessel upload: aaaaaaaa-bbbb-cccc-dddd-eeeeeeeeeeee (934 bytes)
[21:48:08][Debug]: Performing backups...
[21:48:08][Debug]: Backups done
[21:48:13][Debug]: Performing backups...
[21:48:13][Debug]: Backups done
[21:48:17][LMP]: HTTP vessel upload: aaaaaaaa-bbbb-cccc-dddd-eeeeeeeeeeee (934 bytes)
[21:48:18][Warning]: There is a new version of LMP! Please download it! Current: 0.29.0 Latest: 0.29.1
[21:48:18][Debug]: Your version is compatible with the latest version so you will still be listed in the master servers.
[21:48:18][Debug]: Performing backups...
[21:48:18][Debug]: Backups done
[21:48:23][Debug]: Performing backups...
[21:48:23][Debug]: Backups done
[21:48:28][Debug]: Performing backups...
[21:48:28][Debug]: Backups done
[21:48:33][Debug]: Performing backups...
[21:48:33][Debug]: Backups done
[21:48:38][Debug]: Performing backups...
[21:48:38][Debug]: Backups done
[21:48:43][Debug]: Performing backups...
[21:48:43][Debug]: Backups done
[21:48:48][Warning]: There is a new version of LMP! Please download it! Current: 0.29.0 Latest: 0.29.1
[21:48:48][Debug]: Your version is compatible with the latest version so you will still be listed in the master servers.
[21:48:48][Debug]: Performing backups...
[21:48:48][Debug]: Backups done
[21:48:53][Debug]: Performing backups...
[21:48:53][Debug]: Backups done
[21:48:58][Debug]: Performing backups...
[21:48:58][Debug]: Backups done
[21:49:03][Debug]: Performing backups...
[21:49:03][Debug]: Backups done
[21:49:08][Debug]: Performing backups...
[21:49:08][Debug]: Backups done
[21:49:13][Debug]: Performing backups...
[21:49:13][Debug]: Backups done
[21:49:18][Warning]: There is a new version of LMP! Please download it! Current: 0.29.0 Latest: 0.29.1
[21:49:18][Debug]: Your version is compatible with the latest version so you will still be listed in the master servers.
[21:49:18][Debug]: Performing backups...
[21:49:18][Debug]: Backups done
[21:49:23][Debug]: Performing backups...
[21:49:23][Debug]: Backups done
[21:49:28][Debug]: Performing backups...
[21:49:28][Debug]: Backups done
[21:49:30][LMP]: HTTP vessel upload: 3966c107-0ecc-4d70-9509-3d8e49d0957e (4685 bytes)
[21:49:31][LMP]: HTTP vessel upload: 4ae5ca2e-a9ff-40bb-a44a-1d24bd6d1f75 (2335 bytes)
[21:49:31][LMP]: HTTP vessel upload: dcf61c0c-7714-4a9c-99e7-bd563ed87e92 (2335 bytes)
[21:49:31][LMP]: HTTP vessel upload: 66428346-78ac-4f79-8cfe-6965feaf3900 (4684 bytes)
[21:49:31][LMP]: HTTP vessel upload: 7a860cec-ba34-42ee-a351-7ad4087dde22 (4691 bytes)
[21:49:33][Debug]: Performing backups...
[21:49:33][Debug]: Backups done
[21:49:38][Debug]: Performing backups...
[21:49:38][Debug]: Backups done
[21:49:41][LMP]: HTTP vessel upload: 3966c107-0ecc-4d70-9509-3d8e49d0957e (4695 bytes)
[21:49:41][LMP]: HTTP vessel upload: 8b5d673c-897f-4bd5-9b96-dd0df5adb8d1 (2338 bytes)
[21:49:43][Debug]: Performing backups...
[21:49:43][Debug]: Backups done
[21:49:48][Warning]: There is a new version of LMP! Please download it! Current: 0.29.0 Latest: 0.29.1
[21:49:48][Debug]: Your version is compatible with the latest version so you will still be listed in the master servers.
[21:49:48][Debug]: Performing backups...
[21:49:48][Debug]: Backups done
[21:49:53][Debug]: Performing backups...
[21:49:53][Debug]: Backups done
[21:49:58][Debug]: Performing backups...
[21:49:58][Debug]: Backups done
[21:50:03][Debug]: Performing backups...
[21:50:03][Debug]: Backups done
