[20:39:36][Info]: Remember! Quit the server by using 'Control + C' so a backup is properly made before closing!
[20:39:36][Info]: Documentation available at https://github.com/LunaMultiplayer/LunaMultiplayer/wiki
[20:39:36][LMP]: Luna Server version: 0.29.0 (/home/alex/Documents/ksp_server/lmp_server_out/)
[20:39:36][Debug]: Loading universe... 0.631KB
[20:39:36][Debug]: Loading groups...
[20:39:36][Debug]: Loading settings...
[20:39:36][Debug]: Loading mod control...
[20:39:36][Debug]: Loading plugins...
[20:39:36][LMP]: Starting 'Luna Server' on Address :: Port 8800... 
[20:39:37][Debug]: UPnP active. Port: 8800 Udp opened!
[20:39:37][Debug]: UPnP for website active. Port: 8900 Tcp opened!
[20:39:37][Debug]: Performing backups...
[20:39:37][LMP]: All systems up and running. Поехали!
[20:39:37][LMP]: Master server registration is active
[20:39:37][Debug]: Lidgren: ERRORMESSAGE -- Packet parsing error: Value cannot be null. (Parameter 'key') from [::ffff:127.200.212.88]:20233
[20:39:37][LMP]: End of stdin, stopping command listener
[20:39:37][Debug]: Lidgren: ERRORMESSAGE -- Packet parsing error: Value cannot be null. (Parameter 'key') from [::ffff:127.200.212.88]:20233
[20:39:37][Debug]: Backups done
[20:39:37][Fatal]: ERROR in thread receive! Details: System.Exception: Cannot deserialize this type of message!
   at LmpCommon.Message.Base.FactoryBase.GetMessageByType(UInt16 messageType) in /home/alex/Documents/ksp_server/LunaMultiplayer/LmpCommon/Message/Base/FactoryBase.cs:line 133
   at LmpCommon.Message.Base.FactoryBase.Deserialize(NetIncomingMessage lidgrenMsg, Int64 receiveTime) in /home/alex/Documents/ksp_server/LunaMultiplayer/LmpCommon/Message/Base/FactoryBase.cs:line 64
   at Server.Server.LidgrenServer.StartReceivingMessagesAsync() in /home/alex/Documents/ksp_server/LunaMultiplayer/Server/Server/LidgrenServer.cs:line 154
[20:39:42][Debug]: Performing backups...
[20:39:42][Debug]: Backups done
[20:39:47][Debug]: Performing backups...
[20:39:47][Debug]: Backups done
[20:39:52][Debug]: Performing backups...
[20:39:52][Debug]: Backups done
[20:39:57][Debug]: Performing backups...
[20:39:57][Debug]: Backups done
[20:40:02][Debug]: Performing backups...
[20:40:02][Debug]: Backups done
[20:40:07][Warning]: There is a new version of LMP! Please download it! Current: 0.29.0 Latest: 0.29.1
[20:40:07][Debug]: Your version is compatible with the latest version so you will still be listed in the master servers.
[20:40:07][Debug]: Performing backups...
[20:40:07][Debug]: Backups done
[20:40:12][Debug]: Performing backups...
[20:40:12][Debug]: Backups done
[20:40:17][Debug]: Performing backups...
[20:40:17][Debug]: Backups done
[20:40:22][Debug]: Performing backups...
[20:40:22][Debug]: Backups done
[20:40:27][Debug]: Performing backups...
[20:40:27][Debug]: Backups done
[20:40:32][Debug]: Performing backups...
[20:40:32][Debug]: Backups done
[20:40:37][Warning]: There is a new version of LMP! Please download it! Current: 0.29.0 Latest: 0.29.1
[20:40:37][Debug]: Your version is compatible with the latest version so you will still be listed in the master servers.
[20:40:37][Debug]: Performing backups...
[20:40:37][Debug]: Backups done
[20:40:42][Debug]: Performing backups...
[20:40:42][Debug]: Backups done
[20:40:47][Debug]: Performing backups...
[20:40:47][Debug]: Backups done
[20:40:52][Debug]: Performing backups...
[20:40:52][Debug]: Backups done
[20:40:57][Debug]: Performing backups...
[20:40:57][Debug]: Backups done
[20:41:02][Debug]: Performing backups...
[20:41:02][Debug]: Backups done
[20:41:07][Warning]: There is a new version of LMP! Please download it! Current: 0.29.0 Latest: 0.29.1
[20:41:07][Debug]: Your version is compatible with the latest version so you will still be listed in the master servers.
[20:41:07][Debug]: Performing backups...
[20:41:07][Debug]: Backups done
[20:41:12][Debug]: Performing backups...
[20:41:12][Debug]: Backups done
[20:41:17][Debug]: Performing backups...
[20:41:17][Debug]: Backups done
[20:41:22][Debug]: Performing backups...
[20:41:22][Debug]: Backups done
[20:41:27][Debug]: Performing backups...
[20:41:27][Debug]: Backups done
[20:41:32][Debug]: Performing backups...
[20:41:32][Debug]: Backups done
[20:41:37][Warning]: There is a new version of LMP! Please download it! Current: 0.29.0 Latest: 0.29.1
[20:41:37][Debug]: Your version is compatible with the latest version so you will still be listed in the master servers.
[20:41:37][Debug]: Performing backups...
[20:41:37][Debug]: Backups done
[20:41:42][Debug]: Performing backups...
[20:41:42][Debug]: Backups done
[20:41:47][Debug]: Performing backups...
[20:41:47][Debug]: Backups done
