[22:52:22][Info]: Remember! Quit the server by using 'Control + C' so a backup is properly made before closing!
[22:52:22][Info]: Documentation available at https://github.com/LunaMultiplayer/LunaMultiplayer/wiki
[22:52:22][LMP]: Luna Server version: 0.29.0 (/home/alex/Documents/ksp_server/lmp_server_out/)
[22:52:22][Debug]: Loading universe... 0.631KB
[22:52:22][Debug]: Loading groups...
[22:52:22][Debug]: Loading settings...
[22:52:22][Debug]: Loading mod control...
[22:52:22][Debug]: Loading plugins...
[22:52:22][LMP]: Starting 'Luna Server' on Address :: Port 8800... 
[22:52:23][Debug]: UPnP active. Port: 8800 Udp opened!
[22:52:23][Debug]: UPnP for website active. Port: 8900 Tcp opened!
[22:52:23][LMP]: All systems up and running. Поехали!
[22:52:23][Debug]: Performing backups...
[22:52:23][LMP]: Master server registration is active
[22:52:23][LMP]: End of stdin, stopping command listener
[22:52:23][Debug]: Backups done
[22:52:25][Debug]: Detected NAT addresses: 46.110.37.2:34836
[22:52:28][Debug]: Performing backups...
[22:52:28][Debug]: Backups done
[22:52:33][Debug]: Performing backups...
[22:52:33][Debug]: Backups done
[22:52:38][Debug]: Performing backups...
[22:52:38][Debug]: Backups done
[22:52:43][Debug]: Performing backups...
[22:52:43][Debug]: Backups done
[22:52:48][Debug]: Performing backups...
[22:52:48][Debug]: Backups done
[22:52:53][Warning]: There is a new version of LMP! Please download it! Current: 0.29.0 Latest: 0.29.1
[22:52:53][Debug]: Your version is compatible with the latest version so you will still be listed in the master servers.
[22:52:53][Debug]: Performing backups...
[22:52:53][Debug]: Backups done
[22:52:58][Debug]: Performing backups...
[22:52:58][Debug]: Backups done
[22:53:03][Debug]: Performing backups...
[22:53:03][Debug]: Backups done
[22:53:08][Debug]: Performing backups...
[22:53:08][Debug]: Backups done
[22:53:13][Debug]: Performing backups...
[22:53:13][Debug]: Backups done
[22:53:18][Debug]: Performing backups...
[22:53:18][Debug]: Backups done
[22:53:23][Warning]: There is a new version of LMP! Please download it! Current: 0.29.0 Latest: 0.29.1
[22:53:23][Debug]: Your version is compatible with the latest version so you will still be listed in the master servers.
[22:53:23][Debug]: Performing backups...
[22:53:23][Debug]: Backups done
[22:53:24][LMP]: HTTP vessel upload: aaaaaaaa-bbbb-cccc-dddd-eeeeeeeeeeee (659 bytes)
[22:53:24][Warning]: Received a vessel with BANNED parts! aaaaaaaa-bbbb-cccc-dddd-eeeeeeeeeeee
[22:53:28][Debug]: Performing backups...
[22:53:28][Debug]: Backups done
[22:53:33][Debug]: Performing backups...
[22:53:33][Debug]: Backups done
[22:53:38][Debug]: Performing backups...
[22:53:38][Debug]: Backups done
[22:53:43][Debug]: Performing backups...
[22:53:43][Debug]: Backups done
[22:53:48][Debug]: Performing backups...
[22:53:48][Debug]: Backups done
[22:53:53][Warning]: There is a new version of LMP! Please download it! Current: 0.29.0 Latest: 0.29.1
[22:53:53][Debug]: Your version is compatible with the latest version so you will still be listed in the master servers.
[22:53:53][Debug]: Performing backups...
[22:53:53][Debug]: Backups done
[22:53:58][Debug]: Performing backups...
[22:53:58][Debug]: Backups done
[22:54:03][Debug]: Performing backups...
[22:54:03][Debug]: Backups done
[22:54:08][Debug]: Performing backups...
[22:54:08][Debug]: Backups done
[22:54:13][Debug]: Performing backups...
[22:54:13][Debug]: Backups done
[22:54:18][Debug]: Performing backups...
[22:54:18][Debug]: Backups done
[22:54:23][Warning]: There is a new version of LMP! Please download it! Current: 0.29.0 Latest: 0.29.1
[22:54:23][Debug]: Your version is compatible with the latest version so you will still be listed in the master servers.
[22:54:23][Debug]: Performing backups...
[22:54:23][Debug]: Backups done
[22:54:28][Debug]: Performing backups...
[22:54:28][Debug]: Backups done
[22:54:33][Debug]: Performing backups...
[22:54:33][Debug]: Backups done
[22:54:38][Debug]: Performing backups...
[22:54:38][Debug]: Backups done
[22:54:43][Debug]: Performing backups...
[22:54:43][Debug]: Backups done
[22:54:48][Debug]: Performing backups...
[22:54:48][Debug]: Backups done
[22:54:53][Warning]: There is a new version of LMP! Please download it! Current: 0.29.0 Latest: 0.29.1
[22:54:53][Debug]: Your version is compatible with the latest version so you will still be listed in the master servers.
[22:54:53][Debug]: Performing backups...
[22:54:53][Debug]: Backups done
[22:54:58][Debug]: Performing backups...
[22:54:58][Debug]: Backups done
