[23:55:17][Info]: Remember! Quit the server by using 'Control + C' so a backup is properly made before closing!
[23:55:17][Info]: Documentation available at https://github.com/LunaMultiplayer/LunaMultiplayer/wiki
[23:55:17][LMP]: Luna Server version: 0.29.0 (/home/alex/Documents/ksp_server/lmp_server_out/)
[23:55:17][Debug]: Loading universe... 0.631KB
[23:55:17][Debug]: Loading groups...
[23:55:17][Debug]: Loading settings...
[23:55:17][Debug]: Loading mod control...
[23:55:17][Debug]: Loading plugins...
[23:55:17][LMP]: Starting 'Luna Server' on Address :: Port 8800... 
[23:55:18][Debug]: UPnP active. Port: 8800 Udp opened!
[23:55:18][Debug]: UPnP for website active. Port: 8800 Tcp opened!
[23:55:18][Debug]: Performing backups...
[23:55:18][LMP]: All systems up and running. Поехали!
[23:55:18][LMP]: Master server registration is active
[23:55:18][LMP]: End of stdin, stopping command listener
[23:55:18][Debug]: Backups done
[23:55:20][Debug]: Detected NAT addresses: 46.110.37.2:34836
[23:55:23][Debug]: Performing backups...
[23:55:23][Debug]: Backups done
[23:55:28][Debug]: Performing backups...
[23:55:28][Debug]: Backups done
[23:55:33][Debug]: Performing backups...
[23:55:33][Debug]: Backups done
[23:55:38][Debug]: Performing backups...
[23:55:38][Debug]: Backups done
[23:55:43][Debug]: Performing backups...
[23:55:43][Debug]: Backups done
[23:55:48][Warning]: There is a new version of LMP! Please download it! Current: 0.29.0 Latest: 0.29.1
[23:55:48][Debug]: Your version is compatible with the latest version so you will still be listed in the master servers.
[23:55:48][Debug]: Performing backups...
[23:55:48][Debug]: Backups done
[23:55:53][Debug]: Performing backups...
[23:55:53][Debug]: Backups done
[23:55:58][Debug]: Performing backups...
[23:55:58][Debug]: Backups done
[23:56:03][Debug]: Performing backups...
[23:56:03][Debug]: Backups done
[23:56:08][Debug]: Performing backups...
[23:56:08][Debug]: Backups done
[23:56:13][Debug]: Performing backups...
[23:56:13][Debug]: Backups done
[23:56:18][Warning]: There is a new version of LMP! Please download it! Current: 0.29.0 Latest: 0.29.1
[23:56:18][Debug]: Your version is compatible with the latest version so you will still be listed in the master servers.
[23:56:18][Debug]: Performing backups...
[23:56:18][Debug]: Backups done
[23:56:23][Debug]: Performing backups...
[23:56:23][Debug]: Backups done
[23:56:28][Debug]: Performing backups...
[23:56:28][Debug]: Backups done
[23:56:33][Debug]: Performing backups...
[23:56:33][Debug]: Backups done
[23:56:38][Debug]: Performing backups...
[23:56:38][Debug]: Backups done
[23:56:43][Debug]: Performing backups...
[23:56:43][Debug]: Backups done
[23:56:48][Warning]: There is a new version of LMP! Please download it! Current: 0.29.0 Latest: 0.29.1
[23:56:48][Debug]: Your version is compatible with the latest version so you will still be listed in the master servers.
[23:56:48][Debug]: Performing backups...
[23:56:48][Debug]: Backups done
[23:56:53][Debug]: Performing backups...
[23:56:53][Debug]: Backups done
[23:56:58][Debug]: Performing backups...
[23:56:58][Debug]: Backups done
[23:57:03][Debug]: Performing backups...
[23:57:03][Debug]: Backups done
[23:57:08][Debug]: Performing backups...
[23:57:08][Debug]: Backups done
[23:57:13][Debug]: Performing backups...
[23:57:13][Debug]: Backups done
[23:57:18][Warning]: There is a new version of LMP! Please download it! Current: 0.29.0 Latest: 0.29.1
[23:57:18][Debug]: Your version is compatible with the latest version so you will still be listed in the master servers.
[23:57:18][Debug]: Performing backups...
[23:57:18][Debug]: Backups done
[23:57:23][Debug]: Performing backups...
[23:57:23][Debug]: Backups done
[23:57:28][Debug]: Performing backups...
[23:57:28][Debug]: Backups done
[23:57:33][Debug]: Performing backups...
[23:57:33][Debug]: Backups done
[23:57:38][Debug]: Performing backups...
[23:57:38][Debug]: Backups done
[23:57:43][Debug]: Performing backups...
[23:57:43][Debug]: Backups done
[23:57:48][Warning]: There is a new version of LMP! Please download it! Current: 0.29.0 Latest: 0.29.1
[23:57:48][Debug]: Your version is compatible with the latest version so you will still be listed in the master servers.
[23:57:48][Debug]: Performing backups...
[23:57:48][Debug]: Backups done
[23:57:53][Debug]: Performing backups...
[23:57:53][Debug]: Backups done
[23:57:58][Debug]: Performing backups...
[23:57:58][Debug]: Backups done
[23:58:03][Debug]: Performing backups...
[23:58:03][Debug]: Backups done
[23:58:08][Debug]: Performing backups...
[23:58:08][Debug]: Backups done
[23:58:13][Debug]: Performing backups...
[23:58:13][Debug]: Backups done
[23:58:18][Warning]: There is a new version of LMP! Please download it! Current: 0.29.0 Latest: 0.29.1
[23:58:18][Debug]: Your version is compatible with the latest version so you will still be listed in the master servers.
[23:58:18][Debug]: Performing backups...
[23:58:18][Debug]: Backups done
[23:58:23][Debug]: Performing backups...
[23:58:23][Debug]: Backups done
[23:58:28][Debug]: Performing backups...
[23:58:28][Debug]: Backups done
[23:58:33][Debug]: Performing backups...
[23:58:33][Debug]: Backups done
[23:58:38][Debug]: Performing backups...
[23:58:38][Debug]: Backups done
[23:58:43][Debug]: Performing backups...
[23:58:43][Debug]: Backups done
[23:58:48][Warning]: There is a new version of LMP! Please download it! Current: 0.29.0 Latest: 0.29.1
[23:58:48][Debug]: Your version is compatible with the latest version so you will still be listed in the master servers.
[23:58:48][Debug]: Performing backups...
[23:58:48][Debug]: Backups done
[23:58:53][Debug]: Performing backups...
[23:58:53][Debug]: Backups done
[23:58:58][Debug]: Performing backups...
[23:58:58][Debug]: Backups done
[23:59:03][Debug]: Performing backups...
[23:59:03][Debug]: Backups done
[23:59:08][Debug]: Performing backups...
[23:59:08][Debug]: Backups done
[23:59:13][Debug]: Performing backups...
[23:59:13][Debug]: Backups done
[23:59:18][Warning]: There is a new version of LMP! Please download it! Current: 0.29.0 Latest: 0.29.1
[23:59:18][Debug]: Your version is compatible with the latest version so you will still be listed in the master servers.
[23:59:18][Debug]: Performing backups...
[23:59:18][Debug]: Backups done
[23:59:23][Debug]: Performing backups...
[23:59:23][Debug]: Backups done
[23:59:28][Debug]: Performing backups...
[23:59:28][Debug]: Backups done
[23:59:33][Debug]: Performing backups...
[23:59:33][Debug]: Backups done
[23:59:38][Debug]: Performing backups...
[23:59:38][Debug]: Backups done
[23:59:43][Debug]: Performing backups...
[23:59:43][Debug]: Backups done
[23:59:48][Warning]: There is a new version of LMP! Please download it! Current: 0.29.0 Latest: 0.29.1
[23:59:48][Debug]: Your version is compatible with the latest version so you will still be listed in the master servers.
[23:59:48][Debug]: Performing backups...
[23:59:48][Debug]: Backups done
[23:59:53][Debug]: Performing backups...
[23:59:53][Debug]: Backups done
[23:59:58][Debug]: Performing backups...
[23:59:58][Debug]: Backups done
[00:00:03][Debug]: Performing backups...
[00:00:03][Debug]: Backups done
[00:00:08][Debug]: Performing backups...
[00:00:08][Debug]: Backups done
[00:00:13][Debug]: Performing backups...
[00:00:13][Debug]: Backups done
[00:00:18][Warning]: There is a new version of LMP! Please download it! Current: 0.29.0 Latest: 0.29.1
[00:00:18][Debug]: Your version is compatible with the latest version so you will still be listed in the master servers.
[00:00:18][Debug]: Performing backups...
[00:00:18][Debug]: Backups done
[00:00:23][Debug]: Performing backups...
[00:00:23][Debug]: Backups done
[00:00:28][Debug]: Performing backups...
[00:00:28][Debug]: Backups done
[00:00:33][Debug]: Performing backups...
[00:00:33][Debug]: Backups done
[00:00:38][Debug]: Performing backups...
[00:00:38][Debug]: Backups done
[00:00:43][Debug]: Performing backups...
[00:00:43][Debug]: Backups done
[00:00:48][Warning]: There is a new version of LMP! Please download it! Current: 0.29.0 Latest: 0.29.1
[00:00:48][Debug]: Your version is compatible with the latest version so you will still be listed in the master servers.
[00:00:48][Debug]: Performing backups...
[00:00:48][Debug]: Backups done
[00:00:53][Debug]: Performing backups...
[00:00:53][Debug]: Backups done
[00:00:58][Debug]: Performing backups...
[00:00:58][Debug]: Backups done
[00:01:03][Debug]: Performing backups...
[00:01:03][Debug]: Backups done
[00:01:08][Debug]: Performing backups...
[00:01:08][Debug]: Backups done
[00:01:13][Debug]: Performing backups...
[00:01:13][Debug]: Backups done
[00:01:18][Warning]: There is a new version of LMP! Please download it! Current: 0.29.0 Latest: 0.29.1
[00:01:18][Debug]: Your version is compatible with the latest version so you will still be listed in the master servers.
[00:01:18][Debug]: Performing backups...
[00:01:18][Debug]: Backups done
[00:01:23][Debug]: Performing backups...
[00:01:23][Debug]: Backups done
[00:01:28][Debug]: Performing backups...
[00:01:28][Debug]: Backups done
[00:01:33][Debug]: Performing backups...
[00:01:33][Debug]: Backups done
[00:01:38][Debug]: Performing backups...
[00:01:38][Debug]: Backups done
[00:01:43][Debug]: Performing backups...
[00:01:43][Debug]: Backups done
[00:01:48][Warning]: There is a new version of LMP! Please download it! Current: 0.29.0 Latest: 0.29.1
[00:01:48][Debug]: Your version is compatible with the latest version so you will still be listed in the master servers.
[00:01:48][Debug]: Performing backups...
[00:01:48][Debug]: Backups done
[00:01:53][Debug]: Performing backups...
[00:01:53][Debug]: Backups done
[00:01:58][Debug]: Performing backups...
[00:01:58][Debug]: Backups done
[00:02:03][Debug]: Performing backups...
[00:02:03][Debug]: Backups done
[00:02:08][Debug]: Performing backups...
[00:02:08][Debug]: Backups done
[00:02:13][Debug]: Performing backups...
[00:02:13][Debug]: Backups done
[00:02:18][Warning]: There is a new version of LMP! Please download it! Current: 0.29.0 Latest: 0.29.1
[00:02:18][Debug]: Your version is compatible with the latest version so you will still be listed in the master servers.
[00:02:18][Debug]: Performing backups...
[00:02:18][Debug]: Backups done
[00:02:23][Debug]: Performing backups...
[00:02:23][Debug]: Backups done
[00:02:28][Debug]: Performing backups...
[00:02:28][Debug]: Backups done
[00:02:33][Debug]: Performing backups...
[00:02:33][Debug]: Backups done
[00:02:38][Debug]: Performing backups...
[00:02:38][Debug]: Backups done
[00:02:43][Debug]: Performing backups...
[00:02:43][Debug]: Backups done
[00:02:48][Warning]: There is a new version of LMP! Please download it! Current: 0.29.0 Latest: 0.29.1
[00:02:48][Debug]: Your version is compatible with the latest version so you will still be listed in the master servers.
[00:02:48][Debug]: Performing backups...
[00:02:48][Debug]: Backups done
[00:02:53][Debug]: Performing backups...
[00:02:53][Debug]: Backups done
[00:02:58][Debug]: Performing backups...
[00:02:58][Debug]: Backups done
[00:03:03][Debug]: Performing backups...
[00:03:03][Debug]: Backups done
[00:03:08][Debug]: Performing backups...
[00:03:08][Debug]: Backups done
[00:03:13][Debug]: Performing backups...
[00:03:13][Debug]: Backups done
[00:03:18][Warning]: There is a new version of LMP! Please download it! Current: 0.29.0 Latest: 0.29.1
[00:03:18][Debug]: Your version is compatible with the latest version so you will still be listed in the master servers.
[00:03:18][Debug]: Performing backups...
[00:03:18][Debug]: Backups done
[00:03:23][Debug]: Performing backups...
[00:03:23][Debug]: Backups done
[00:03:28][Debug]: Performing backups...
[00:03:28][Debug]: Backups done
[00:03:33][Debug]: Performing backups...
[00:03:33][Debug]: Backups done
[00:03:38][Debug]: Performing backups...
[00:03:38][Debug]: Backups done
[00:03:43][Debug]: Performing backups...
[00:03:43][Debug]: Backups done
[00:03:48][Warning]: There is a new version of LMP! Please download it! Current: 0.29.0 Latest: 0.29.1
[00:03:48][Debug]: Your version is compatible with the latest version so you will still be listed in the master servers.
[00:03:48][Debug]: Performing backups...
[00:03:48][Debug]: Backups done
[00:03:53][Debug]: Performing backups...
[00:03:53][Debug]: Backups done
[00:03:58][Debug]: Performing backups...
[00:03:58][Debug]: Backups done
[00:04:03][Debug]: Performing backups...
[00:04:03][Debug]: Backups done
[00:04:08][Debug]: Performing backups...
[00:04:08][Debug]: Backups done
[00:04:13][Debug]: Performing backups...
[00:04:13][Debug]: Backups done
[00:04:18][Warning]: There is a new version of LMP! Please download it! Current: 0.29.0 Latest: 0.29.1
[00:04:18][Debug]: Your version is compatible with the latest version so you will still be listed in the master servers.
[00:04:18][Debug]: Performing backups...
[00:04:18][Debug]: Backups done
[00:04:23][Debug]: Performing backups...
[00:04:23][Debug]: Backups done
[00:04:28][Debug]: Performing backups...
[00:04:28][Debug]: Backups done
[00:04:33][Debug]: Performing backups...
[00:04:33][Debug]: Backups done
[00:04:38][Debug]: Performing backups...
[00:04:38][Debug]: Backups done
[00:04:43][Debug]: Performing backups...
[00:04:43][Debug]: Backups done
[00:04:48][Warning]: There is a new version of LMP! Please download it! Current: 0.29.0 Latest: 0.29.1
[00:04:48][Debug]: Your version is compatible with the latest version so you will still be listed in the master servers.
[00:04:48][Debug]: Performing backups...
[00:04:48][Debug]: Backups done
[00:04:53][Debug]: Performing backups...
[00:04:53][Debug]: Backups done
[00:04:58][Debug]: Performing backups...
[00:04:58][Debug]: Backups done
[00:05:03][Debug]: Performing backups...
[00:05:03][Debug]: Backups done
[00:05:08][Debug]: Performing backups...
[00:05:08][Debug]: Backups done
[00:05:13][Debug]: Performing backups...
[00:05:13][Debug]: Backups done
[00:05:18][Warning]: There is a new version of LMP! Please download it! Current: 0.29.0 Latest: 0.29.1
[00:05:18][Debug]: Your version is compatible with the latest version so you will still be listed in the master servers.
[00:05:18][Debug]: Performing backups...
[00:05:18][Debug]: Backups done
[00:05:23][Debug]: Performing backups...
[00:05:23][Debug]: Backups done
[00:05:28][Debug]: Performing backups...
[00:05:28][Debug]: Backups done
[00:05:33][Debug]: Performing backups...
[00:05:33][Debug]: Backups done
[00:05:38][Debug]: Performing backups...
[00:05:38][Debug]: Backups done
[00:05:43][Debug]: Performing backups...
[00:05:43][Debug]: Backups done
[00:05:48][Warning]: There is a new version of LMP! Please download it! Current: 0.29.0 Latest: 0.29.1
[00:05:48][Debug]: Your version is compatible with the latest version so you will still be listed in the master servers.
[00:05:48][Debug]: Performing backups...
[00:05:48][Debug]: Backups done
[00:05:53][Debug]: Performing backups...
[00:05:53][Debug]: Backups done
[00:05:58][Debug]: Performing backups...
[00:05:58][Debug]: Backups done
[00:06:03][Debug]: Performing backups...
[00:06:03][Debug]: Backups done
[00:06:08][Debug]: Performing backups...
[00:06:08][Debug]: Backups done
[00:06:13][Debug]: Performing backups...
[00:06:13][Debug]: Backups done
[00:06:18][Warning]: There is a new version of LMP! Please download it! Current: 0.29.0 Latest: 0.29.1
[00:06:18][Debug]: Your version is compatible with the latest version so you will still be listed in the master servers.
[00:06:18][Debug]: Performing backups...
[00:06:18][Debug]: Backups done
[00:06:23][Debug]: Performing backups...
[00:06:23][Debug]: Backups done
[00:06:28][Debug]: Performing backups...
[00:06:28][Debug]: Backups done
[00:06:33][Debug]: Performing backups...
[00:06:33][Debug]: Backups done
[00:06:38][Debug]: Performing backups...
[00:06:38][Debug]: Backups done
[00:06:43][Debug]: Performing backups...
[00:06:43][Debug]: Backups done
[00:06:48][Warning]: There is a new version of LMP! Please download it! Current: 0.29.0 Latest: 0.29.1
[00:06:48][Debug]: Your version is compatible with the latest version so you will still be listed in the master servers.
[00:06:48][Debug]: Performing backups...
[00:06:48][Debug]: Backups done
[00:06:53][Debug]: Performing backups...
[00:06:53][Debug]: Backups done
[00:06:58][Debug]: Performing backups...
[00:06:58][Debug]: Backups done
[00:07:03][Debug]: Performing backups...
[00:07:03][Debug]: Backups done
[00:07:08][Debug]: Performing backups...
[00:07:08][Debug]: Backups done
[00:07:13][Debug]: Performing backups...
[00:07:13][Debug]: Backups done
[00:07:18][Warning]: There is a new version of LMP! Please download it! Current: 0.29.0 Latest: 0.29.1
[00:07:18][Debug]: Your version is compatible with the latest version so you will still be listed in the master servers.
[00:07:18][Debug]: Performing backups...
[00:07:18][Debug]: Backups done
[00:07:23][Debug]: Performing backups...
[00:07:23][Debug]: Backups done
[00:07:28][Debug]: Performing backups...
[00:07:28][Debug]: Backups done
[00:07:33][Debug]: Performing backups...
[00:07:33][Debug]: Backups done
[00:07:38][Debug]: Performing backups...
[00:07:38][Debug]: Backups done
[00:07:43][Debug]: Performing backups...
[00:07:43][Debug]: Backups done
[00:07:48][Warning]: There is a new version of LMP! Please download it! Current: 0.29.0 Latest: 0.29.1
[00:07:48][Debug]: Your version is compatible with the latest version so you will still be listed in the master servers.
[00:07:48][Debug]: Performing backups...
[00:07:48][Debug]: Backups done
[00:07:53][Debug]: Performing backups...
[00:07:53][Debug]: Backups done
[00:07:58][Debug]: Performing backups...
[00:07:58][Debug]: Backups done
[00:08:03][Debug]: Performing backups...
[00:08:03][Debug]: Backups done
[00:08:08][Debug]: Performing backups...
[00:08:08][Debug]: Backups done
[00:08:13][Debug]: Performing backups...
[00:08:13][Debug]: Backups done
[00:08:18][Warning]: There is a new version of LMP! Please download it! Current: 0.29.0 Latest: 0.29.1
[00:08:18][Debug]: Your version is compatible with the latest version so you will still be listed in the master servers.
[00:08:18][Debug]: Performing backups...
[00:08:18][Debug]: Backups done
[00:08:23][Debug]: Performing backups...
[00:08:23][Debug]: Backups done
[00:08:28][Debug]: Performing backups...
[00:08:28][Debug]: Backups done
[00:08:33][Debug]: Performing backups...
[00:08:33][Debug]: Backups done
[00:08:38][Debug]: Performing backups...
[00:08:38][Debug]: Backups done
[00:08:43][Debug]: Performing backups...
[00:08:43][Debug]: Backups done
[00:08:48][Warning]: There is a new version of LMP! Please download it! Current: 0.29.0 Latest: 0.29.1
[00:08:48][Debug]: Your version is compatible with the latest version so you will still be listed in the master servers.
[00:08:48][Debug]: Performing backups...
[00:08:48][Debug]: Backups done
[00:08:53][Debug]: Performing backups...
[00:08:53][Debug]: Backups done
[00:08:58][Debug]: Performing backups...
[00:08:58][Debug]: Backups done
[00:09:03][Debug]: Performing backups...
[00:09:03][Debug]: Backups done
[00:09:08][Debug]: Performing backups...
[00:09:08][Debug]: Backups done
[00:09:13][Debug]: Performing backups...
[00:09:13][Debug]: Backups done
[00:09:18][Warning]: There is a new version of LMP! Please download it! Current: 0.29.0 Latest: 0.29.1
[00:09:18][Debug]: Your version is compatible with the latest version so you will still be listed in the master servers.
[00:09:18][Debug]: Performing backups...
[00:09:18][Debug]: Backups done
[00:09:23][Debug]: Performing backups...
[00:09:23][Debug]: Backups done
[00:09:28][Debug]: Performing backups...
[00:09:28][Debug]: Backups done
[00:09:33][Debug]: Performing backups...
[00:09:33][Debug]: Backups done
[00:09:38][Debug]: Performing backups...
[00:09:38][Debug]: Backups done
[00:09:43][Debug]: Performing backups...
[00:09:43][Debug]: Backups done
[00:09:48][Warning]: There is a new version of LMP! Please download it! Current: 0.29.0 Latest: 0.29.1
[00:09:48][Debug]: Your version is compatible with the latest version so you will still be listed in the master servers.
[00:09:48][Debug]: Performing backups...
[00:09:48][Debug]: Backups done
[00:09:53][Debug]: Performing backups...
[00:09:53][Debug]: Backups done
[00:09:58][Debug]: Performing backups...
[00:09:58][Debug]: Backups done
[00:10:03][Debug]: Performing backups...
[00:10:03][Debug]: Backups done
[00:10:08][Debug]: Performing backups...
[00:10:08][Debug]: Backups done
[00:10:13][Debug]: Performing backups...
[00:10:13][Debug]: Backups done
[00:10:18][Warning]: There is a new version of LMP! Please download it! Current: 0.29.0 Latest: 0.29.1
[00:10:18][Debug]: Your version is compatible with the latest version so you will still be listed in the master servers.
[00:10:18][Debug]: Performing backups...
[00:10:18][Debug]: Backups done
[00:10:23][Debug]: Performing backups...
[00:10:23][Debug]: Backups done
[00:10:28][Debug]: Performing backups...
[00:10:28][Debug]: Backups done
[00:10:33][Debug]: Performing backups...
[00:10:33][Debug]: Backups done
[00:10:38][Debug]: Performing backups...
[00:10:38][Debug]: Backups done
[00:10:43][Debug]: Performing backups...
[00:10:43][Debug]: Backups done
[00:10:48][Warning]: There is a new version of LMP! Please download it! Current: 0.29.0 Latest: 0.29.1
[00:10:48][Debug]: Your version is compatible with the latest version so you will still be listed in the master servers.
[00:10:48][Debug]: Performing backups...
[00:10:48][Debug]: Backups done
[00:10:53][Debug]: Performing backups...
[00:10:53][Debug]: Backups done
[00:10:58][Debug]: Performing backups...
[00:10:58][Debug]: Backups done
[00:11:03][Debug]: Performing backups...
[00:11:03][Debug]: Backups done
[00:11:08][Debug]: Performing backups...
[00:11:08][Debug]: Backups done
[00:11:13][Debug]: Performing backups...
[00:11:13][Debug]: Backups done
[00:11:18][Warning]: There is a new version of LMP! Please download it! Current: 0.29.0 Latest: 0.29.1
[00:11:18][Debug]: Your version is compatible with the latest version so you will still be listed in the master servers.
[00:11:18][Debug]: Performing backups...
[00:11:18][Debug]: Backups done
[00:11:23][Debug]: Performing backups...
[00:11:23][Debug]: Backups done
[00:11:28][Debug]: Performing backups...
[00:11:28][Debug]: Backups done
[00:11:33][Debug]: Performing backups...
[00:11:33][Debug]: Backups done
[00:11:38][Debug]: Performing backups...
[00:11:38][Debug]: Backups done
[00:11:43][Debug]: Performing backups...
[00:11:43][Debug]: Backups done
[00:11:48][Warning]: There is a new version of LMP! Please download it! Current: 0.29.0 Latest: 0.29.1
[00:11:48][Debug]: Your version is compatible with the latest version so you will still be listed in the master servers.
[00:11:48][Debug]: Performing backups...
[00:11:48][Debug]: Backups done
[00:11:53][Debug]: Performing backups...
[00:11:53][Debug]: Backups done
[00:11:58][Debug]: Performing backups...
[00:11:58][Debug]: Backups done
[00:12:03][Debug]: Performing backups...
[00:12:03][Debug]: Backups done
[00:12:08][Debug]: Performing backups...
[00:12:08][Debug]: Backups done
[00:12:13][Debug]: Performing backups...
[00:12:13][Debug]: Backups done
[00:12:18][Warning]: There is a new version of LMP! Please download it! Current: 0.29.0 Latest: 0.29.1
[00:12:18][Debug]: Your version is compatible with the latest version so you will still be listed in the master servers.
[00:12:18][Debug]: Performing backups...
[00:12:18][Debug]: Backups done
[00:12:23][Debug]: Performing backups...
[00:12:23][Debug]: Backups done
[00:12:28][Debug]: Performing backups...
[00:12:28][Debug]: Backups done
[00:12:33][Debug]: Performing backups...
[00:12:33][Debug]: Backups done
[00:12:38][Debug]: Performing backups...
[00:12:38][Debug]: Backups done
[00:12:43][Debug]: Performing backups...
[00:12:43][Debug]: Backups done
[00:12:48][Warning]: There is a new version of LMP! Please download it! Current: 0.29.0 Latest: 0.29.1
[00:12:48][Debug]: Your version is compatible with the latest version so you will still be listed in the master servers.
[00:12:48][Debug]: Performing backups...
[00:12:48][Debug]: Backups done
[00:12:53][Debug]: Performing backups...
[00:12:53][Debug]: Backups done
[00:12:58][Debug]: Performing backups...
[00:12:58][Debug]: Backups done
[00:13:03][Debug]: Performing backups...
[00:13:03][Debug]: Backups done
[00:13:08][Debug]: Performing backups...
[00:13:08][Debug]: Backups done
[00:13:13][Debug]: Performing backups...
[00:13:13][Debug]: Backups done
[00:13:18][Warning]: There is a new version of LMP! Please download it! Current: 0.29.0 Latest: 0.29.1
[00:13:18][Debug]: Your version is compatible with the latest version so you will still be listed in the master servers.
[00:13:18][Debug]: Performing backups...
[00:13:18][Debug]: Backups done
[00:13:23][Debug]: Performing backups...
[00:13:23][Debug]: Backups done
[00:13:28][Debug]: Performing backups...
[00:13:28][Debug]: Backups done
[00:13:33][Debug]: Performing backups...
[00:13:33][Debug]: Backups done
[00:13:38][Debug]: Performing backups...
[00:13:38][Debug]: Backups done
[00:13:43][Debug]: Performing backups...
[00:13:43][Debug]: Backups done
[00:13:48][Warning]: There is a new version of LMP! Please download it! Current: 0.29.0 Latest: 0.29.1
[00:13:48][Debug]: Your version is compatible with the latest version so you will still be listed in the master servers.
[00:13:48][Debug]: Performing backups...
[00:13:48][Debug]: Backups done
[00:13:53][Debug]: Performing backups...
[00:13:53][Debug]: Backups done
[00:13:58][Debug]: Performing backups...
[00:13:58][Debug]: Backups done
[00:14:03][Debug]: Performing backups...
[00:14:03][Debug]: Backups done
[00:14:08][Debug]: Performing backups...
[00:14:08][Debug]: Backups done
[00:14:13][Debug]: Performing backups...
[00:14:13][Debug]: Backups done
[00:14:18][Warning]: There is a new version of LMP! Please download it! Current: 0.29.0 Latest: 0.29.1
[00:14:18][Debug]: Your version is compatible with the latest version so you will still be listed in the master servers.
[00:14:18][Debug]: Performing backups...
[00:14:18][Debug]: Backups done
[00:14:23][Debug]: Performing backups...
[00:14:23][Debug]: Backups done
[00:14:28][Debug]: Performing backups...
[00:14:28][Debug]: Backups done
[00:14:33][Debug]: Performing backups...
[00:14:33][Debug]: Backups done
[00:14:38][Debug]: Performing backups...
[00:14:38][Debug]: Backups done
[00:14:43][Debug]: Performing backups...
[00:14:43][Debug]: Backups done
[00:14:48][Warning]: There is a new version of LMP! Please download it! Current: 0.29.0 Latest: 0.29.1
[00:14:48][Debug]: Your version is compatible with the latest version so you will still be listed in the master servers.
[00:14:48][Debug]: Performing backups...
[00:14:48][Debug]: Backups done
[00:14:53][Debug]: Performing backups...
[00:14:53][Debug]: Backups done
[00:14:58][Debug]: Performing backups...
[00:14:58][Debug]: Backups done
[00:15:03][Debug]: Performing backups...
[00:15:03][Debug]: Backups done
[00:15:08][Debug]: Performing backups...
[00:15:08][Debug]: Backups done
[00:15:13][Debug]: Performing backups...
[00:15:13][Debug]: Backups done
[00:15:18][Warning]: There is a new version of LMP! Please download it! Current: 0.29.0 Latest: 0.29.1
[00:15:18][Debug]: Your version is compatible with the latest version so you will still be listed in the master servers.
[00:15:18][Debug]: Performing backups...
[00:15:18][Debug]: Backups done
[00:15:23][Debug]: Performing backups...
[00:15:23][Debug]: Backups done
[00:15:28][Debug]: Performing backups...
[00:15:28][Debug]: Backups done
[00:15:33][Debug]: Performing backups...
[00:15:33][Debug]: Backups done
[00:15:38][Debug]: Performing backups...
[00:15:38][Debug]: Backups done
[00:15:43][Debug]: Performing backups...
[00:15:43][Debug]: Backups done
[00:15:48][Warning]: There is a new version of LMP! Please download it! Current: 0.29.0 Latest: 0.29.1
[00:15:48][Debug]: Your version is compatible with the latest version so you will still be listed in the master servers.
[00:15:48][Debug]: Performing backups...
[00:15:48][Debug]: Backups done
[00:15:53][Debug]: Performing backups...
[00:15:53][Debug]: Backups done
[00:15:58][Debug]: Performing backups...
[00:15:58][Debug]: Backups done
[00:16:03][Debug]: Performing backups...
[00:16:03][Debug]: Backups done
[00:16:08][Debug]: Performing backups...
[00:16:08][Debug]: Backups done
[00:16:13][Debug]: Performing backups...
[00:16:13][Debug]: Backups done
[00:16:18][Warning]: There is a new version of LMP! Please download it! Current: 0.29.0 Latest: 0.29.1
[00:16:18][Debug]: Your version is compatible with the latest version so you will still be listed in the master servers.
[00:16:18][Debug]: Performing backups...
[00:16:18][Debug]: Backups done
[00:16:23][Debug]: Performing backups...
[00:16:23][Debug]: Backups done
[00:16:28][Debug]: Performing backups...
[00:16:28][Debug]: Backups done
[00:16:33][Debug]: Performing backups...
[00:16:33][Debug]: Backups done
[00:16:38][Debug]: Performing backups...
[00:16:38][Debug]: Backups done
[00:16:43][Debug]: Performing backups...
[00:16:43][Debug]: Backups done
[00:16:48][Warning]: There is a new version of LMP! Please download it! Current: 0.29.0 Latest: 0.29.1
[00:16:48][Debug]: Your version is compatible with the latest version so you will still be listed in the master servers.
[00:16:48][Debug]: Performing backups...
[00:16:48][Debug]: Backups done
[00:16:53][Debug]: Performing backups...
[00:16:53][Debug]: Backups done
[00:16:58][Debug]: Performing backups...
[00:16:58][Debug]: Backups done
[00:17:03][Debug]: Performing backups...
[00:17:03][Debug]: Backups done
[00:17:08][Debug]: Performing backups...
[00:17:08][Debug]: Backups done
[00:17:13][Debug]: Performing backups...
[00:17:13][Debug]: Backups done
[00:17:18][Warning]: There is a new version of LMP! Please download it! Current: 0.29.0 Latest: 0.29.1
[00:17:18][Debug]: Your version is compatible with the latest version so you will still be listed in the master servers.
[00:17:18][Debug]: Performing backups...
[00:17:18][Debug]: Backups done
[00:17:23][Debug]: Performing backups...
[00:17:23][Debug]: Backups done
[00:17:28][Debug]: Performing backups...
[00:17:28][Debug]: Backups done
[00:17:33][Debug]: Performing backups...
[00:17:33][Debug]: Backups done
[00:17:38][Debug]: Performing backups...
[00:17:38][Debug]: Backups done
[00:17:43][Debug]: Performing backups...
[00:17:43][Debug]: Backups done
[00:17:48][Warning]: There is a new version of LMP! Please download it! Current: 0.29.0 Latest: 0.29.1
[00:17:48][Debug]: Your version is compatible with the latest version so you will still be listed in the master servers.
[00:17:48][Debug]: Performing backups...
[00:17:48][Debug]: Backups done
[00:17:53][Debug]: Performing backups...
[00:17:53][Debug]: Backups done
[00:17:58][Debug]: Performing backups...
[00:17:58][Debug]: Backups done
[00:18:03][Debug]: Performing backups...
[00:18:03][Debug]: Backups done
[00:18:08][Debug]: Performing backups...
[00:18:08][Debug]: Backups done
[00:18:13][Debug]: Performing backups...
[00:18:13][Debug]: Backups done
[00:18:18][Warning]: There is a new version of LMP! Please download it! Current: 0.29.0 Latest: 0.29.1
[00:18:18][Debug]: Your version is compatible with the latest version so you will still be listed in the master servers.
[00:18:18][Debug]: Performing backups...
[00:18:18][Debug]: Backups done
[00:18:23][Debug]: Performing backups...
[00:18:23][Debug]: Backups done
[00:18:28][Debug]: Performing backups...
[00:18:28][Debug]: Backups done
[00:18:33][Debug]: Performing backups...
[00:18:33][Debug]: Backups done
[00:18:38][Debug]: Performing backups...
[00:18:38][Debug]: Backups done
[00:18:43][Debug]: Performing backups...
[00:18:43][Debug]: Backups done
[00:18:48][Warning]: There is a new version of LMP! Please download it! Current: 0.29.0 Latest: 0.29.1
[00:18:48][Debug]: Your version is compatible with the latest version so you will still be listed in the master servers.
[00:18:48][Debug]: Performing backups...
[00:18:48][Debug]: Backups done
[00:18:53][Debug]: Performing backups...
[00:18:53][Debug]: Backups done
[00:18:58][Debug]: Performing backups...
[00:18:58][Debug]: Backups done
[00:19:03][Debug]: Performing backups...
[00:19:03][Debug]: Backups done
[00:19:08][Debug]: Performing backups...
[00:19:08][Debug]: Backups done
[00:19:13][Debug]: Performing backups...
[00:19:13][Debug]: Backups done
[00:19:18][Warning]: There is a new version of LMP! Please download it! Current: 0.29.0 Latest: 0.29.1
[00:19:18][Debug]: Your version is compatible with the latest version so you will still be listed in the master servers.
[00:19:18][Debug]: Performing backups...
[00:19:18][Debug]: Backups done
[00:19:23][Debug]: Performing backups...
[00:19:23][Debug]: Backups done
[00:19:28][Debug]: Performing backups...
[00:19:28][Debug]: Backups done
[00:19:33][Debug]: Performing backups...
[00:19:33][Debug]: Backups done
[00:19:38][Debug]: Performing backups...
[00:19:38][Debug]: Backups done
[00:19:43][Debug]: Performing backups...
[00:19:43][Debug]: Backups done
[00:19:48][Warning]: There is a new version of LMP! Please download it! Current: 0.29.0 Latest: 0.29.1
[00:19:48][Debug]: Your version is compatible with the latest version so you will still be listed in the master servers.
[00:19:48][Debug]: Performing backups...
[00:19:48][Debug]: Backups done
[00:19:53][Debug]: Performing backups...
[00:19:53][Debug]: Backups done
[00:19:58][Debug]: Performing backups...
[00:19:58][Debug]: Backups done
[00:20:03][Debug]: Performing backups...
[00:20:03][Debug]: Backups done
[00:20:08][Debug]: Performing backups...
[00:20:08][Debug]: Backups done
[00:20:13][Debug]: Performing backups...
[00:20:13][Debug]: Backups done
[00:20:18][Warning]: There is a new version of LMP! Please download it! Current: 0.29.0 Latest: 0.29.1
[00:20:18][Debug]: Your version is compatible with the latest version so you will still be listed in the master servers.
[00:20:18][Debug]: Performing backups...
[00:20:18][Debug]: Backups done
[00:20:23][Debug]: Performing backups...
[00:20:23][Debug]: Backups done
[00:20:28][Debug]: Performing backups...
[00:20:28][Debug]: Backups done
[00:20:33][Debug]: Performing backups...
[00:20:33][Debug]: Backups done
[00:20:38][Debug]: Performing backups...
[00:20:38][Debug]: Backups done
[00:20:43][Debug]: Performing backups...
[00:20:43][Debug]: Backups done
[00:20:48][Warning]: There is a new version of LMP! Please download it! Current: 0.29.0 Latest: 0.29.1
[00:20:48][Debug]: Your version is compatible with the latest version so you will still be listed in the master servers.
[00:20:48][Debug]: Performing backups...
[00:20:48][Debug]: Backups done
[00:20:53][Debug]: Performing backups...
[00:20:53][Debug]: Backups done
[00:20:58][Debug]: Performing backups...
[00:20:58][Debug]: Backups done
[00:21:03][Debug]: Performing backups...
[00:21:03][Debug]: Backups done
[00:21:08][Debug]: Performing backups...
[00:21:08][Debug]: Backups done
[00:21:13][Debug]: Performing backups...
[00:21:13][Debug]: Backups done
[00:21:18][Warning]: There is a new version of LMP! Please download it! Current: 0.29.0 Latest: 0.29.1
[00:21:18][Debug]: Your version is compatible with the latest version so you will still be listed in the master servers.
[00:21:18][Debug]: Performing backups...
[00:21:18][Debug]: Backups done
[00:21:23][Debug]: Performing backups...
[00:21:23][Debug]: Backups done
[00:21:28][Debug]: Performing backups...
[00:21:28][Debug]: Backups done
[00:21:33][Debug]: Performing backups...
[00:21:33][Debug]: Backups done
[00:21:38][Debug]: Performing backups...
[00:21:38][Debug]: Backups done
[00:21:43][Debug]: Performing backups...
[00:21:43][Debug]: Backups done
[00:21:48][Warning]: There is a new version of LMP! Please download it! Current: 0.29.0 Latest: 0.29.1
[00:21:48][Debug]: Your version is compatible with the latest version so you will still be listed in the master servers.
[00:21:48][Debug]: Performing backups...
[00:21:48][Debug]: Backups done
[00:21:53][Debug]: Performing backups...
[00:21:53][Debug]: Backups done
[00:21:58][Debug]: Performing backups...
[00:21:58][Debug]: Backups done
[00:22:03][Debug]: Performing backups...
[00:22:03][Debug]: Backups done
[00:22:08][Debug]: Performing backups...
[00:22:08][Debug]: Backups done
[00:22:13][Debug]: Performing backups...
[00:22:13][Debug]: Backups done
[00:22:18][Warning]: There is a new version of LMP! Please download it! Current: 0.29.0 Latest: 0.29.1
[00:22:18][Debug]: Your version is compatible with the latest version so you will still be listed in the master servers.
[00:22:18][Debug]: Performing backups...
[00:22:18][Debug]: Backups done
[00:22:23][Debug]: Performing backups...
[00:22:23][Debug]: Backups done
[00:22:28][Debug]: Performing backups...
[00:22:28][Debug]: Backups done
[00:22:33][Debug]: Performing backups...
[00:22:33][Debug]: Backups done
[00:22:38][Debug]: Performing backups...
[00:22:38][Debug]: Backups done
[00:22:43][Debug]: Performing backups...
[00:22:43][Debug]: Backups done
[00:22:48][Warning]: There is a new version of LMP! Please download it! Current: 0.29.0 Latest: 0.29.1
[00:22:48][Debug]: Your version is compatible with the latest version so you will still be listed in the master servers.
[00:22:48][Debug]: Performing backups...
[00:22:48][Debug]: Backups done
[00:22:53][Debug]: Performing backups...
[00:22:53][Debug]: Backups done
[00:22:58][Debug]: Performing backups...
[00:22:58][Debug]: Backups done
[00:23:03][Debug]: Performing backups...
[00:23:03][Debug]: Backups done
[00:23:08][Debug]: Performing backups...
[00:23:08][Debug]: Backups done
[00:23:13][Debug]: Performing backups...
[00:23:13][Debug]: Backups done
[00:23:18][Warning]: There is a new version of LMP! Please download it! Current: 0.29.0 Latest: 0.29.1
[00:23:18][Debug]: Your version is compatible with the latest version so you will still be listed in the master servers.
[00:23:18][Debug]: Performing backups...
[00:23:18][Debug]: Backups done
[00:23:23][Debug]: Performing backups...
[00:23:23][Debug]: Backups done
[00:23:28][Debug]: Performing backups...
[00:23:28][Debug]: Backups done
[00:23:33][Debug]: Performing backups...
[00:23:33][Debug]: Backups done
[00:23:38][Debug]: Performing backups...
[00:23:38][Debug]: Backups done
[00:23:43][Debug]: Performing backups...
[00:23:43][Debug]: Backups done
[00:23:48][Warning]: There is a new version of LMP! Please download it! Current: 0.29.0 Latest: 0.29.1
[00:23:48][Debug]: Your version is compatible with the latest version so you will still be listed in the master servers.
[00:23:48][Debug]: Performing backups...
[00:23:48][Debug]: Backups done
[00:23:53][Debug]: Performing backups...
[00:23:53][Debug]: Backups done
[00:23:58][Debug]: Performing backups...
[00:23:59][Debug]: Backups done
[00:24:04][Debug]: Performing backups...
[00:24:04][Debug]: Backups done
[00:24:09][Debug]: Performing backups...
[00:24:09][Debug]: Backups done
[00:24:14][Debug]: Performing backups...
[00:24:14][Debug]: Backups done
[00:24:18][Warning]: There is a new version of LMP! Please download it! Current: 0.29.0 Latest: 0.29.1
[00:24:18][Debug]: Your version is compatible with the latest version so you will still be listed in the master servers.
[00:24:19][Debug]: Performing backups...
[00:24:19][Debug]: Backups done
[00:24:24][Debug]: Performing backups...
[00:24:24][Debug]: Backups done
[00:24:29][Debug]: Performing backups...
[00:24:29][Debug]: Backups done
[00:24:34][Debug]: Performing backups...
[00:24:34][Debug]: Backups done
[00:24:39][Debug]: Performing backups...
[00:24:39][Debug]: Backups done
[00:24:44][Debug]: Performing backups...
[00:24:44][Debug]: Backups done
[00:24:48][Warning]: There is a new version of LMP! Please download it! Current: 0.29.0 Latest: 0.29.1
[00:24:48][Debug]: Your version is compatible with the latest version so you will still be listed in the master servers.
[00:24:49][Debug]: Performing backups...
[00:24:49][Debug]: Backups done
[00:24:54][Debug]: Performing backups...
[00:24:54][Debug]: Backups done
[00:24:59][Debug]: Performing backups...
[00:24:59][Debug]: Backups done
[00:25:04][Debug]: Performing backups...
[00:25:04][Debug]: Backups done
[00:25:09][Debug]: Performing backups...
[00:25:09][Debug]: Backups done
[00:25:14][Debug]: Performing backups...
[00:25:14][Debug]: Backups done
[00:25:17][Debug]: Deleting saved log 'lmpserver 2026-04-12 00-00-34', reason: Expired!
[00:25:18][Warning]: There is a new version of LMP! Please download it! Current: 0.29.0 Latest: 0.29.1
[00:25:18][Debug]: Your version is compatible with the latest version so you will still be listed in the master servers.
[00:25:19][Debug]: Performing backups...
[00:25:19][Debug]: Backups done
[00:25:24][Debug]: Performing backups...
[00:25:24][Debug]: Backups done
[00:25:29][Debug]: Performing backups...
[00:25:29][Debug]: Backups done
[00:25:34][Debug]: Performing backups...
[00:25:34][Debug]: Backups done
[00:25:39][Debug]: Performing backups...
[00:25:39][Debug]: Backups done
[00:25:44][Debug]: Performing backups...
[00:25:44][Debug]: Backups done
[00:25:48][Warning]: There is a new version of LMP! Please download it! Current: 0.29.0 Latest: 0.29.1
[00:25:48][Debug]: Your version is compatible with the latest version so you will still be listed in the master servers.
[00:25:49][Debug]: Performing backups...
[00:25:49][Debug]: Backups done
[00:25:54][Debug]: Performing backups...
[00:25:54][Debug]: Backups done
[00:25:59][Debug]: Performing backups...
[00:25:59][Debug]: Backups done
[00:26:04][Debug]: Performing backups...
[00:26:04][Debug]: Backups done
[00:26:09][Debug]: Performing backups...
[00:26:09][Debug]: Backups done
[00:26:14][Debug]: Performing backups...
[00:26:14][Debug]: Backups done
[00:26:18][Warning]: There is a new version of LMP! Please download it! Current: 0.29.0 Latest: 0.29.1
[00:26:18][Debug]: Your version is compatible with the latest version so you will still be listed in the master servers.
[00:26:19][Debug]: Performing backups...
[00:26:19][Debug]: Backups done
[00:26:24][Debug]: Performing backups...
[00:26:24][Debug]: Backups done
[00:26:29][Debug]: Performing backups...
[00:26:29][Debug]: Backups done
[00:26:34][Debug]: Performing backups...
[00:26:34][Debug]: Backups done
[00:26:39][Debug]: Performing backups...
[00:26:39][Debug]: Backups done
[00:26:44][Debug]: Performing backups...
[00:26:44][Debug]: Backups done
[00:26:48][Warning]: There is a new version of LMP! Please download it! Current: 0.29.0 Latest: 0.29.1
[00:26:48][Debug]: Your version is compatible with the latest version so you will still be listed in the master servers.
[00:26:49][Debug]: Performing backups...
[00:26:49][Debug]: Backups done
[00:26:54][Debug]: Performing backups...
[00:26:54][Debug]: Backups done
[00:26:59][Debug]: Performing backups...
[00:26:59][Debug]: Backups done
[00:27:04][Debug]: Performing backups...
[00:27:04][Debug]: Backups done
[00:27:09][Debug]: Performing backups...
[00:27:09][Debug]: Backups done
[00:27:14][Debug]: Performing backups...
[00:27:14][Debug]: Backups done
[00:27:18][Warning]: There is a new version of LMP! Please download it! Current: 0.29.0 Latest: 0.29.1
[00:27:18][Debug]: Your version is compatible with the latest version so you will still be listed in the master servers.
[00:27:19][Debug]: Performing backups...
[00:27:19][Debug]: Backups done
[00:27:24][Debug]: Performing backups...
[00:27:24][Debug]: Backups done
[00:27:29][Debug]: Performing backups...
[00:27:29][Debug]: Backups done
[00:27:34][Debug]: Performing backups...
[00:27:34][Debug]: Backups done
[00:27:39][Debug]: Performing backups...
[00:27:39][Debug]: Backups done
[00:27:44][Debug]: Performing backups...
[00:27:44][Debug]: Backups done
[00:27:48][Warning]: There is a new version of LMP! Please download it! Current: 0.29.0 Latest: 0.29.1
[00:27:48][Debug]: Your version is compatible with the latest version so you will still be listed in the master servers.
[00:27:49][Debug]: Performing backups...
[00:27:49][Debug]: Backups done
[00:27:54][Debug]: Performing backups...
[00:27:54][Debug]: Backups done
[00:27:59][Debug]: Performing backups...
[00:27:59][Debug]: Backups done
[00:28:04][Debug]: Performing backups...
[00:28:04][Debug]: Backups done
[00:28:09][Debug]: Performing backups...
[00:28:09][Debug]: Backups done
[00:28:14][Debug]: Performing backups...
[00:28:14][Debug]: Backups done
[00:28:18][Warning]: There is a new version of LMP! Please download it! Current: 0.29.0 Latest: 0.29.1
[00:28:18][Debug]: Your version is compatible with the latest version so you will still be listed in the master servers.
[00:28:19][Debug]: Performing backups...
[00:28:19][Debug]: Backups done
[00:28:24][Debug]: Performing backups...
[00:28:24][Debug]: Backups done
[00:28:29][Debug]: Performing backups...
[00:28:29][Debug]: Backups done
[00:28:34][Debug]: Performing backups...
[00:28:34][Debug]: Backups done
[00:28:39][Debug]: Performing backups...
[00:28:39][Debug]: Backups done
[00:28:44][Debug]: Performing backups...
[00:28:44][Debug]: Backups done
[00:28:48][Warning]: There is a new version of LMP! Please download it! Current: 0.29.0 Latest: 0.29.1
[00:28:48][Debug]: Your version is compatible with the latest version so you will still be listed in the master servers.
[00:28:49][Debug]: Performing backups...
[00:28:49][Debug]: Backups done
[00:28:54][Debug]: Performing backups...
[00:28:54][Debug]: Backups done
[00:28:59][Debug]: Performing backups...
[00:28:59][Debug]: Backups done
[00:29:04][Debug]: Performing backups...
[00:29:04][Debug]: Backups done
[00:29:09][Debug]: Performing backups...
[00:29:09][Debug]: Backups done
[00:29:14][Debug]: Performing backups...
[00:29:14][Debug]: Backups done
[00:29:18][Warning]: There is a new version of LMP! Please download it! Current: 0.29.0 Latest: 0.29.1
[00:29:18][Debug]: Your version is compatible with the latest version so you will still be listed in the master servers.
[00:29:19][Debug]: Performing backups...
[00:29:19][Debug]: Backups done
[00:29:24][Debug]: Performing backups...
[00:29:24][Debug]: Backups done
[00:29:29][Debug]: Performing backups...
[00:29:29][Debug]: Backups done
[00:29:34][Debug]: Performing backups...
[00:29:34][Debug]: Backups done
[00:29:39][Debug]: Performing backups...
[00:29:39][Debug]: Backups done
[00:29:44][Debug]: Performing backups...
[00:29:44][Debug]: Backups done
[00:29:48][Warning]: There is a new version of LMP! Please download it! Current: 0.29.0 Latest: 0.29.1
[00:29:48][Debug]: Your version is compatible with the latest version so you will still be listed in the master servers.
[00:29:49][Debug]: Performing backups...
[00:29:49][Debug]: Backups done
[00:29:54][Debug]: Performing backups...
[00:29:54][Debug]: Backups done
[00:29:59][Debug]: Performing backups...
[00:29:59][Debug]: Backups done
[00:30:04][Debug]: Performing backups...
[00:30:04][Debug]: Backups done
[00:30:09][Debug]: Performing backups...
[00:30:09][Debug]: Backups done
[00:30:14][Debug]: Performing backups...
[00:30:14][Debug]: Backups done
[00:30:18][Warning]: There is a new version of LMP! Please download it! Current: 0.29.0 Latest: 0.29.1
[00:30:18][Debug]: Your version is compatible with the latest version so you will still be listed in the master servers.
[00:30:19][Debug]: Performing backups...
[00:30:19][Debug]: Backups done
[00:30:24][Debug]: Performing backups...
[00:30:24][Debug]: Backups done
[00:30:29][Debug]: Performing backups...
[00:30:29][Debug]: Backups done
[00:30:34][Debug]: Performing backups...
[00:30:34][Debug]: Backups done
[00:30:39][Debug]: Performing backups...
[00:30:39][Debug]: Backups done
[00:30:44][Debug]: Performing backups...
[00:30:44][Debug]: Backups done
[00:30:48][Warning]: There is a new version of LMP! Please download it! Current: 0.29.0 Latest: 0.29.1
[00:30:48][Debug]: Your version is compatible with the latest version so you will still be listed in the master servers.
[00:30:49][Debug]: Performing backups...
[00:30:49][Debug]: Backups done
[00:30:54][Debug]: Performing backups...
[00:30:54][Debug]: Backups done
[00:30:59][Debug]: Performing backups...
[00:30:59][Debug]: Backups done
[00:31:04][Debug]: Performing backups...
[00:31:04][Debug]: Backups done
[00:31:09][Debug]: Performing backups...
[00:31:09][Debug]: Backups done
[00:31:14][Debug]: Performing backups...
[00:31:14][Debug]: Backups done
[00:31:18][Warning]: There is a new version of LMP! Please download it! Current: 0.29.0 Latest: 0.29.1
[00:31:18][Debug]: Your version is compatible with the latest version so you will still be listed in the master servers.
[00:31:19][Debug]: Performing backups...
[00:31:19][Debug]: Backups done
[00:31:24][Debug]: Performing backups...
[00:31:24][Debug]: Backups done
[00:31:29][Debug]: Performing backups...
[00:31:29][Debug]: Backups done
[00:31:34][Debug]: Performing backups...
[00:31:34][Debug]: Backups done
[00:31:39][Debug]: Performing backups...
[00:31:39][Debug]: Backups done
[00:31:44][Debug]: Performing backups...
[00:31:44][Debug]: Backups done
[00:31:48][Warning]: There is a new version of LMP! Please download it! Current: 0.29.0 Latest: 0.29.1
[00:31:48][Debug]: Your version is compatible with the latest version so you will still be listed in the master servers.
[00:31:49][Debug]: Performing backups...
[00:31:49][Debug]: Backups done
[00:31:54][Debug]: Performing backups...
[00:31:54][Debug]: Backups done
[00:31:59][Debug]: Performing backups...
[00:31:59][Debug]: Backups done
[00:32:04][Debug]: Performing backups...
[00:32:04][Debug]: Backups done
[00:32:09][Debug]: Performing backups...
[00:32:09][Debug]: Backups done
[00:32:14][Debug]: Performing backups...
[00:32:14][Debug]: Backups done
[00:32:18][Warning]: There is a new version of LMP! Please download it! Current: 0.29.0 Latest: 0.29.1
[00:32:18][Debug]: Your version is compatible with the latest version so you will still be listed in the master servers.
[00:32:19][Debug]: Performing backups...
[00:32:19][Debug]: Backups done
[00:32:24][Debug]: Performing backups...
[00:32:24][Debug]: Backups done
[00:32:29][Debug]: Performing backups...
[00:32:29][Debug]: Backups done
[00:32:34][Debug]: Performing backups...
[00:32:34][Debug]: Backups done
[00:32:39][Debug]: Performing backups...
[00:32:39][Debug]: Backups done
[00:32:44][Debug]: Performing backups...
[00:32:44][Debug]: Backups done
[00:32:48][Warning]: There is a new version of LMP! Please download it! Current: 0.29.0 Latest: 0.29.1
[00:32:48][Debug]: Your version is compatible with the latest version so you will still be listed in the master servers.
[00:32:49][Debug]: Performing backups...
[00:32:49][Debug]: Backups done
[00:32:54][Debug]: Performing backups...
[00:32:54][Debug]: Backups done
[00:32:59][Debug]: Performing backups...
[00:32:59][Debug]: Backups done
[00:33:04][Debug]: Performing backups...
[00:33:04][Debug]: Backups done
[00:33:09][Debug]: Performing backups...
[00:33:09][Debug]: Backups done
[00:33:14][Debug]: Performing backups...
[00:33:14][Debug]: Backups done
[00:33:18][Warning]: There is a new version of LMP! Please download it! Current: 0.29.0 Latest: 0.29.1
[00:33:18][Debug]: Your version is compatible with the latest version so you will still be listed in the master servers.
[00:33:19][Debug]: Performing backups...
[00:33:19][Debug]: Backups done
[00:33:24][Debug]: Performing backups...
[00:33:24][Debug]: Backups done
[00:33:29][Debug]: Performing backups...
[00:33:29][Debug]: Backups done
[00:33:34][Debug]: Performing backups...
[00:33:34][Debug]: Backups done
[00:33:39][Debug]: Performing backups...
[00:33:39][Debug]: Backups done
[00:33:44][Debug]: Performing backups...
[00:33:44][Debug]: Backups done
[00:33:48][Warning]: There is a new version of LMP! Please download it! Current: 0.29.0 Latest: 0.29.1
[00:33:48][Debug]: Your version is compatible with the latest version so you will still be listed in the master servers.
[00:33:49][Debug]: Performing backups...
[00:33:49][Debug]: Backups done
[00:33:54][Debug]: Performing backups...
[00:33:54][Debug]: Backups done
[00:33:59][Debug]: Performing backups...
[00:33:59][Debug]: Backups done
[00:34:04][Debug]: Performing backups...
[00:34:04][Debug]: Backups done
[00:34:09][Debug]: Performing backups...
[00:34:09][Debug]: Backups done
[00:34:14][Debug]: Performing backups...
[00:34:14][Debug]: Backups done
[00:34:18][Warning]: There is a new version of LMP! Please download it! Current: 0.29.0 Latest: 0.29.1
[00:34:18][Debug]: Your version is compatible with the latest version so you will still be listed in the master servers.
[00:34:19][Debug]: Performing backups...
[00:34:19][Debug]: Backups done
[00:34:24][Debug]: Performing backups...
[00:34:24][Debug]: Backups done
[00:34:29][Debug]: Performing backups...
[00:34:29][Debug]: Backups done
[00:34:34][Debug]: Performing backups...
[00:34:34][Debug]: Backups done
[00:34:39][Debug]: Performing backups...
[00:34:39][Debug]: Backups done
[00:34:44][Debug]: Performing backups...
[00:34:44][Debug]: Backups done
[00:34:48][Warning]: There is a new version of LMP! Please download it! Current: 0.29.0 Latest: 0.29.1
[00:34:48][Debug]: Your version is compatible with the latest version so you will still be listed in the master servers.
[00:34:49][Debug]: Performing backups...
[00:34:49][Debug]: Backups done
[00:34:54][Debug]: Performing backups...
[00:34:54][Debug]: Backups done
[00:34:59][Debug]: Performing backups...
[00:34:59][Debug]: Backups done
[00:35:04][Debug]: Performing backups...
[00:35:04][Debug]: Backups done
[00:35:09][Debug]: Performing backups...
[00:35:09][Debug]: Backups done
[00:35:14][Debug]: Performing backups...
[00:35:14][Debug]: Backups done
[00:35:18][Warning]: There is a new version of LMP! Please download it! Current: 0.29.0 Latest: 0.29.1
[00:35:18][Debug]: Your version is compatible with the latest version so you will still be listed in the master servers.
[00:35:19][Debug]: Performing backups...
[00:35:19][Debug]: Backups done
[00:35:24][Debug]: Performing backups...
[00:35:24][Debug]: Backups done
[00:35:29][Debug]: Performing backups...
[00:35:29][Debug]: Backups done
[00:35:34][Debug]: Performing backups...
[00:35:34][Debug]: Backups done
[00:35:39][Debug]: Performing backups...
[00:35:39][Debug]: Backups done
[00:35:44][Debug]: Performing backups...
[00:35:44][Debug]: Backups done
[00:35:48][Warning]: There is a new version of LMP! Please download it! Current: 0.29.0 Latest: 0.29.1
[00:35:48][Debug]: Your version is compatible with the latest version so you will still be listed in the master servers.
[00:35:49][Debug]: Performing backups...
[00:35:49][Debug]: Backups done
[00:35:54][Debug]: Performing backups...
[00:35:54][Debug]: Backups done
[00:35:59][Debug]: Performing backups...
[00:35:59][Debug]: Backups done
[00:36:04][Debug]: Performing backups...
[00:36:04][Debug]: Backups done
[00:36:09][Debug]: Performing backups...
[00:36:09][Debug]: Backups done
[00:36:14][Debug]: Performing backups...
[00:36:14][Debug]: Backups done
[00:36:18][Warning]: There is a new version of LMP! Please download it! Current: 0.29.0 Latest: 0.29.1
[00:36:18][Debug]: Your version is compatible with the latest version so you will still be listed in the master servers.
[00:36:19][Debug]: Performing backups...
[00:36:19][Debug]: Backups done
[00:36:24][Debug]: Performing backups...
[00:36:24][Debug]: Backups done
[00:36:29][Debug]: Performing backups...
[00:36:29][Debug]: Backups done
[00:36:34][Debug]: Performing backups...
[00:36:34][Debug]: Backups done
[00:36:39][Debug]: Performing backups...
[00:36:39][Debug]: Backups done
[00:36:44][Debug]: Performing backups...
[00:36:44][Debug]: Backups done
[00:36:48][Warning]: There is a new version of LMP! Please download it! Current: 0.29.0 Latest: 0.29.1
[00:36:48][Debug]: Your version is compatible with the latest version so you will still be listed in the master servers.
[00:36:49][Debug]: Performing backups...
[00:36:49][Debug]: Backups done
[00:36:54][Debug]: Performing backups...
[00:36:54][Debug]: Backups done
[00:36:59][Debug]: Performing backups...
[00:36:59][Debug]: Backups done
[00:37:04][Debug]: Performing backups...
[00:37:04][Debug]: Backups done
[00:37:09][Debug]: Performing backups...
[00:37:09][Debug]: Backups done
[00:37:14][Debug]: Performing backups...
[00:37:14][Debug]: Backups done
[00:37:18][Warning]: There is a new version of LMP! Please download it! Current: 0.29.0 Latest: 0.29.1
[00:37:18][Debug]: Your version is compatible with the latest version so you will still be listed in the master servers.
[00:37:19][Debug]: Performing backups...
[00:37:19][Debug]: Backups done
[00:37:24][Debug]: Performing backups...
[00:37:24][Debug]: Backups done
[00:37:29][Debug]: Performing backups...
[00:37:29][Debug]: Backups done
[00:37:34][Debug]: Performing backups...
[00:37:34][Debug]: Backups done
[00:37:39][Debug]: Performing backups...
[00:37:39][Debug]: Backups done
[00:37:44][Debug]: Performing backups...
[00:37:44][Debug]: Backups done
[00:37:48][Warning]: There is a new version of LMP! Please download it! Current: 0.29.0 Latest: 0.29.1
[00:37:48][Debug]: Your version is compatible with the latest version so you will still be listed in the master servers.
[00:37:49][Debug]: Performing backups...
[00:37:49][Debug]: Backups done
[00:37:54][Debug]: Performing backups...
[00:37:54][Debug]: Backups done
[00:37:59][Debug]: Performing backups...
[00:37:59][Debug]: Backups done
[00:38:04][Debug]: Performing backups...
[00:38:04][Debug]: Backups done
[00:38:09][Debug]: Performing backups...
[00:38:09][Debug]: Backups done
[00:38:14][Debug]: Performing backups...
[00:38:14][Debug]: Backups done
[00:38:18][Warning]: There is a new version of LMP! Please download it! Current: 0.29.0 Latest: 0.29.1
[00:38:18][Debug]: Your version is compatible with the latest version so you will still be listed in the master servers.
[00:38:19][Debug]: Performing backups...
[00:38:19][Debug]: Backups done
[00:38:24][Debug]: Performing backups...
[00:38:24][Debug]: Backups done
[00:38:29][Debug]: Performing backups...
[00:38:29][Debug]: Backups done
[00:38:34][Debug]: Performing backups...
[00:38:34][Debug]: Backups done
[00:38:39][Debug]: Performing backups...
[00:38:39][Debug]: Backups done
[00:38:44][Debug]: Performing backups...
[00:38:44][Debug]: Backups done
[00:38:48][Warning]: There is a new version of LMP! Please download it! Current: 0.29.0 Latest: 0.29.1
[00:38:48][Debug]: Your version is compatible with the latest version so you will still be listed in the master servers.
[00:38:49][Debug]: Performing backups...
[00:38:49][Debug]: Backups done
[00:38:54][Debug]: Performing backups...
[00:38:54][Debug]: Backups done
[00:38:59][Debug]: Performing backups...
[00:38:59][Debug]: Backups done
[00:39:04][Debug]: Performing backups...
[00:39:04][Debug]: Backups done
[00:39:09][Debug]: Performing backups...
[00:39:09][Debug]: Backups done
[00:39:14][Debug]: Performing backups...
[00:39:14][Debug]: Backups done
[00:39:18][Warning]: There is a new version of LMP! Please download it! Current: 0.29.0 Latest: 0.29.1
[00:39:18][Debug]: Your version is compatible with the latest version so you will still be listed in the master servers.
[00:39:19][Debug]: Performing backups...
[00:39:19][Debug]: Backups done
[00:39:24][Debug]: Performing backups...
[00:39:24][Debug]: Backups done
[00:39:29][Debug]: Performing backups...
[00:39:29][Debug]: Backups done
[00:39:34][Debug]: Performing backups...
[00:39:34][Debug]: Backups done
[00:39:39][Debug]: Performing backups...
[00:39:39][Debug]: Backups done
[00:39:44][Debug]: Performing backups...
[00:39:44][Debug]: Backups done
[00:39:48][Warning]: There is a new version of LMP! Please download it! Current: 0.29.0 Latest: 0.29.1
[00:39:48][Debug]: Your version is compatible with the latest version so you will still be listed in the master servers.
[00:39:49][Debug]: Performing backups...
[00:39:49][Debug]: Backups done
[00:39:54][Debug]: Performing backups...
[00:39:54][Debug]: Backups done
[00:39:59][Debug]: Performing backups...
[00:39:59][Debug]: Backups done
[00:40:04][Debug]: Performing backups...
[00:40:04][Debug]: Backups done
[00:40:09][Debug]: Performing backups...
[00:40:09][Debug]: Backups done
[00:40:14][Debug]: Performing backups...
[00:40:14][Debug]: Backups done
[00:40:18][Warning]: There is a new version of LMP! Please download it! Current: 0.29.0 Latest: 0.29.1
[00:40:18][Debug]: Your version is compatible with the latest version so you will still be listed in the master servers.
[00:40:19][Debug]: Performing backups...
[00:40:19][Debug]: Backups done
[00:40:24][Debug]: Performing backups...
[00:40:24][Debug]: Backups done
[00:40:29][Debug]: Performing backups...
[00:40:29][Debug]: Backups done
[00:40:34][Debug]: Performing backups...
[00:40:34][Debug]: Backups done
[00:40:39][Debug]: Performing backups...
[00:40:39][Debug]: Backups done
[00:40:44][Debug]: Performing backups...
[00:40:44][Debug]: Backups done
[00:40:48][Warning]: There is a new version of LMP! Please download it! Current: 0.29.0 Latest: 0.29.1
[00:40:48][Debug]: Your version is compatible with the latest version so you will still be listed in the master servers.
[00:40:49][Debug]: Performing backups...
[00:40:49][Debug]: Backups done
[00:40:54][Debug]: Performing backups...
[00:40:54][Debug]: Backups done
[00:40:59][Debug]: Performing backups...
[00:40:59][Debug]: Backups done
[00:41:04][Debug]: Performing backups...
[00:41:04][Debug]: Backups done
[00:41:09][Debug]: Performing backups...
[00:41:09][Debug]: Backups done
[00:41:14][Debug]: Performing backups...
[00:41:14][Debug]: Backups done
[00:41:18][Warning]: There is a new version of LMP! Please download it! Current: 0.29.0 Latest: 0.29.1
[00:41:18][Debug]: Your version is compatible with the latest version so you will still be listed in the master servers.
[00:41:19][Debug]: Performing backups...
[00:41:19][Debug]: Backups done
[00:41:24][Debug]: Performing backups...
[00:41:24][Debug]: Backups done
[00:41:29][Debug]: Performing backups...
[00:41:29][Debug]: Backups done
[00:41:34][Debug]: Performing backups...
[00:41:34][Debug]: Backups done
[00:41:39][Debug]: Performing backups...
[00:41:39][Debug]: Backups done
[00:41:44][Debug]: Performing backups...
[00:41:44][Debug]: Backups done
[00:41:48][Warning]: There is a new version of LMP! Please download it! Current: 0.29.0 Latest: 0.29.1
[00:41:48][Debug]: Your version is compatible with the latest version so you will still be listed in the master servers.
[00:41:49][Debug]: Performing backups...
[00:41:49][Debug]: Backups done
[00:41:54][Debug]: Performing backups...
[00:41:54][Debug]: Backups done
[00:41:59][Debug]: Performing backups...
[00:41:59][Debug]: Backups done
[00:42:04][Debug]: Performing backups...
[00:42:04][Debug]: Backups done
[00:42:09][Debug]: Performing backups...
[00:42:09][Debug]: Backups done
[00:42:14][Debug]: Performing backups...
[00:42:14][Debug]: Backups done
[00:42:18][Warning]: There is a new version of LMP! Please download it! Current: 0.29.0 Latest: 0.29.1
[00:42:18][Debug]: Your version is compatible with the latest version so you will still be listed in the master servers.
[00:42:19][Debug]: Performing backups...
[00:42:19][Debug]: Backups done
[00:42:24][Debug]: Performing backups...
[00:42:24][Debug]: Backups done
[00:42:29][Debug]: Performing backups...
[00:42:29][Debug]: Backups done
[00:42:34][Debug]: Performing backups...
[00:42:34][Debug]: Backups done
[00:42:39][Debug]: Performing backups...
[00:42:39][Debug]: Backups done
[00:42:44][Debug]: Performing backups...
[00:42:44][Debug]: Backups done
[00:42:48][Warning]: There is a new version of LMP! Please download it! Current: 0.29.0 Latest: 0.29.1
[00:42:48][Debug]: Your version is compatible with the latest version so you will still be listed in the master servers.
[00:42:49][Debug]: Performing backups...
[00:42:49][Debug]: Backups done
[00:42:54][Debug]: Performing backups...
[00:42:54][Debug]: Backups done
[00:42:59][Debug]: Performing backups...
[00:42:59][Debug]: Backups done
[00:43:04][Debug]: Performing backups...
[00:43:04][Debug]: Backups done
[00:43:09][Debug]: Performing backups...
[00:43:09][Debug]: Backups done
[00:43:14][Debug]: Performing backups...
[00:43:14][Debug]: Backups done
[00:43:18][Warning]: There is a new version of LMP! Please download it! Current: 0.29.0 Latest: 0.29.1
[00:43:18][Debug]: Your version is compatible with the latest version so you will still be listed in the master servers.
[00:43:19][Debug]: Performing backups...
[00:43:19][Debug]: Backups done
[00:43:24][Debug]: Performing backups...
[00:43:24][Debug]: Backups done
[00:43:29][Debug]: Performing backups...
[00:43:29][Debug]: Backups done
[00:43:34][Debug]: Performing backups...
[00:43:34][Debug]: Backups done
[00:43:39][Debug]: Performing backups...
[00:43:39][Debug]: Backups done
[00:43:44][Debug]: Performing backups...
[00:43:44][Debug]: Backups done
[00:43:48][Warning]: There is a new version of LMP! Please download it! Current: 0.29.0 Latest: 0.29.1
[00:43:48][Debug]: Your version is compatible with the latest version so you will still be listed in the master servers.
[00:43:49][Debug]: Performing backups...
[00:43:49][Debug]: Backups done
[00:43:54][Debug]: Performing backups...
[00:43:54][Debug]: Backups done
[00:43:59][Debug]: Performing backups...
[00:43:59][Debug]: Backups done
[00:44:04][Debug]: Performing backups...
[00:44:04][Debug]: Backups done
[00:44:09][Debug]: Performing backups...
[00:44:09][Debug]: Backups done
[00:44:14][Debug]: Performing backups...
[00:44:14][Debug]: Backups done
[00:44:18][Warning]: There is a new version of LMP! Please download it! Current: 0.29.0 Latest: 0.29.1
[00:44:18][Debug]: Your version is compatible with the latest version so you will still be listed in the master servers.
[00:44:19][Debug]: Performing backups...
[00:44:19][Debug]: Backups done
[00:44:24][Debug]: Performing backups...
[00:44:24][Debug]: Backups done
[00:44:29][Debug]: Performing backups...
[00:44:29][Debug]: Backups done
[00:44:34][Debug]: Performing backups...
[00:44:34][Debug]: Backups done
[00:44:39][Debug]: Performing backups...
[00:44:39][Debug]: Backups done
[00:44:44][Debug]: Performing backups...
[00:44:44][Debug]: Backups done
[00:44:48][Warning]: There is a new version of LMP! Please download it! Current: 0.29.0 Latest: 0.29.1
[00:44:48][Debug]: Your version is compatible with the latest version so you will still be listed in the master servers.
[00:44:49][Debug]: Performing backups...
[00:44:49][Debug]: Backups done
[00:44:54][Debug]: Performing backups...
[00:44:54][Debug]: Backups done
[00:44:59][Debug]: Performing backups...
[00:44:59][Debug]: Backups done
[00:45:04][Debug]: Performing backups...
[00:45:04][Debug]: Backups done
[00:45:09][Debug]: Performing backups...
[00:45:09][Debug]: Backups done
[00:45:14][Debug]: Performing backups...
[00:45:14][Debug]: Backups done
[00:45:18][Warning]: There is a new version of LMP! Please download it! Current: 0.29.0 Latest: 0.29.1
[00:45:18][Debug]: Your version is compatible with the latest version so you will still be listed in the master servers.
[00:45:19][Debug]: Performing backups...
[00:45:19][Debug]: Backups done
[00:45:24][Debug]: Performing backups...
[00:45:24][Debug]: Backups done
[00:45:29][Debug]: Performing backups...
[00:45:29][Debug]: Backups done
[00:45:34][Debug]: Performing backups...
[00:45:34][Debug]: Backups done
[00:45:39][Debug]: Performing backups...
[00:45:39][Debug]: Backups done
[00:45:44][Debug]: Performing backups...
[00:45:44][Debug]: Backups done
[00:45:48][Warning]: There is a new version of LMP! Please download it! Current: 0.29.0 Latest: 0.29.1
[00:45:48][Debug]: Your version is compatible with the latest version so you will still be listed in the master servers.
[00:45:49][Debug]: Performing backups...
[00:45:49][Debug]: Backups done
[00:45:54][Debug]: Performing backups...
[00:45:54][Debug]: Backups done
[00:45:59][Debug]: Performing backups...
[00:45:59][Debug]: Backups done
[00:46:04][Debug]: Performing backups...
[00:46:04][Debug]: Backups done
[00:46:09][Debug]: Performing backups...
[00:46:09][Debug]: Backups done
[00:46:14][Debug]: Performing backups...
[00:46:14][Debug]: Backups done
[00:46:18][Warning]: There is a new version of LMP! Please download it! Current: 0.29.0 Latest: 0.29.1
[00:46:18][Debug]: Your version is compatible with the latest version so you will still be listed in the master servers.
[00:46:19][Debug]: Performing backups...
[00:46:19][Debug]: Backups done
[00:46:24][Debug]: Performing backups...
[00:46:24][Debug]: Backups done
[00:46:29][Debug]: Performing backups...
[00:46:29][Debug]: Backups done
[00:46:34][Debug]: Performing backups...
[00:46:34][Debug]: Backups done
[00:46:39][Debug]: Performing backups...
[00:46:39][Debug]: Backups done
[00:46:44][Debug]: Performing backups...
[00:46:44][Debug]: Backups done
[00:46:48][Warning]: There is a new version of LMP! Please download it! Current: 0.29.0 Latest: 0.29.1
[00:46:48][Debug]: Your version is compatible with the latest version so you will still be listed in the master servers.
[00:46:49][Debug]: Performing backups...
[00:46:49][Debug]: Backups done
[00:46:54][Debug]: Performing backups...
[00:46:54][Debug]: Backups done
[00:46:59][Debug]: Performing backups...
[00:46:59][Debug]: Backups done
[00:47:04][Debug]: Performing backups...
[00:47:04][Debug]: Backups done
[00:47:09][Debug]: Performing backups...
[00:47:09][Debug]: Backups done
[00:47:14][Debug]: Performing backups...
[00:47:14][Debug]: Backups done
[00:47:18][Warning]: There is a new version of LMP! Please download it! Current: 0.29.0 Latest: 0.29.1
[00:47:18][Debug]: Your version is compatible with the latest version so you will still be listed in the master servers.
[00:47:19][Debug]: Performing backups...
[00:47:19][Debug]: Backups done
[00:47:24][Debug]: Performing backups...
[00:47:24][Debug]: Backups done
[00:47:29][Debug]: Performing backups...
[00:47:29][Debug]: Backups done
[00:47:34][Debug]: Performing backups...
[00:47:34][Debug]: Backups done
[00:47:39][Debug]: Performing backups...
[00:47:39][Debug]: Backups done
[00:47:44][Debug]: Performing backups...
[00:47:44][Debug]: Backups done
[00:47:48][Warning]: There is a new version of LMP! Please download it! Current: 0.29.0 Latest: 0.29.1
[00:47:48][Debug]: Your version is compatible with the latest version so you will still be listed in the master servers.
[00:47:49][Debug]: Performing backups...
[00:47:49][Debug]: Backups done
[00:47:54][Debug]: Performing backups...
[00:47:54][Debug]: Backups done
[00:47:59][Debug]: Performing backups...
[00:47:59][Debug]: Backups done
[00:48:04][Debug]: Performing backups...
[00:48:04][Debug]: Backups done
[00:48:09][Debug]: Performing backups...
[00:48:09][Debug]: Backups done
[00:48:14][Debug]: Performing backups...
[00:48:14][Debug]: Backups done
[00:48:18][Warning]: There is a new version of LMP! Please download it! Current: 0.29.0 Latest: 0.29.1
[00:48:18][Debug]: Your version is compatible with the latest version so you will still be listed in the master servers.
[00:48:19][Debug]: Performing backups...
[00:48:19][Debug]: Backups done
[00:48:24][Debug]: Performing backups...
[00:48:24][Debug]: Backups done
[00:48:29][Debug]: Performing backups...
[00:48:29][Debug]: Backups done
[00:48:34][Debug]: Performing backups...
[00:48:34][Debug]: Backups done
[00:48:39][Debug]: Performing backups...
[00:48:39][Debug]: Backups done
[00:48:44][Debug]: Performing backups...
[00:48:44][Debug]: Backups done
[00:48:48][Warning]: There is a new version of LMP! Please download it! Current: 0.29.0 Latest: 0.29.1
[00:48:48][Debug]: Your version is compatible with the latest version so you will still be listed in the master servers.
[00:48:49][Debug]: Performing backups...
[00:48:49][Debug]: Backups done
[00:48:54][Debug]: Performing backups...
[00:48:54][Debug]: Backups done
[00:48:59][Debug]: Performing backups...
[00:48:59][Debug]: Backups done
[00:49:04][Debug]: Performing backups...
[00:49:04][Debug]: Backups done
[00:49:09][Debug]: Performing backups...
[00:49:09][Debug]: Backups done
[00:49:14][Debug]: Performing backups...
[00:49:14][Debug]: Backups done
[00:49:18][Warning]: There is a new version of LMP! Please download it! Current: 0.29.0 Latest: 0.29.1
[00:49:18][Debug]: Your version is compatible with the latest version so you will still be listed in the master servers.
[00:49:19][Debug]: Performing backups...
[00:49:19][Debug]: Backups done
[00:49:24][Debug]: Performing backups...
[00:49:24][Debug]: Backups done
[00:49:29][Debug]: Performing backups...
[00:49:29][Debug]: Backups done
[00:49:34][Debug]: Performing backups...
[00:49:34][Debug]: Backups done
[00:49:39][Debug]: Performing backups...
[00:49:39][Debug]: Backups done
[00:49:44][Debug]: Performing backups...
[00:49:44][Debug]: Backups done
[00:49:48][Warning]: There is a new version of LMP! Please download it! Current: 0.29.0 Latest: 0.29.1
[00:49:48][Debug]: Your version is compatible with the latest version so you will still be listed in the master servers.
[00:49:49][Debug]: Performing backups...
[00:49:49][Debug]: Backups done
[00:49:54][Debug]: Performing backups...
[00:49:54][Debug]: Backups done
[00:49:59][Debug]: Performing backups...
[00:49:59][Debug]: Backups done
[00:50:04][Debug]: Performing backups...
[00:50:04][Debug]: Backups done
[00:50:09][Debug]: Performing backups...
[00:50:09][Debug]: Backups done
[00:50:14][Debug]: Performing backups...
[00:50:14][Debug]: Backups done
[00:50:18][Warning]: There is a new version of LMP! Please download it! Current: 0.29.0 Latest: 0.29.1
[00:50:18][Debug]: Your version is compatible with the latest version so you will still be listed in the master servers.
[00:50:19][Debug]: Performing backups...
[00:50:19][Debug]: Backups done
[00:50:24][Debug]: Performing backups...
[00:50:24][Debug]: Backups done
[00:50:29][Debug]: Performing backups...
[00:50:29][Debug]: Backups done
[00:50:34][Debug]: Performing backups...
[00:50:34][Debug]: Backups done
[00:50:39][Debug]: Performing backups...
[00:50:39][Debug]: Backups done
[00:50:44][Debug]: Performing backups...
[00:50:44][Debug]: Backups done
[00:50:48][Warning]: There is a new version of LMP! Please download it! Current: 0.29.0 Latest: 0.29.1
[00:50:48][Debug]: Your version is compatible with the latest version so you will still be listed in the master servers.
[00:50:49][Debug]: Performing backups...
[00:50:49][Debug]: Backups done
[00:50:54][Debug]: Performing backups...
[00:50:54][Debug]: Backups done
[00:50:59][Debug]: Performing backups...
[00:50:59][Debug]: Backups done
[00:51:04][Debug]: Performing backups...
[00:51:04][Debug]: Backups done
[00:51:09][Debug]: Performing backups...
[00:51:09][Debug]: Backups done
[00:51:14][Debug]: Performing backups...
[00:51:14][Debug]: Backups done
[00:51:18][Warning]: There is a new version of LMP! Please download it! Current: 0.29.0 Latest: 0.29.1
[00:51:18][Debug]: Your version is compatible with the latest version so you will still be listed in the master servers.
[00:51:19][Debug]: Performing backups...
[00:51:19][Debug]: Backups done
[00:51:24][Debug]: Performing backups...
[00:51:24][Debug]: Backups done
[00:51:29][Debug]: Performing backups...
[00:51:29][Debug]: Backups done
[00:51:34][Debug]: Performing backups...
[00:51:34][Debug]: Backups done
[00:51:39][Debug]: Performing backups...
[00:51:39][Debug]: Backups done
[00:51:44][Debug]: Performing backups...
[00:51:44][Debug]: Backups done
[00:51:48][Warning]: There is a new version of LMP! Please download it! Current: 0.29.0 Latest: 0.29.1
[00:51:48][Debug]: Your version is compatible with the latest version so you will still be listed in the master servers.
[00:51:49][Debug]: Performing backups...
[00:51:49][Debug]: Backups done
[00:51:54][Debug]: Performing backups...
[00:51:54][Debug]: Backups done
[00:51:59][Debug]: Performing backups...
[00:51:59][Debug]: Backups done
[00:52:04][Debug]: Performing backups...
[00:52:04][Debug]: Backups done
[00:52:09][Debug]: Performing backups...
[00:52:09][Debug]: Backups done
[00:52:14][Debug]: Performing backups...
[00:52:14][Debug]: Backups done
[00:52:18][Warning]: There is a new version of LMP! Please download it! Current: 0.29.0 Latest: 0.29.1
[00:52:18][Debug]: Your version is compatible with the latest version so you will still be listed in the master servers.
[00:52:19][Debug]: Performing backups...
[00:52:19][Debug]: Backups done
[00:52:24][Debug]: Performing backups...
[00:52:24][Debug]: Backups done
[00:52:29][Debug]: Performing backups...
[00:52:29][Debug]: Backups done
[00:52:34][Debug]: Performing backups...
[00:52:34][Debug]: Backups done
[00:52:39][Debug]: Performing backups...
[00:52:39][Debug]: Backups done
[00:52:44][Debug]: Performing backups...
[00:52:44][Debug]: Backups done
[00:52:48][Warning]: There is a new version of LMP! Please download it! Current: 0.29.0 Latest: 0.29.1
[00:52:48][Debug]: Your version is compatible with the latest version so you will still be listed in the master servers.
[00:52:49][Debug]: Performing backups...
[00:52:49][Debug]: Backups done
[00:52:54][Debug]: Performing backups...
[00:52:54][Debug]: Backups done
[00:52:59][Debug]: Performing backups...
[00:52:59][Debug]: Backups done
[00:53:04][Debug]: Performing backups...
[00:53:04][Debug]: Backups done
[00:53:09][Debug]: Performing backups...
[00:53:09][Debug]: Backups done
[00:53:14][Debug]: Performing backups...
[00:53:14][Debug]: Backups done
[00:53:18][Warning]: There is a new version of LMP! Please download it! Current: 0.29.0 Latest: 0.29.1
[00:53:18][Debug]: Your version is compatible with the latest version so you will still be listed in the master servers.
[00:53:19][Debug]: Performing backups...
[00:53:19][Debug]: Backups done
[00:53:24][Debug]: Performing backups...
[00:53:24][Debug]: Backups done
[00:53:29][Debug]: Performing backups...
[00:53:29][Debug]: Backups done
[00:53:34][Debug]: Performing backups...
[00:53:34][Debug]: Backups done
[00:53:39][Debug]: Performing backups...
[00:53:39][Debug]: Backups done
[00:53:44][Debug]: Performing backups...
[00:53:44][Debug]: Backups done
[00:53:48][Warning]: There is a new version of LMP! Please download it! Current: 0.29.0 Latest: 0.29.1
[00:53:48][Debug]: Your version is compatible with the latest version so you will still be listed in the master servers.
[00:53:49][Debug]: Performing backups...
[00:53:49][Debug]: Backups done
[00:53:54][Debug]: Performing backups...
[00:53:54][Debug]: Backups done
[00:53:59][Debug]: Performing backups...
[00:53:59][Debug]: Backups done
[00:54:04][Debug]: Performing backups...
[00:54:04][Debug]: Backups done
[00:54:09][Debug]: Performing backups...
[00:54:09][Debug]: Backups done
[00:54:14][Debug]: Performing backups...
[00:54:14][Debug]: Backups done
[00:54:18][Warning]: There is a new version of LMP! Please download it! Current: 0.29.0 Latest: 0.29.1
[00:54:18][Debug]: Your version is compatible with the latest version so you will still be listed in the master servers.
[00:54:19][Debug]: Performing backups...
[00:54:19][Debug]: Backups done
[00:54:24][Debug]: Performing backups...
[00:54:24][Debug]: Backups done
[00:54:29][Debug]: Performing backups...
[00:54:29][Debug]: Backups done
[00:54:34][Debug]: Performing backups...
[00:54:34][Debug]: Backups done
[00:54:39][Debug]: Performing backups...
[00:54:39][Debug]: Backups done
[00:54:44][Debug]: Performing backups...
[00:54:44][Debug]: Backups done
[00:54:48][Warning]: There is a new version of LMP! Please download it! Current: 0.29.0 Latest: 0.29.1
[00:54:48][Debug]: Your version is compatible with the latest version so you will still be listed in the master servers.
[00:54:49][Debug]: Performing backups...
[00:54:49][Debug]: Backups done
[00:54:54][Debug]: Performing backups...
[00:54:54][Debug]: Backups done
[00:54:59][Debug]: Performing backups...
[00:54:59][Debug]: Backups done
[00:55:04][Debug]: Performing backups...
[00:55:04][Debug]: Backups done
[00:55:09][Debug]: Performing backups...
[00:55:09][Debug]: Backups done
[00:55:14][Debug]: Performing backups...
[00:55:14][Debug]: Backups done
[00:55:18][Warning]: There is a new version of LMP! Please download it! Current: 0.29.0 Latest: 0.29.1
[00:55:18][Debug]: Your version is compatible with the latest version so you will still be listed in the master servers.
[00:55:19][Debug]: Performing backups...
[00:55:19][Debug]: Backups done
[00:55:24][Debug]: Performing backups...
[00:55:24][Debug]: Backups done
[00:55:29][Debug]: Performing backups...
[00:55:29][Debug]: Backups done
[00:55:34][Debug]: Performing backups...
[00:55:34][Debug]: Backups done
[00:55:39][Debug]: Performing backups...
[00:55:39][Debug]: Backups done
[00:55:44][Debug]: Performing backups...
[00:55:44][Debug]: Backups done
[00:55:48][Warning]: There is a new version of LMP! Please download it! Current: 0.29.0 Latest: 0.29.1
[00:55:48][Debug]: Your version is compatible with the latest version so you will still be listed in the master servers.
[00:55:49][Debug]: Performing backups...
[00:55:49][Debug]: Backups done
[00:55:54][Debug]: Performing backups...
[00:55:54][Debug]: Backups done
[00:55:59][Debug]: Performing backups...
[00:55:59][Debug]: Backups done
[00:56:04][Debug]: Performing backups...
[00:56:04][Debug]: Backups done
[00:56:09][Debug]: Performing backups...
[00:56:09][Debug]: Backups done
[00:56:14][Debug]: Performing backups...
[00:56:14][Debug]: Backups done
[00:56:18][Warning]: There is a new version of LMP! Please download it! Current: 0.29.0 Latest: 0.29.1
[00:56:18][Debug]: Your version is compatible with the latest version so you will still be listed in the master servers.
[00:56:19][Debug]: Performing backups...
[00:56:19][Debug]: Backups done
[00:56:24][Debug]: Performing backups...
[00:56:24][Debug]: Backups done
[00:56:29][Debug]: Performing backups...
[00:56:29][Debug]: Backups done
[00:56:34][Debug]: Performing backups...
[00:56:34][Debug]: Backups done
[00:56:39][Debug]: Performing backups...
[00:56:39][Debug]: Backups done
[00:56:44][Debug]: Performing backups...
[00:56:44][Debug]: Backups done
