[21:20:42][Info]: Remember! Quit the server by using 'Control + C' so a backup is properly made before closing!
[21:20:42][Info]: Documentation available at https://github.com/LunaMultiplayer/LunaMultiplayer/wiki
[21:20:42][LMP]: Luna Server version: 0.29.0 (/home/alex/Documents/ksp_server/lmp_server_out/)
[21:20:42][Debug]: Loading universe... 0.632KB
[21:20:42][Debug]: Loading groups...
[21:20:42][Debug]: Loading settings...
[21:20:42][Debug]: Loading mod control...
[21:20:42][Debug]: Loading plugins...
[21:20:42][LMP]: Starting 'Luna Server' on Address :: Port 8800... 
[21:20:43][Debug]: UPnP active. Port: 8800 Udp opened!
[21:20:43][Debug]: UPnP for website active. Port: 8900 Tcp opened!
[21:20:43][Debug]: Performing backups...
[21:20:43][LMP]: All systems up and running. Поехали!
[21:20:43][LMP]: Master server registration is active
[21:20:43][LMP]: End of stdin, stopping command listener
[21:20:43][Debug]: Lidgren: ERRORMESSAGE -- Packet parsing error: Value cannot be null. (Parameter 'key') from [::ffff:127.200.212.88]:15033
[21:20:43][Fatal]: ERROR in thread receive! Details: System.Exception: Cannot deserialize this type of message!
   at LmpCommon.Message.Base.FactoryBase.GetMessageByType(UInt16 messageType) in /home/alex/Documents/ksp_server/LunaMultiplayer/LmpCommon/Message/Base/FactoryBase.cs:line 133
   at LmpCommon.Message.Base.FactoryBase.Deserialize(NetIncomingMessage lidgrenMsg, Int64 receiveTime) in /home/alex/Documents/ksp_server/LunaMultiplayer/LmpCommon/Message/Base/FactoryBase.cs:line 64
   at Server.Server.LidgrenServer.StartReceivingMessagesAsync() in /home/alex/Documents/ksp_server/LunaMultiplayer/Server/Server/LidgrenServer.cs:line 154
[21:20:43][Debug]: Backups done
[21:20:48][Debug]: Performing backups...
[21:20:48][Debug]: Backups done
[21:20:53][Debug]: Performing backups...
[21:20:53][Debug]: Backups done
[21:20:58][Debug]: Performing backups...
[21:20:58][Debug]: Backups done
[21:21:03][Debug]: Performing backups...
[21:21:03][Debug]: Backups done
[21:21:08][Debug]: Performing backups...
[21:21:08][Debug]: Backups done
[21:21:13][Warning]: There is a new version of LMP! Please download it! Current: 0.29.0 Latest: 0.29.1
[21:21:13][Debug]: Your version is compatible with the latest version so you will still be listed in the master servers.
[21:21:13][Debug]: Performing backups...
[21:21:13][Debug]: Backups done
[21:21:18][Debug]: Performing backups...
[21:21:18][Debug]: Backups done
[21:21:23][Debug]: Performing backups...
[21:21:23][Debug]: Backups done
[21:21:28][Debug]: Performing backups...
[21:21:28][Debug]: Backups done
[21:21:33][Debug]: Performing backups...
[21:21:33][Debug]: Backups done
[21:21:38][Debug]: Performing backups...
[21:21:38][Debug]: Backups done
[21:21:43][Warning]: There is a new version of LMP! Please download it! Current: 0.29.0 Latest: 0.29.1
[21:21:43][Debug]: Your version is compatible with the latest version so you will still be listed in the master servers.
[21:21:43][Debug]: Performing backups...
[21:21:43][Debug]: Backups done
[21:21:48][Debug]: Performing backups...
[21:21:48][Debug]: Backups done
[21:21:53][Debug]: Performing backups...
[21:21:53][Debug]: Backups done
