[22:49:49][Info]: Remember! Quit the server by using 'Control + C' so a backup is properly made before closing!
[22:49:49][Info]: Documentation available at https://github.com/LunaMultiplayer/LunaMultiplayer/wiki
[22:49:49][LMP]: Luna Server version: 0.29.0 (/home/alex/Documents/ksp_server/lmp_server_out/)
[22:49:49][Debug]: Loading universe... 0.631KB
[22:49:49][Debug]: Loading groups...
[22:49:49][Debug]: Loading settings...
[22:49:49][Debug]: Loading mod control...
[22:49:49][Debug]: Loading plugins...
[22:49:49][LMP]: Starting 'Luna Server' on Address :: Port 8800... 
[22:49:49][Debug]: UPnP active. Port: 8800 Udp opened!
[22:49:50][Debug]: UPnP for website active. Port: 8900 Tcp opened!
[22:49:50][LMP]: All systems up and running. Поехали!
[22:49:50][LMP]: Master server registration is active
[22:49:50][Debug]: Performing backups...
[22:49:50][LMP]: End of stdin, stopping command listener
[22:49:50][Debug]: Backups done
[22:49:52][Debug]: Detected NAT addresses: 46.110.37.2:34836
[22:49:55][Debug]: Performing backups...
[22:49:55][Debug]: Backups done
[22:50:00][Debug]: Performing backups...
[22:50:00][Debug]: Backups done
[22:50:05][Debug]: Performing backups...
[22:50:05][Debug]: Backups done
[22:50:10][Debug]: Performing backups...
[22:50:10][Debug]: Backups done
[22:50:15][Debug]: Performing backups...
[22:50:15][Debug]: Backups done
[22:50:20][Warning]: There is a new version of LMP! Please download it! Current: 0.29.0 Latest: 0.29.1
[22:50:20][Debug]: Your version is compatible with the latest version so you will still be listed in the master servers.
[22:50:20][Debug]: Performing backups...
[22:50:20][Debug]: Backups done
[22:50:25][Debug]: Performing backups...
[22:50:25][Debug]: Backups done
[22:50:30][Debug]: Performing backups...
[22:50:30][Debug]: Backups done
[22:50:35][Debug]: Performing backups...
[22:50:35][Debug]: Backups done
[22:50:40][Debug]: Performing backups...
[22:50:40][Debug]: Backups done
[22:50:45][Debug]: Performing backups...
[22:50:45][Debug]: Backups done
[22:50:50][Warning]: There is a new version of LMP! Please download it! Current: 0.29.0 Latest: 0.29.1
[22:50:50][Debug]: Your version is compatible with the latest version so you will still be listed in the master servers.
[22:50:50][Debug]: Performing backups...
[22:50:50][Debug]: Backups done
[22:50:55][Debug]: Performing backups...
[22:50:55][Debug]: Backups done
[22:51:00][Debug]: Performing backups...
[22:51:00][Debug]: Backups done
[22:51:05][Debug]: Performing backups...
[22:51:05][Debug]: Backups done
[22:51:10][Debug]: Performing backups...
[22:51:10][Debug]: Backups done
[22:51:15][Debug]: Performing backups...
[22:51:15][Debug]: Backups done
[22:51:20][Warning]: There is a new version of LMP! Please download it! Current: 0.29.0 Latest: 0.29.1
[22:51:20][Debug]: Your version is compatible with the latest version so you will still be listed in the master servers.
[22:51:20][Debug]: Performing backups...
[22:51:20][Debug]: Backups done
[22:51:25][Debug]: Performing backups...
[22:51:25][Debug]: Backups done
[22:51:30][Debug]: Performing backups...
[22:51:30][Debug]: Backups done
[22:51:35][Debug]: Performing backups...
[22:51:35][Debug]: Backups done
[22:51:40][Debug]: Performing backups...
[22:51:40][Debug]: Backups done
[22:51:45][Debug]: Performing backups...
[22:51:45][Debug]: Backups done
[22:51:50][Warning]: There is a new version of LMP! Please download it! Current: 0.29.0 Latest: 0.29.1
[22:51:50][Debug]: Your version is compatible with the latest version so you will still be listed in the master servers.
[22:51:50][Debug]: Performing backups...
[22:51:50][Debug]: Backups done
[22:51:55][Debug]: Performing backups...
[22:51:55][Debug]: Backups done
[22:52:00][Debug]: Performing backups...
[22:52:00][Debug]: Backups done
[22:52:05][Debug]: Performing backups...
[22:52:05][Debug]: Backups done
[22:52:10][Debug]: Performing backups...
[22:52:10][Debug]: Backups done
[22:52:15][Debug]: Performing backups...
[22:52:15][Debug]: Backups done
[22:52:20][Warning]: There is a new version of LMP! Please download it! Current: 0.29.0 Latest: 0.29.1
[22:52:20][Debug]: Your version is compatible with the latest version so you will still be listed in the master servers.
[22:52:20][Debug]: Performing backups...
[22:52:20][Debug]: Backups done
