[20:23:41][Info]: Remember! Quit the server by using 'Control + C' so a backup is properly made before closing!
[20:23:41][Info]: Documentation available at https://github.com/LunaMultiplayer/LunaMultiplayer/wiki
[20:23:41][LMP]: Luna Server version: 0.29.0 (/home/alex/Documents/ksp_server/lmp_server_out/)
[20:23:41][Debug]: Loading universe... 0.631KB
[20:23:41][Debug]: Loading groups...
[20:23:41][Debug]: Loading settings...
[20:23:41][Debug]: Loading mod control...
[20:23:41][Debug]: Loading plugins...
[20:23:41][LMP]: Starting 'Luna Server' on Address :: Port 8800... 
[20:23:42][Debug]: UPnP active. Port: 8800 Udp opened!
[20:23:42][Debug]: UPnP for website active. Port: 8900 Tcp opened!
[20:23:42][LMP]: All systems up and running. Поехали!
[20:23:42][LMP]: Master server registration is active
[20:23:42][LMP]: End of stdin, stopping command listener
[20:23:49][Debug]: Detected NAT addresses: 46.110.37.2:34836
[20:24:12][Warning]: There is a new version of LMP! Please download it! Current: 0.29.0 Latest: 0.29.1
[20:24:12][Debug]: Your version is compatible with the latest version so you will still be listed in the master servers.
[20:24:42][Warning]: There is a new version of LMP! Please download it! Current: 0.29.0 Latest: 0.29.1
[20:24:42][Debug]: Your version is compatible with the latest version so you will still be listed in the master servers.
[20:25:12][Warning]: There is a new version of LMP! Please download it! Current: 0.29.0 Latest: 0.29.1
[20:25:12][Debug]: Your version is compatible with the latest version so you will still be listed in the master servers.
[20:25:42][Warning]: There is a new version of LMP! Please download it! Current: 0.29.0 Latest: 0.29.1
[20:25:42][Debug]: Your version is compatible with the latest version so you will still be listed in the master servers.
[20:26:12][Warning]: There is a new version of LMP! Please download it! Current: 0.29.0 Latest: 0.29.1
[20:26:12][Debug]: Your version is compatible with the latest version so you will still be listed in the master servers.
