[21:04:44][Info]: Remember! Quit the server by using 'Control + C' so a backup is properly made before closing!
[21:04:44][Info]: Documentation available at https://github.com/LunaMultiplayer/LunaMultiplayer/wiki
[21:04:44][LMP]: Luna Server version: 0.29.0 (/home/alex/Documents/ksp_server/lmp_server_out/)
[21:04:44][Debug]: Loading universe... 0.632KB
[21:04:44][Debug]: Loading groups...
[21:04:44][Debug]: Loading settings...
[21:04:45][Debug]: Loading mod control...
[21:04:45][Debug]: Loading plugins...
[21:04:45][LMP]: Starting 'Luna Server' on Address :: Port 8800... 
[21:04:45][Debug]: UPnP active. Port: 8800 Udp opened!
[21:04:45][Debug]: UPnP for website active. Port: 8900 Tcp opened!
[21:04:46][Debug]: Performing backups...
[21:04:46][LMP]: All systems up and running. Поехали!
[21:04:46][LMP]: Master server registration is active
[21:04:46][LMP]: End of stdin, stopping command listener
[21:04:46][Debug]: Lidgren: ERRORMESSAGE -- Packet parsing error: Value cannot be null. (Parameter 'key') from [::ffff:127.200.212.88]:20912
[21:04:46][Fatal]: ERROR in thread receive! Details: System.Exception: Cannot deserialize this type of message!
   at LmpCommon.Message.Base.FactoryBase.GetMessageByType(UInt16 messageType) in /home/alex/Documents/ksp_server/LunaMultiplayer/LmpCommon/Message/Base/FactoryBase.cs:line 133
   at LmpCommon.Message.Base.FactoryBase.Deserialize(NetIncomingMessage lidgrenMsg, Int64 receiveTime) in /home/alex/Documents/ksp_server/LunaMultiplayer/LmpCommon/Message/Base/FactoryBase.cs:line 64
   at Server.Server.LidgrenServer.StartReceivingMessagesAsync() in /home/alex/Documents/ksp_server/LunaMultiplayer/Server/Server/LidgrenServer.cs:line 154
[21:04:46][Debug]: Backups done
[21:04:51][Debug]: Performing backups...
[21:04:51][Debug]: Backups done
[21:04:56][Debug]: Performing backups...
[21:04:56][Debug]: Backups done
