[21:40:09][Info]: Remember! Quit the server by using 'Control + C' so a backup is properly made before closing!
[21:40:09][Info]: Documentation available at https://github.com/LunaMultiplayer/LunaMultiplayer/wiki
[21:40:09][LMP]: Luna Server version: 0.29.0 (/home/alex/Documents/ksp_server/lmp_server_out/)
[21:40:09][Debug]: Loading universe... 0.631KB
[21:40:09][Debug]: Loading groups...
[21:40:09][Debug]: Loading settings...
[21:40:09][Debug]: Loading mod control...
[21:40:09][Debug]: Loading plugins...
[21:40:09][LMP]: Starting 'Luna Server' on Address :: Port 8800... 
[21:40:10][Debug]: UPnP active. Port: 8800 Udp opened!
[21:40:10][Debug]: UPnP for website active. Port: 8900 Tcp opened!
[21:40:10][Debug]: Performing backups...
[21:40:10][LMP]: All systems up and running. Поехали!
[21:40:10][LMP]: Master server registration is active
[21:40:10][Debug]: Lidgren: ERRORMESSAGE -- Packet parsing error: Value cannot be null. (Parameter 'key') from [::ffff:127.200.212.88]:47909
[21:40:10][LMP]: End of stdin, stopping command listener
[21:40:10][Fatal]: ERROR in thread receive! Details: System.Exception: Cannot deserialize this type of message!
   at LmpCommon.Message.Base.FactoryBase.GetMessageByType(UInt16 messageType) in /home/alex/Documents/ksp_server/LunaMultiplayer/LmpCommon/Message/Base/FactoryBase.cs:line 133
   at LmpCommon.Message.Base.FactoryBase.Deserialize(NetIncomingMessage lidgrenMsg, Int64 receiveTime) in /home/alex/Documents/ksp_server/LunaMultiplayer/LmpCommon/Message/Base/FactoryBase.cs:line 64
   at Server.Server.LidgrenServer.StartReceivingMessagesAsync() in /home/alex/Documents/ksp_server/LunaMultiplayer/Server/Server/LidgrenServer.cs:line 154
[21:40:10][Debug]: Backups done
[21:40:15][Debug]: Performing backups...
[21:40:15][Debug]: Backups done
[21:40:20][Debug]: Performing backups...
[21:40:20][Debug]: Backups done
[21:40:25][Debug]: Performing backups...
[21:40:25][Debug]: Backups done
[21:40:30][Debug]: Performing backups...
[21:40:30][Debug]: Backups done
[21:40:35][Debug]: Performing backups...
[21:40:35][Debug]: Backups done
[21:40:40][Warning]: There is a new version of LMP! Please download it! Current: 0.29.0 Latest: 0.29.1
[21:40:40][Debug]: Your version is compatible with the latest version so you will still be listed in the master servers.
[21:40:40][Debug]: Performing backups...
[21:40:40][Debug]: Backups done
[21:40:45][Debug]: Performing backups...
[21:40:45][Debug]: Backups done
[21:40:50][Debug]: Performing backups...
[21:40:50][Debug]: Backups done
[21:40:55][Debug]: Performing backups...
[21:40:55][Debug]: Backups done
[21:41:00][Debug]: Performing backups...
[21:41:00][Debug]: Backups done
[21:41:05][Debug]: Performing backups...
[21:41:05][Debug]: Backups done
[21:41:10][Warning]: There is a new version of LMP! Please download it! Current: 0.29.0 Latest: 0.29.1
[21:41:10][Debug]: Your version is compatible with the latest version so you will still be listed in the master servers.
[21:41:10][Debug]: Performing backups...
[21:41:10][Debug]: Backups done
