[00:56:46][Info]: Remember! Quit the server by using 'Control + C' so a backup is properly made before closing!
[00:56:46][Info]: Documentation available at https://github.com/LunaMultiplayer/LunaMultiplayer/wiki
[00:56:46][LMP]: Luna Server version: 0.29.0 (/home/alex/Documents/ksp_server/lmp_server_out/)
[00:56:46][Debug]: Loading universe... 0.631KB
[00:56:46][Debug]: Loading groups...
[00:56:46][Debug]: Loading settings...
[00:56:46][Debug]: Loading mod control...
[00:56:46][Debug]: Loading plugins...
[00:56:46][LMP]: Starting 'Luna Server' on Address :: Port 8800... 
[00:56:47][Debug]: UPnP active. Port: 8800 Udp opened!
[00:56:47][Debug]: UPnP for website active. Port: 8800 Tcp opened!
[00:56:47][Debug]: Performing backups...
[00:56:47][LMP]: All systems up and running. Поехали!
[00:56:47][LMP]: Master server registration is active
[00:56:47][LMP]: End of stdin, stopping command listener
[00:56:47][Debug]: Backups done
[00:56:49][Debug]: Detected NAT addresses: 46.110.37.2:34836
[00:56:52][Debug]: Performing backups...
[00:56:52][Debug]: Backups done
[00:56:57][Debug]: Performing backups...
[00:56:57][Debug]: Backups done
[00:57:02][Debug]: Performing backups...
[00:57:02][Debug]: Backups done
[00:57:07][Debug]: Performing backups...
[00:57:07][Debug]: Backups done
[00:57:12][Debug]: Performing backups...
[00:57:12][Debug]: Backups done
[00:57:17][Warning]: There is a new version of LMP! Please download it! Current: 0.29.0 Latest: 0.29.1
[00:57:17][Debug]: Your version is compatible with the latest version so you will still be listed in the master servers.
[00:57:17][Debug]: Performing backups...
[00:57:17][Debug]: Backups done
[00:57:22][Debug]: Performing backups...
[00:57:22][Debug]: Backups done
[00:57:27][Debug]: Performing backups...
[00:57:27][Debug]: Backups done
[00:57:32][Debug]: Performing backups...
[00:57:32][Debug]: Backups done
[00:57:37][Debug]: Performing backups...
[00:57:37][Debug]: Backups done
[00:57:42][Debug]: Performing backups...
[00:57:42][Debug]: Backups done
[00:57:47][Warning]: There is a new version of LMP! Please download it! Current: 0.29.0 Latest: 0.29.1
[00:57:47][Debug]: Your version is compatible with the latest version so you will still be listed in the master servers.
[00:57:47][Debug]: Performing backups...
[00:57:47][Debug]: Backups done
