[20:20:00][Info]: Remember! Quit the server by using 'Control + C' so a backup is properly made before closing!
[20:20:00][Info]: Documentation available at https://github.com/LunaMultiplayer/LunaMultiplayer/wiki
[20:20:00][LMP]: Luna Server version: 0.29.0 (/home/alex/Documents/ksp_server/lmp_server_out/)
[20:20:00][Debug]: Loading universe... 0.631KB
[20:20:00][Debug]: Loading groups...
[20:20:00][Debug]: Loading settings...
[20:20:00][Debug]: Loading mod control...
[20:20:00][Debug]: Loading plugins...
[20:20:00][LMP]: Starting 'Luna Server' on Address :: Port 8800... 
[20:20:01][Debug]: UPnP active. Port: 8800 Udp opened!
[20:20:01][Debug]: UPnP for website active. Port: 8900 Tcp opened!
[20:20:01][Debug]: Performing backups...
[20:20:01][LMP]: All systems up and running. Поехали!
[20:20:01][LMP]: Master server registration is active
[20:20:01][LMP]: End of stdin, stopping command listener
[20:20:01][Debug]: Backups done
[20:20:06][Debug]: Performing backups...
[20:20:06][Debug]: Backups done
[20:20:09][Debug]: Detected NAT addresses: 46.110.37.2:34836
[20:20:11][Debug]: Performing backups...
[20:20:11][Debug]: Backups done
[20:20:16][Debug]: Performing backups...
[20:20:16][Debug]: Backups done
[20:20:21][Debug]: Performing backups...
[20:20:21][Debug]: Backups done
[20:20:26][Debug]: Performing backups...
[20:20:26][Debug]: Backups done
[20:20:31][Warning]: There is a new version of LMP! Please download it! Current: 0.29.0 Latest: 0.29.1
[20:20:31][Debug]: Your version is compatible with the latest version so you will still be listed in the master servers.
[20:20:31][Debug]: Performing backups...
[20:20:31][Debug]: Backups done
