[22:33:16][Info]: Remember! Quit the server by using 'Control + C' so a backup is properly made before closing!
[22:33:16][Info]: Documentation available at https://github.com/LunaMultiplayer/LunaMultiplayer/wiki
[22:33:16][LMP]: Luna Server version: 0.29.0 (/home/alex/Documents/ksp_server/lmp_server_out/)
[22:33:16][Debug]: Loading universe... 0.632KB
[22:33:16][Debug]: Loading groups...
[22:33:16][Debug]: Loading settings...
[22:33:16][Debug]: Loading mod control...
[22:33:16][Debug]: Loading plugins...
[22:33:16][LMP]: Starting 'Luna Server' on Address :: Port 8800... 
[22:33:17][Debug]: UPnP active. Port: 8800 Udp opened!
[22:33:17][Debug]: UPnP for website active. Port: 8800 Tcp opened!
[22:33:17][Debug]: Performing backups...
[22:33:17][LMP]: All systems up and running. Поехали!
[22:33:17][LMP]: Master server registration is active
[22:33:17][LMP]: End of stdin, stopping command listener
[22:33:17][Debug]: Backups done
[22:33:19][Debug]: Detected NAT addresses: 46.110.37.2:34836
[22:33:22][Debug]: Performing backups...
[22:33:22][Debug]: Backups done
[22:33:27][Debug]: Performing backups...
[22:33:27][Debug]: Backups done
[22:33:32][Debug]: Performing backups...
[22:33:32][Debug]: Backups done
[22:33:37][Debug]: Performing backups...
[22:33:37][Debug]: Backups done
[22:33:42][Debug]: Performing backups...
[22:33:42][Debug]: Backups done
[22:33:47][Warning]: There is a new version of LMP! Please download it! Current: 0.29.0 Latest: 0.29.1
[22:33:47][Debug]: Your version is compatible with the latest version so you will still be listed in the master servers.
[22:33:47][Debug]: Performing backups...
[22:33:47][Debug]: Backups done
[22:33:52][Debug]: Performing backups...
[22:33:52][Debug]: Backups done
[22:33:57][Debug]: Performing backups...
[22:33:57][Debug]: Backups done
[22:34:02][Debug]: Performing backups...
[22:34:02][Debug]: Backups done
[22:34:07][Debug]: Performing backups...
[22:34:07][Debug]: Backups done
[22:34:12][Debug]: Performing backups...
[22:34:12][Debug]: Backups done
[22:34:17][Warning]: There is a new version of LMP! Please download it! Current: 0.29.0 Latest: 0.29.1
[22:34:17][Debug]: Your version is compatible with the latest version so you will still be listed in the master servers.
[22:34:17][Debug]: Performing backups...
[22:34:17][Debug]: Backups done
[22:34:22][Debug]: Performing backups...
[22:34:22][Debug]: Backups done
[22:34:27][Debug]: Performing backups...
[22:34:27][Debug]: Backups done
