[23:02:17][Info]: Remember! Quit the server by using 'Control + C' so a backup is properly made before closing!
[23:02:17][Info]: Documentation available at https://github.com/LunaMultiplayer/LunaMultiplayer/wiki
[23:02:17][LMP]: Luna Server version: 0.29.0 (/home/alex/Documents/ksp_server/lmp_server_out/)
[23:02:17][Debug]: Loading universe... 0.631KB
[23:02:17][Debug]: Loading groups...
[23:02:17][Debug]: Loading settings...
[23:02:17][Debug]: Loading mod control...
[23:02:17][Debug]: Loading plugins...
[23:02:17][LMP]: Starting 'Luna Server' on Address :: Port 8800... 
[23:02:18][Debug]: UPnP active. Port: 8800 Udp opened!
[23:02:19][Debug]: UPnP for website active. Port: 8800 Tcp opened!
[23:02:19][Debug]: Performing backups...
[23:02:19][LMP]: All systems up and running. Поехали!
[23:02:19][LMP]: Master server registration is active
[23:02:19][LMP]: End of stdin, stopping command listener
[23:02:19][Debug]: Backups done
[23:02:21][Debug]: Detected NAT addresses: 46.110.37.2:34836
[23:02:24][Debug]: Performing backups...
[23:02:24][Debug]: Backups done
[23:02:29][Debug]: Performing backups...
[23:02:29][Debug]: Backups done
[23:02:34][Debug]: Performing backups...
[23:02:34][Debug]: Backups done
[23:02:39][Debug]: Performing backups...
[23:02:39][Debug]: Backups done
[23:02:44][Debug]: Performing backups...
[23:02:44][Debug]: Backups done
[23:02:49][Warning]: There is a new version of LMP! Please download it! Current: 0.29.0 Latest: 0.29.1
[23:02:49][Debug]: Your version is compatible with the latest version so you will still be listed in the master servers.
[23:02:49][Debug]: Performing backups...
[23:02:49][Debug]: Backups done
[23:02:54][Debug]: Performing backups...
[23:02:54][Debug]: Backups done
[23:02:59][Debug]: Performing backups...
[23:02:59][Debug]: Backups done
[23:03:04][Debug]: Performing backups...
[23:03:04][Debug]: Backups done
[23:03:09][Debug]: Performing backups...
[23:03:09][Debug]: Backups done
[23:03:14][Debug]: Performing backups...
[23:03:14][Debug]: Backups done
[23:03:19][Warning]: There is a new version of LMP! Please download it! Current: 0.29.0 Latest: 0.29.1
[23:03:19][Debug]: Your version is compatible with the latest version so you will still be listed in the master servers.
[23:03:19][Debug]: Performing backups...
[23:03:19][Debug]: Backups done
[23:03:24][Debug]: Performing backups...
[23:03:24][Debug]: Backups done
[23:03:29][Debug]: Performing backups...
[23:03:29][Debug]: Backups done
[23:03:34][Debug]: Performing backups...
[23:03:34][Debug]: Backups done
[23:03:39][Debug]: Performing backups...
[23:03:39][Debug]: Backups done
[23:03:44][Debug]: Performing backups...
[23:03:44][Debug]: Backups done
[23:03:49][Warning]: There is a new version of LMP! Please download it! Current: 0.29.0 Latest: 0.29.1
[23:03:49][Debug]: Your version is compatible with the latest version so you will still be listed in the master servers.
[23:03:49][Debug]: Performing backups...
[23:03:49][Debug]: Backups done
[23:03:54][Debug]: Performing backups...
[23:03:54][Debug]: Backups done
[23:03:59][Debug]: Performing backups...
[23:03:59][Debug]: Backups done
[23:04:04][Debug]: Performing backups...
[23:04:04][Debug]: Backups done
[23:04:09][Debug]: Performing backups...
[23:04:09][Debug]: Backups done
[23:04:14][Debug]: Performing backups...
[23:04:14][Debug]: Backups done
[23:04:19][Warning]: There is a new version of LMP! Please download it! Current: 0.29.0 Latest: 0.29.1
[23:04:19][Debug]: Your version is compatible with the latest version so you will still be listed in the master servers.
[23:04:19][Debug]: Performing backups...
[23:04:19][Debug]: Backups done
[23:04:24][Debug]: Performing backups...
[23:04:24][Debug]: Backups done
[23:04:29][Debug]: Performing backups...
[23:04:29][Debug]: Backups done
[23:04:34][Debug]: Performing backups...
[23:04:34][Debug]: Backups done
[23:04:39][Debug]: Performing backups...
[23:04:39][Debug]: Backups done
[23:04:44][Debug]: Performing backups...
[23:04:44][Debug]: Backups done
[23:04:49][Warning]: There is a new version of LMP! Please download it! Current: 0.29.0 Latest: 0.29.1
[23:04:49][Debug]: Your version is compatible with the latest version so you will still be listed in the master servers.
[23:04:49][Debug]: Performing backups...
[23:04:49][Debug]: Backups done
[23:04:54][Debug]: Performing backups...
[23:04:54][Debug]: Backups done
[23:04:59][Debug]: Performing backups...
[23:04:59][Debug]: Backups done
[23:05:04][Debug]: Performing backups...
[23:05:04][Debug]: Backups done
[23:05:09][Debug]: Performing backups...
[23:05:09][Debug]: Backups done
[23:05:14][Debug]: Performing backups...
[23:05:14][Debug]: Backups done
[23:05:19][Warning]: There is a new version of LMP! Please download it! Current: 0.29.0 Latest: 0.29.1
[23:05:19][Debug]: Your version is compatible with the latest version so you will still be listed in the master servers.
[23:05:19][Debug]: Performing backups...
[23:05:19][Debug]: Backups done
[23:05:24][Debug]: Performing backups...
[23:05:24][Debug]: Backups done
[23:05:29][Debug]: Performing backups...
[23:05:29][Debug]: Backups done
[23:05:34][Debug]: Performing backups...
[23:05:34][Debug]: Backups done
[23:05:39][Debug]: Performing backups...
[23:05:39][Debug]: Backups done
[23:05:44][Debug]: Performing backups...
[23:05:44][Debug]: Backups done
[23:05:49][Warning]: There is a new version of LMP! Please download it! Current: 0.29.0 Latest: 0.29.1
[23:05:49][Debug]: Your version is compatible with the latest version so you will still be listed in the master servers.
[23:05:49][Debug]: Performing backups...
[23:05:49][Debug]: Backups done
[23:05:54][Debug]: Performing backups...
[23:05:54][Debug]: Backups done
[23:05:59][Debug]: Performing backups...
[23:05:59][Debug]: Backups done
[23:06:04][Debug]: Performing backups...
[23:06:04][Debug]: Backups done
[23:06:09][Debug]: Performing backups...
[23:06:09][Debug]: Backups done
[23:06:14][Debug]: Performing backups...
[23:06:14][Debug]: Backups done
[23:06:19][Warning]: There is a new version of LMP! Please download it! Current: 0.29.0 Latest: 0.29.1
[23:06:19][Debug]: Your version is compatible with the latest version so you will still be listed in the master servers.
[23:06:19][Debug]: Performing backups...
[23:06:19][Debug]: Backups done
[23:06:24][Debug]: Performing backups...
[23:06:24][Debug]: Backups done
[23:06:29][Debug]: Performing backups...
[23:06:29][Debug]: Backups done
[23:06:34][Debug]: Performing backups...
[23:06:34][Debug]: Backups done
[23:06:39][Debug]: Performing backups...
[23:06:39][Debug]: Backups done
[23:06:44][Debug]: Performing backups...
[23:06:44][Debug]: Backups done
[23:06:49][Warning]: There is a new version of LMP! Please download it! Current: 0.29.0 Latest: 0.29.1
[23:06:49][Debug]: Your version is compatible with the latest version so you will still be listed in the master servers.
[23:06:49][Debug]: Performing backups...
[23:06:49][Debug]: Backups done
[23:06:54][Debug]: Performing backups...
[23:06:54][Debug]: Backups done
[23:06:59][Debug]: Performing backups...
[23:06:59][Debug]: Backups done
[23:07:04][Debug]: Performing backups...
[23:07:04][Debug]: Backups done
[23:07:09][Debug]: Performing backups...
[23:07:09][Debug]: Backups done
[23:07:14][Debug]: Performing backups...
[23:07:14][Debug]: Backups done
[23:07:19][Warning]: There is a new version of LMP! Please download it! Current: 0.29.0 Latest: 0.29.1
[23:07:19][Debug]: Your version is compatible with the latest version so you will still be listed in the master servers.
[23:07:19][Debug]: Performing backups...
[23:07:19][Debug]: Backups done
[23:07:24][Debug]: Performing backups...
[23:07:24][Debug]: Backups done
[23:07:29][Debug]: Performing backups...
[23:07:29][Debug]: Backups done
[23:07:34][Debug]: Performing backups...
[23:07:34][Debug]: Backups done
[23:07:39][Debug]: Performing backups...
[23:07:39][Debug]: Backups done
[23:07:44][Debug]: Performing backups...
[23:07:44][Debug]: Backups done
[23:07:49][Warning]: There is a new version of LMP! Please download it! Current: 0.29.0 Latest: 0.29.1
[23:07:49][Debug]: Your version is compatible with the latest version so you will still be listed in the master servers.
[23:07:49][Debug]: Performing backups...
[23:07:49][Debug]: Backups done
[23:07:54][Debug]: Performing backups...
[23:07:54][Debug]: Backups done
[23:07:59][Debug]: Performing backups...
[23:07:59][Debug]: Backups done
[23:08:04][Debug]: Performing backups...
[23:08:04][Debug]: Backups done
[23:08:09][Debug]: Performing backups...
[23:08:09][Debug]: Backups done
[23:08:14][Debug]: Performing backups...
[23:08:14][Debug]: Backups done
[23:08:19][Warning]: There is a new version of LMP! Please download it! Current: 0.29.0 Latest: 0.29.1
[23:08:19][Debug]: Your version is compatible with the latest version so you will still be listed in the master servers.
[23:08:19][Debug]: Performing backups...
[23:08:19][Debug]: Backups done
[23:08:24][Debug]: Performing backups...
[23:08:24][Debug]: Backups done
[23:08:29][Debug]: Performing backups...
[23:08:29][Debug]: Backups done
[23:08:34][Debug]: Performing backups...
[23:08:34][Debug]: Backups done
[23:08:39][Debug]: Performing backups...
[23:08:39][Debug]: Backups done
[23:08:44][Debug]: Performing backups...
[23:08:44][Debug]: Backups done
[23:08:49][Warning]: There is a new version of LMP! Please download it! Current: 0.29.0 Latest: 0.29.1
[23:08:49][Debug]: Your version is compatible with the latest version so you will still be listed in the master servers.
[23:08:49][Debug]: Performing backups...
[23:08:49][Debug]: Backups done
[23:08:54][Debug]: Performing backups...
[23:08:54][Debug]: Backups done
[23:08:59][Debug]: Performing backups...
[23:08:59][Debug]: Backups done
[23:09:04][Debug]: Performing backups...
[23:09:04][Debug]: Backups done
[23:09:09][Debug]: Performing backups...
[23:09:09][Debug]: Backups done
[23:09:14][Debug]: Performing backups...
[23:09:14][Debug]: Backups done
[23:09:19][Warning]: There is a new version of LMP! Please download it! Current: 0.29.0 Latest: 0.29.1
[23:09:19][Debug]: Your version is compatible with the latest version so you will still be listed in the master servers.
[23:09:19][Debug]: Performing backups...
[23:09:19][Debug]: Backups done
[23:09:24][Debug]: Performing backups...
[23:09:24][Debug]: Backups done
[23:09:29][Debug]: Performing backups...
[23:09:29][Debug]: Backups done
[23:09:34][Debug]: Performing backups...
[23:09:34][Debug]: Backups done
[23:09:39][Debug]: Performing backups...
[23:09:39][Debug]: Backups done
[23:09:44][Debug]: Performing backups...
[23:09:44][Debug]: Backups done
[23:09:49][Warning]: There is a new version of LMP! Please download it! Current: 0.29.0 Latest: 0.29.1
[23:09:49][Debug]: Your version is compatible with the latest version so you will still be listed in the master servers.
[23:09:49][Debug]: Performing backups...
[23:09:49][Debug]: Backups done
[23:09:54][Debug]: Performing backups...
[23:09:54][Debug]: Backups done
[23:09:59][Debug]: Performing backups...
[23:09:59][Debug]: Backups done
[23:10:04][Debug]: Performing backups...
[23:10:04][Debug]: Backups done
[23:10:09][Debug]: Performing backups...
[23:10:09][Debug]: Backups done
[23:10:14][Debug]: Performing backups...
[23:10:14][Debug]: Backups done
[23:10:19][Warning]: There is a new version of LMP! Please download it! Current: 0.29.0 Latest: 0.29.1
[23:10:19][Debug]: Your version is compatible with the latest version so you will still be listed in the master servers.
[23:10:19][Debug]: Performing backups...
[23:10:19][Debug]: Backups done
[23:10:24][Debug]: Performing backups...
[23:10:24][Debug]: Backups done
[23:10:29][Debug]: Performing backups...
[23:10:29][Debug]: Backups done
[23:10:34][Debug]: Performing backups...
[23:10:34][Debug]: Backups done
[23:10:39][Debug]: Performing backups...
[23:10:39][Debug]: Backups done
[23:10:44][Debug]: Performing backups...
[23:10:44][Debug]: Backups done
[23:10:49][Warning]: There is a new version of LMP! Please download it! Current: 0.29.0 Latest: 0.29.1
[23:10:49][Debug]: Your version is compatible with the latest version so you will still be listed in the master servers.
[23:10:49][Debug]: Performing backups...
[23:10:49][Debug]: Backups done
[23:10:54][Debug]: Performing backups...
[23:10:54][Debug]: Backups done
[23:10:59][Debug]: Performing backups...
[23:10:59][Debug]: Backups done
[23:11:04][Debug]: Performing backups...
[23:11:04][Debug]: Backups done
[23:11:09][Debug]: Performing backups...
[23:11:09][Debug]: Backups done
[23:11:14][Debug]: Performing backups...
[23:11:14][Debug]: Backups done
[23:11:19][Warning]: There is a new version of LMP! Please download it! Current: 0.29.0 Latest: 0.29.1
[23:11:19][Debug]: Your version is compatible with the latest version so you will still be listed in the master servers.
[23:11:19][Debug]: Performing backups...
[23:11:19][Debug]: Backups done
[23:11:24][Debug]: Performing backups...
[23:11:24][Debug]: Backups done
[23:11:29][Debug]: Performing backups...
[23:11:29][Debug]: Backups done
[23:11:34][Debug]: Performing backups...
[23:11:34][Debug]: Backups done
[23:11:39][Debug]: Performing backups...
[23:11:39][Debug]: Backups done
[23:11:44][Debug]: Performing backups...
[23:11:44][Debug]: Backups done
[23:11:49][Warning]: There is a new version of LMP! Please download it! Current: 0.29.0 Latest: 0.29.1
[23:11:49][Debug]: Your version is compatible with the latest version so you will still be listed in the master servers.
[23:11:49][Debug]: Performing backups...
[23:11:49][Debug]: Backups done
[23:11:54][Debug]: Performing backups...
[23:11:54][Debug]: Backups done
[23:11:59][Debug]: Performing backups...
[23:11:59][Debug]: Backups done
[23:12:04][Debug]: Performing backups...
[23:12:04][Debug]: Backups done
[23:12:09][Debug]: Performing backups...
[23:12:09][Debug]: Backups done
[23:12:14][Debug]: Performing backups...
[23:12:14][Debug]: Backups done
[23:12:19][Warning]: There is a new version of LMP! Please download it! Current: 0.29.0 Latest: 0.29.1
[23:12:19][Debug]: Your version is compatible with the latest version so you will still be listed in the master servers.
[23:12:19][Debug]: Performing backups...
[23:12:19][Debug]: Backups done
[23:12:21][LMP]: HTTP vessel upload: 7a860cec-ba34-42ee-a351-7ad4087dde22 (4691 bytes)
[23:12:24][Debug]: Performing backups...
[23:12:24][Debug]: Backups done
[23:12:29][Debug]: Performing backups...
[23:12:29][Debug]: Backups done
[23:12:34][Debug]: Performing backups...
[23:12:34][Debug]: Backups done
[23:12:39][Debug]: Performing backups...
[23:12:39][Debug]: Backups done
[23:12:44][Debug]: Performing backups...
[23:12:44][Debug]: Backups done
[23:12:49][Warning]: There is a new version of LMP! Please download it! Current: 0.29.0 Latest: 0.29.1
[23:12:49][Debug]: Your version is compatible with the latest version so you will still be listed in the master servers.
[23:12:49][Debug]: Performing backups...
[23:12:49][Debug]: Backups done
[23:12:51][LMP]: HTTP vessel upload: eb89f073-d7a7-40ba-b1ce-5b8632ca6145 (2337 bytes)
[23:12:54][Debug]: Performing backups...
[23:12:54][Debug]: Backups done
[23:12:59][Debug]: Performing backups...
[23:12:59][Debug]: Backups done
[23:13:04][Debug]: Performing backups...
[23:13:04][Debug]: Backups done
[23:13:09][Debug]: Performing backups...
[23:13:09][Debug]: Backups done
[23:13:14][Debug]: Performing backups...
[23:13:14][Debug]: Backups done
[23:13:19][Warning]: There is a new version of LMP! Please download it! Current: 0.29.0 Latest: 0.29.1
[23:13:19][Debug]: Your version is compatible with the latest version so you will still be listed in the master servers.
[23:13:19][Debug]: Performing backups...
[23:13:19][Debug]: Backups done
[23:13:24][Debug]: Performing backups...
[23:13:24][Debug]: Backups done
[23:13:25][LMP]: HTTP vessel upload: 7a860cec-ba34-42ee-a351-7ad4087dde22 (4691 bytes)
[23:13:25][LMP]: HTTP vessel upload: eb89f073-d7a7-40ba-b1ce-5b8632ca6145 (2337 bytes)
[23:13:26][LMP]: HTTP vessel upload: 085e0b36-723f-4040-8bb3-e09874901163 (2337 bytes)
[23:13:29][Debug]: Performing backups...
[23:13:29][Debug]: Backups done
[23:13:34][Debug]: Performing backups...
[23:13:34][Debug]: Backups done
[23:13:39][Debug]: Performing backups...
[23:13:39][Debug]: Backups done
[23:13:44][Debug]: Performing backups...
[23:13:44][Debug]: Backups done
[23:13:49][Warning]: There is a new version of LMP! Please download it! Current: 0.29.0 Latest: 0.29.1
[23:13:49][Debug]: Your version is compatible with the latest version so you will still be listed in the master servers.
[23:13:49][Debug]: Performing backups...
[23:13:49][Debug]: Backups done
[23:13:54][Debug]: Performing backups...
[23:13:54][Debug]: Backups done
[23:13:56][LMP]: HTTP vessel upload: 4ae5ca2e-a9ff-40bb-a44a-1d24bd6d1f75 (2337 bytes)
[23:13:59][Debug]: Performing backups...
[23:13:59][Debug]: Backups done
[23:14:04][Debug]: Performing backups...
[23:14:04][Debug]: Backups done
[23:14:09][Debug]: Performing backups...
[23:14:09][Debug]: Backups done
[23:14:14][Debug]: Performing backups...
[23:14:14][Debug]: Backups done
[23:14:19][Warning]: There is a new version of LMP! Please download it! Current: 0.29.0 Latest: 0.29.1
[23:14:19][Debug]: Your version is compatible with the latest version so you will still be listed in the master servers.
[23:14:19][Debug]: Performing backups...
[23:14:19][Debug]: Backups done
[23:14:24][Debug]: Performing backups...
[23:14:24][Debug]: Backups done
[23:14:29][Debug]: Performing backups...
[23:14:29][Debug]: Backups done
[23:14:34][Debug]: Performing backups...
[23:14:34][Debug]: Backups done
[23:14:39][Debug]: Performing backups...
[23:14:39][Debug]: Backups done
[23:14:44][Debug]: Performing backups...
[23:14:44][Debug]: Backups done
[23:14:49][Warning]: There is a new version of LMP! Please download it! Current: 0.29.0 Latest: 0.29.1
[23:14:49][Debug]: Your version is compatible with the latest version so you will still be listed in the master servers.
[23:14:49][Debug]: Performing backups...
[23:14:49][Debug]: Backups done
[23:14:54][Debug]: Performing backups...
[23:14:54][Debug]: Backups done
[23:14:59][Debug]: Performing backups...
[23:14:59][Debug]: Backups done
[23:15:04][Debug]: Performing backups...
[23:15:04][Debug]: Backups done
[23:15:09][Debug]: Performing backups...
[23:15:09][Debug]: Backups done
[23:15:14][Debug]: Performing backups...
[23:15:14][Debug]: Backups done
[23:15:19][Warning]: There is a new version of LMP! Please download it! Current: 0.29.0 Latest: 0.29.1
[23:15:19][Debug]: Your version is compatible with the latest version so you will still be listed in the master servers.
[23:15:19][Debug]: Performing backups...
[23:15:19][Debug]: Backups done
[23:15:24][Debug]: Performing backups...
[23:15:24][Debug]: Backups done
[23:15:29][Debug]: Performing backups...
[23:15:29][Debug]: Backups done
[23:15:34][Debug]: Performing backups...
[23:15:34][Debug]: Backups done
[23:15:39][Debug]: Performing backups...
[23:15:39][Debug]: Backups done
[23:15:44][Debug]: Performing backups...
[23:15:44][Debug]: Backups done
[23:15:49][Warning]: There is a new version of LMP! Please download it! Current: 0.29.0 Latest: 0.29.1
[23:15:49][Debug]: Your version is compatible with the latest version so you will still be listed in the master servers.
[23:15:49][Debug]: Performing backups...
[23:15:49][Debug]: Backups done
[23:15:54][Debug]: Performing backups...
[23:15:54][Debug]: Backups done
[23:15:59][Debug]: Performing backups...
[23:15:59][Debug]: Backups done
[23:16:04][Debug]: Performing backups...
[23:16:04][Debug]: Backups done
[23:16:09][Debug]: Performing backups...
[23:16:09][Debug]: Backups done
[23:16:14][Debug]: Performing backups...
[23:16:14][Debug]: Backups done
[23:16:19][Warning]: There is a new version of LMP! Please download it! Current: 0.29.0 Latest: 0.29.1
[23:16:19][Debug]: Your version is compatible with the latest version so you will still be listed in the master servers.
[23:16:19][Debug]: Performing backups...
[23:16:19][Debug]: Backups done
[23:16:24][Debug]: Performing backups...
[23:16:24][Debug]: Backups done
[23:16:29][Debug]: Performing backups...
[23:16:29][Debug]: Backups done
[23:16:34][Debug]: Performing backups...
[23:16:34][Debug]: Backups done
[23:16:39][Debug]: Performing backups...
[23:16:39][Debug]: Backups done
[23:16:44][Debug]: Performing backups...
[23:16:44][Debug]: Backups done
[23:16:49][Warning]: There is a new version of LMP! Please download it! Current: 0.29.0 Latest: 0.29.1
[23:16:49][Debug]: Your version is compatible with the latest version so you will still be listed in the master servers.
[23:16:49][Debug]: Performing backups...
[23:16:49][Debug]: Backups done
[23:16:54][Debug]: Performing backups...
[23:16:54][Debug]: Backups done
[23:16:59][Debug]: Performing backups...
[23:16:59][Debug]: Backups done
[23:17:04][Debug]: Performing backups...
[23:17:04][Debug]: Backups done
[23:17:09][Debug]: Performing backups...
[23:17:09][Debug]: Backups done
[23:17:14][Debug]: Performing backups...
[23:17:14][Debug]: Backups done
[23:17:19][Warning]: There is a new version of LMP! Please download it! Current: 0.29.0 Latest: 0.29.1
[23:17:19][Debug]: Your version is compatible with the latest version so you will still be listed in the master servers.
[23:17:19][Debug]: Performing backups...
[23:17:19][Debug]: Backups done
[23:17:24][Debug]: Performing backups...
[23:17:24][Debug]: Backups done
[23:17:29][Debug]: Performing backups...
[23:17:29][Debug]: Backups done
[23:17:34][Debug]: Performing backups...
[23:17:34][Debug]: Backups done
[23:17:39][Debug]: Performing backups...
[23:17:39][Debug]: Backups done
[23:17:44][Debug]: Performing backups...
[23:17:44][Debug]: Backups done
[23:17:49][Warning]: There is a new version of LMP! Please download it! Current: 0.29.0 Latest: 0.29.1
[23:17:49][Debug]: Your version is compatible with the latest version so you will still be listed in the master servers.
[23:17:49][Debug]: Performing backups...
[23:17:49][Debug]: Backups done
[23:17:54][Debug]: Performing backups...
[23:17:54][Debug]: Backups done
[23:17:59][Debug]: Performing backups...
[23:17:59][Debug]: Backups done
[23:18:04][Debug]: Performing backups...
[23:18:04][Debug]: Backups done
[23:18:09][Debug]: Performing backups...
[23:18:09][Debug]: Backups done
[23:18:14][Debug]: Performing backups...
[23:18:14][Debug]: Backups done
[23:18:19][Warning]: There is a new version of LMP! Please download it! Current: 0.29.0 Latest: 0.29.1
[23:18:19][Debug]: Your version is compatible with the latest version so you will still be listed in the master servers.
[23:18:19][Debug]: Performing backups...
[23:18:19][Debug]: Backups done
[23:18:24][Debug]: Performing backups...
[23:18:24][Debug]: Backups done
[23:18:29][Debug]: Performing backups...
[23:18:29][Debug]: Backups done
[23:18:34][Debug]: Performing backups...
[23:18:34][Debug]: Backups done
[23:18:39][Debug]: Performing backups...
[23:18:39][Debug]: Backups done
[23:18:44][Debug]: Performing backups...
[23:18:44][Debug]: Backups done
[23:18:49][Warning]: There is a new version of LMP! Please download it! Current: 0.29.0 Latest: 0.29.1
[23:18:49][Debug]: Your version is compatible with the latest version so you will still be listed in the master servers.
[23:18:49][Debug]: Performing backups...
[23:18:49][Debug]: Backups done
[23:18:54][Debug]: Performing backups...
[23:18:54][Debug]: Backups done
[23:18:59][Debug]: Performing backups...
[23:18:59][Debug]: Backups done
[23:19:04][Debug]: Performing backups...
[23:19:04][Debug]: Backups done
[23:19:09][Debug]: Performing backups...
[23:19:09][Debug]: Backups done
[23:19:14][Debug]: Performing backups...
[23:19:14][Debug]: Backups done
[23:19:19][Warning]: There is a new version of LMP! Please download it! Current: 0.29.0 Latest: 0.29.1
[23:19:19][Debug]: Your version is compatible with the latest version so you will still be listed in the master servers.
[23:19:19][Debug]: Performing backups...
[23:19:19][Debug]: Backups done
[23:19:24][Debug]: Performing backups...
[23:19:24][Debug]: Backups done
[23:19:29][Debug]: Performing backups...
[23:19:29][Debug]: Backups done
[23:19:34][Debug]: Performing backups...
[23:19:34][Debug]: Backups done
[23:19:39][Debug]: Performing backups...
[23:19:39][Debug]: Backups done
[23:19:44][Debug]: Performing backups...
[23:19:44][Debug]: Backups done
[23:19:49][Warning]: There is a new version of LMP! Please download it! Current: 0.29.0 Latest: 0.29.1
[23:19:49][Debug]: Your version is compatible with the latest version so you will still be listed in the master servers.
[23:19:49][Debug]: Performing backups...
[23:19:49][Debug]: Backups done
[23:19:54][Debug]: Performing backups...
[23:19:54][Debug]: Backups done
[23:19:59][Debug]: Performing backups...
[23:19:59][Debug]: Backups done
[23:20:04][Debug]: Performing backups...
[23:20:04][Debug]: Backups done
[23:20:09][Debug]: Performing backups...
[23:20:09][Debug]: Backups done
[23:20:14][Debug]: Performing backups...
[23:20:14][Debug]: Backups done
[23:20:19][Warning]: There is a new version of LMP! Please download it! Current: 0.29.0 Latest: 0.29.1
[23:20:19][Debug]: Your version is compatible with the latest version so you will still be listed in the master servers.
[23:20:19][Debug]: Performing backups...
[23:20:19][Debug]: Backups done
[23:20:24][Debug]: Performing backups...
[23:20:24][Debug]: Backups done
[23:20:29][Debug]: Performing backups...
[23:20:29][Debug]: Backups done
[23:20:34][Debug]: Performing backups...
[23:20:34][Debug]: Backups done
[23:20:39][Debug]: Performing backups...
[23:20:39][Debug]: Backups done
[23:20:44][Debug]: Performing backups...
[23:20:44][Debug]: Backups done
[23:20:49][Warning]: There is a new version of LMP! Please download it! Current: 0.29.0 Latest: 0.29.1
[23:20:49][Debug]: Your version is compatible with the latest version so you will still be listed in the master servers.
[23:20:49][Debug]: Performing backups...
[23:20:49][Debug]: Backups done
[23:20:54][Debug]: Performing backups...
[23:20:54][Debug]: Backups done
[23:20:59][Debug]: Performing backups...
[23:20:59][Debug]: Backups done
[23:21:04][Debug]: Performing backups...
[23:21:04][Debug]: Backups done
[23:21:09][Debug]: Performing backups...
[23:21:09][Debug]: Backups done
[23:21:14][Debug]: Performing backups...
[23:21:14][Debug]: Backups done
[23:21:19][Warning]: There is a new version of LMP! Please download it! Current: 0.29.0 Latest: 0.29.1
[23:21:19][Debug]: Your version is compatible with the latest version so you will still be listed in the master servers.
[23:21:19][Debug]: Performing backups...
[23:21:19][Debug]: Backups done
[23:21:24][Debug]: Performing backups...
[23:21:24][Debug]: Backups done
[23:21:29][Debug]: Performing backups...
[23:21:29][Debug]: Backups done
[23:21:34][Debug]: Performing backups...
[23:21:34][Debug]: Backups done
[23:21:39][Debug]: Performing backups...
[23:21:39][Debug]: Backups done
[23:21:44][Debug]: Performing backups...
[23:21:44][Debug]: Backups done
[23:21:49][Warning]: There is a new version of LMP! Please download it! Current: 0.29.0 Latest: 0.29.1
[23:21:49][Debug]: Your version is compatible with the latest version so you will still be listed in the master servers.
[23:21:49][Debug]: Performing backups...
[23:21:49][Debug]: Backups done
[23:21:54][Debug]: Performing backups...
[23:21:54][Debug]: Backups done
[23:21:59][Debug]: Performing backups...
[23:21:59][Debug]: Backups done
[23:22:04][Debug]: Performing backups...
[23:22:04][Debug]: Backups done
[23:22:09][Debug]: Performing backups...
[23:22:09][Debug]: Backups done
[23:22:14][Debug]: Performing backups...
[23:22:14][Debug]: Backups done
[23:22:19][Warning]: There is a new version of LMP! Please download it! Current: 0.29.0 Latest: 0.29.1
[23:22:19][Debug]: Your version is compatible with the latest version so you will still be listed in the master servers.
[23:22:19][Debug]: Performing backups...
[23:22:19][Debug]: Backups done
[23:22:24][Debug]: Performing backups...
[23:22:24][Debug]: Backups done
[23:22:29][Debug]: Performing backups...
[23:22:29][Debug]: Backups done
[23:22:34][Debug]: Performing backups...
[23:22:34][Debug]: Backups done
[23:22:39][Debug]: Performing backups...
[23:22:39][Debug]: Backups done
[23:22:44][Debug]: Performing backups...
[23:22:44][Debug]: Backups done
[23:22:49][Warning]: There is a new version of LMP! Please download it! Current: 0.29.0 Latest: 0.29.1
[23:22:49][Debug]: Your version is compatible with the latest version so you will still be listed in the master servers.
[23:22:49][Debug]: Performing backups...
[23:22:49][Debug]: Backups done
[23:22:54][Debug]: Performing backups...
[23:22:54][Debug]: Backups done
[23:22:59][Debug]: Performing backups...
[23:22:59][Debug]: Backups done
[23:23:04][Debug]: Performing backups...
[23:23:04][Debug]: Backups done
[23:23:09][Debug]: Performing backups...
[23:23:09][Debug]: Backups done
[23:23:14][Debug]: Performing backups...
[23:23:14][Debug]: Backups done
[23:23:19][Warning]: There is a new version of LMP! Please download it! Current: 0.29.0 Latest: 0.29.1
[23:23:19][Debug]: Your version is compatible with the latest version so you will still be listed in the master servers.
[23:23:19][Debug]: Performing backups...
[23:23:19][Debug]: Backups done
[23:23:24][Debug]: Performing backups...
[23:23:24][Debug]: Backups done
[23:23:29][Debug]: Performing backups...
[23:23:29][Debug]: Backups done
[23:23:34][Debug]: Performing backups...
[23:23:34][Debug]: Backups done
[23:23:39][Debug]: Performing backups...
[23:23:39][Debug]: Backups done
[23:23:44][Debug]: Performing backups...
[23:23:44][Debug]: Backups done
[23:23:49][Warning]: There is a new version of LMP! Please download it! Current: 0.29.0 Latest: 0.29.1
[23:23:49][Debug]: Your version is compatible with the latest version so you will still be listed in the master servers.
[23:23:49][Debug]: Performing backups...
[23:23:49][Debug]: Backups done
[23:23:54][Debug]: Performing backups...
[23:23:54][Debug]: Backups done
[23:23:59][Debug]: Performing backups...
[23:23:59][Debug]: Backups done
[23:24:04][Debug]: Performing backups...
[23:24:04][Debug]: Backups done
[23:24:09][Debug]: Performing backups...
[23:24:09][Debug]: Backups done
[23:24:14][Debug]: Performing backups...
[23:24:14][Debug]: Backups done
[23:24:19][Warning]: There is a new version of LMP! Please download it! Current: 0.29.0 Latest: 0.29.1
[23:24:19][Debug]: Your version is compatible with the latest version so you will still be listed in the master servers.
[23:24:19][Debug]: Performing backups...
[23:24:19][Debug]: Backups done
[23:24:24][Debug]: Performing backups...
[23:24:24][Debug]: Backups done
[23:24:29][Debug]: Performing backups...
[23:24:29][Debug]: Backups done
[23:24:34][Debug]: Performing backups...
[23:24:34][Debug]: Backups done
[23:24:39][Debug]: Performing backups...
[23:24:39][Debug]: Backups done
[23:24:44][Debug]: Performing backups...
[23:24:44][Debug]: Backups done
[23:24:49][Warning]: There is a new version of LMP! Please download it! Current: 0.29.0 Latest: 0.29.1
[23:24:49][Debug]: Your version is compatible with the latest version so you will still be listed in the master servers.
[23:24:49][Debug]: Performing backups...
[23:24:49][Debug]: Backups done
[23:24:54][Debug]: Performing backups...
[23:24:54][Debug]: Backups done
[23:24:59][Debug]: Performing backups...
[23:24:59][Debug]: Backups done
[23:25:04][Debug]: Performing backups...
[23:25:04][Debug]: Backups done
[23:25:07][LMP]: HTTP vessel upload: aaaaaaaa-bbbb-cccc-dddd-eeeeeeeeeeee (934 bytes)
[23:25:09][Debug]: Performing backups...
[23:25:09][Debug]: Backups done
[23:25:14][Debug]: Performing backups...
[23:25:14][Debug]: Backups done
[23:25:19][Warning]: There is a new version of LMP! Please download it! Current: 0.29.0 Latest: 0.29.1
[23:25:19][Debug]: Your version is compatible with the latest version so you will still be listed in the master servers.
[23:25:19][Debug]: Performing backups...
[23:25:19][Debug]: Backups done
[23:25:22][LMP]: HTTP vessel upload: aaaaaaaa-bbbb-cccc-dddd-eeeeeeeeeeee (934 bytes)
[23:25:24][Debug]: Performing backups...
[23:25:24][Debug]: Backups done
[23:25:29][Debug]: Performing backups...
[23:25:29][Debug]: Backups done
[23:25:34][Debug]: Performing backups...
[23:25:34][Debug]: Backups done
[23:25:39][Debug]: Performing backups...
[23:25:39][Debug]: Backups done
[23:25:44][Debug]: Performing backups...
[23:25:44][Debug]: Backups done
[23:25:49][Warning]: There is a new version of LMP! Please download it! Current: 0.29.0 Latest: 0.29.1
[23:25:49][Debug]: Your version is compatible with the latest version so you will still be listed in the master servers.
[23:25:49][Debug]: Performing backups...
[23:25:49][Debug]: Backups done
[23:25:50][LMP]: HTTP vessel upload: aaaaaaaa-bbbb-cccc-dddd-eeeeeeeeeeee (934 bytes)
[23:25:54][Debug]: Performing backups...
[23:25:54][Debug]: Backups done
[23:25:59][Debug]: Performing backups...
[23:25:59][Debug]: Backups done
[23:26:01][LMP]: HTTP vessel upload: aaaaaaaa-bbbb-cccc-dddd-eeeeeeeeeeee (933 bytes)
[23:26:04][Debug]: Performing backups...
[23:26:04][Debug]: Backups done
[23:26:09][Debug]: Performing backups...
[23:26:09][Debug]: Backups done
[23:26:14][Debug]: Performing backups...
[23:26:14][Debug]: Backups done
[23:26:19][Warning]: There is a new version of LMP! Please download it! Current: 0.29.0 Latest: 0.29.1
[23:26:19][Debug]: Your version is compatible with the latest version so you will still be listed in the master servers.
[23:26:19][Debug]: Performing backups...
[23:26:19][Debug]: Backups done
[23:26:24][Debug]: Performing backups...
[23:26:24][Debug]: Backups done
[23:26:29][Debug]: Performing backups...
[23:26:29][Debug]: Backups done
[23:26:34][Debug]: Performing backups...
[23:26:34][Debug]: Backups done
[23:26:39][Debug]: Performing backups...
[23:26:39][Debug]: Backups done
[23:26:44][Debug]: Performing backups...
[23:26:44][Debug]: Backups done
[23:26:49][Warning]: There is a new version of LMP! Please download it! Current: 0.29.0 Latest: 0.29.1
[23:26:49][Debug]: Your version is compatible with the latest version so you will still be listed in the master servers.
[23:26:49][Debug]: Performing backups...
[23:26:49][Debug]: Backups done
[23:26:54][Debug]: Performing backups...
[23:26:54][Debug]: Backups done
[23:26:59][Debug]: Performing backups...
[23:26:59][Debug]: Backups done
[23:27:04][Debug]: Performing backups...
[23:27:04][Debug]: Backups done
[23:27:09][Debug]: Performing backups...
[23:27:09][Debug]: Backups done
[23:27:14][Debug]: Performing backups...
[23:27:14][Debug]: Backups done
[23:27:19][Warning]: There is a new version of LMP! Please download it! Current: 0.29.0 Latest: 0.29.1
[23:27:19][Debug]: Your version is compatible with the latest version so you will still be listed in the master servers.
[23:27:19][Debug]: Performing backups...
[23:27:19][Debug]: Backups done
[23:27:24][Debug]: Performing backups...
[23:27:24][Debug]: Backups done
[23:27:29][Debug]: Performing backups...
[23:27:29][Debug]: Backups done
[23:27:34][Debug]: Performing backups...
[23:27:34][Debug]: Backups done
[23:27:39][Debug]: Performing backups...
[23:27:39][Debug]: Backups done
[23:27:44][Debug]: Performing backups...
[23:27:44][Debug]: Backups done
[23:27:49][Warning]: There is a new version of LMP! Please download it! Current: 0.29.0 Latest: 0.29.1
[23:27:49][Debug]: Your version is compatible with the latest version so you will still be listed in the master servers.
[23:27:49][Debug]: Performing backups...
[23:27:49][Debug]: Backups done
[23:27:54][Debug]: Performing backups...
[23:27:54][Debug]: Backups done
[23:27:59][Debug]: Performing backups...
[23:27:59][Debug]: Backups done
[23:28:04][Debug]: Performing backups...
[23:28:04][Debug]: Backups done
[23:28:09][Debug]: Performing backups...
[23:28:09][Debug]: Backups done
[23:28:14][Debug]: Performing backups...
[23:28:14][Debug]: Backups done
[23:28:19][Warning]: There is a new version of LMP! Please download it! Current: 0.29.0 Latest: 0.29.1
[23:28:19][Debug]: Your version is compatible with the latest version so you will still be listed in the master servers.
[23:28:19][Debug]: Performing backups...
[23:28:19][Debug]: Backups done
[23:28:24][Debug]: Performing backups...
[23:28:24][Debug]: Backups done
[23:28:29][Debug]: Performing backups...
[23:28:29][Debug]: Backups done
[23:28:34][Debug]: Performing backups...
[23:28:34][Debug]: Backups done
[23:28:39][Debug]: Performing backups...
[23:28:39][Debug]: Backups done
[23:28:44][Debug]: Performing backups...
[23:28:44][Debug]: Backups done
[23:28:49][Warning]: There is a new version of LMP! Please download it! Current: 0.29.0 Latest: 0.29.1
[23:28:49][Debug]: Your version is compatible with the latest version so you will still be listed in the master servers.
[23:28:49][Debug]: Performing backups...
[23:28:49][Debug]: Backups done
[23:28:54][Debug]: Performing backups...
[23:28:54][Debug]: Backups done
[23:28:59][Debug]: Performing backups...
[23:28:59][Debug]: Backups done
[23:29:04][Debug]: Performing backups...
[23:29:04][Debug]: Backups done
[23:29:09][Debug]: Performing backups...
[23:29:09][Debug]: Backups done
[23:29:14][Debug]: Performing backups...
[23:29:14][Debug]: Backups done
[23:29:19][Warning]: There is a new version of LMP! Please download it! Current: 0.29.0 Latest: 0.29.1
[23:29:19][Debug]: Your version is compatible with the latest version so you will still be listed in the master servers.
[23:29:19][Debug]: Performing backups...
[23:29:19][Debug]: Backups done
[23:29:24][Debug]: Performing backups...
[23:29:24][Debug]: Backups done
[23:29:29][Debug]: Performing backups...
[23:29:29][Debug]: Backups done
[23:29:34][Debug]: Performing backups...
[23:29:34][Debug]: Backups done
[23:29:39][Debug]: Performing backups...
[23:29:39][Debug]: Backups done
[23:29:44][Debug]: Performing backups...
[23:29:44][Debug]: Backups done
[23:29:49][Warning]: There is a new version of LMP! Please download it! Current: 0.29.0 Latest: 0.29.1
[23:29:49][Debug]: Your version is compatible with the latest version so you will still be listed in the master servers.
[23:29:49][Debug]: Performing backups...
[23:29:49][Debug]: Backups done
[23:29:54][Debug]: Performing backups...
[23:29:54][Debug]: Backups done
[23:29:59][Debug]: Performing backups...
[23:29:59][Debug]: Backups done
[23:30:04][Debug]: Performing backups...
[23:30:04][Debug]: Backups done
[23:30:09][Debug]: Performing backups...
[23:30:09][Debug]: Backups done
[23:30:14][Debug]: Performing backups...
[23:30:14][Debug]: Backups done
[23:30:19][Warning]: There is a new version of LMP! Please download it! Current: 0.29.0 Latest: 0.29.1
[23:30:19][Debug]: Your version is compatible with the latest version so you will still be listed in the master servers.
[23:30:19][Debug]: Performing backups...
[23:30:19][Debug]: Backups done
[23:30:24][Debug]: Performing backups...
[23:30:24][Debug]: Backups done
[23:30:29][Debug]: Performing backups...
[23:30:29][Debug]: Backups done
[23:30:34][Debug]: Performing backups...
[23:30:34][Debug]: Backups done
[23:30:39][Debug]: Performing backups...
[23:30:39][Debug]: Backups done
[23:30:44][Debug]: Performing backups...
[23:30:44][Debug]: Backups done
[23:30:49][Warning]: There is a new version of LMP! Please download it! Current: 0.29.0 Latest: 0.29.1
[23:30:49][Debug]: Your version is compatible with the latest version so you will still be listed in the master servers.
[23:30:49][Debug]: Performing backups...
[23:30:49][Debug]: Backups done
[23:30:54][Debug]: Performing backups...
[23:30:54][Debug]: Backups done
[23:30:59][Debug]: Performing backups...
[23:30:59][Debug]: Backups done
[23:31:04][Debug]: Performing backups...
[23:31:04][Debug]: Backups done
[23:31:09][Debug]: Performing backups...
[23:31:09][Debug]: Backups done
[23:31:14][Debug]: Performing backups...
[23:31:14][Debug]: Backups done
[23:31:19][Warning]: There is a new version of LMP! Please download it! Current: 0.29.0 Latest: 0.29.1
[23:31:19][Debug]: Your version is compatible with the latest version so you will still be listed in the master servers.
[23:31:19][Debug]: Performing backups...
[23:31:19][Debug]: Backups done
[23:31:24][Debug]: Performing backups...
[23:31:24][Debug]: Backups done
[23:31:29][Debug]: Performing backups...
[23:31:29][Debug]: Backups done
[23:31:34][Debug]: Performing backups...
[23:31:34][Debug]: Backups done
[23:31:39][Debug]: Performing backups...
[23:31:39][Debug]: Backups done
[23:31:44][Debug]: Performing backups...
[23:31:44][Debug]: Backups done
[23:31:49][Warning]: There is a new version of LMP! Please download it! Current: 0.29.0 Latest: 0.29.1
[23:31:49][Debug]: Your version is compatible with the latest version so you will still be listed in the master servers.
[23:31:49][Debug]: Performing backups...
[23:31:49][Debug]: Backups done
[23:31:54][Debug]: Performing backups...
[23:31:54][Debug]: Backups done
[23:31:59][Debug]: Performing backups...
[23:31:59][Debug]: Backups done
[23:32:04][Debug]: Performing backups...
[23:32:04][Debug]: Backups done
[23:32:09][Debug]: Performing backups...
[23:32:09][Debug]: Backups done
[23:32:14][Debug]: Performing backups...
[23:32:14][Debug]: Backups done
[23:32:19][Warning]: There is a new version of LMP! Please download it! Current: 0.29.0 Latest: 0.29.1
[23:32:19][Debug]: Your version is compatible with the latest version so you will still be listed in the master servers.
[23:32:19][Debug]: Performing backups...
[23:32:19][Debug]: Backups done
[23:32:24][Debug]: Performing backups...
[23:32:24][Debug]: Backups done
[23:32:29][Debug]: Performing backups...
[23:32:29][Debug]: Backups done
[23:32:34][Debug]: Performing backups...
[23:32:34][Debug]: Backups done
[23:32:39][Debug]: Performing backups...
[23:32:39][Debug]: Backups done
[23:32:44][Debug]: Performing backups...
[23:32:44][Debug]: Backups done
[23:32:49][Warning]: There is a new version of LMP! Please download it! Current: 0.29.0 Latest: 0.29.1
[23:32:49][Debug]: Your version is compatible with the latest version so you will still be listed in the master servers.
[23:32:49][Debug]: Performing backups...
[23:32:49][Debug]: Backups done
[23:32:54][Debug]: Performing backups...
[23:32:54][Debug]: Backups done
[23:32:59][Debug]: Performing backups...
[23:32:59][Debug]: Backups done
[23:33:04][Debug]: Performing backups...
[23:33:04][Debug]: Backups done
[23:33:09][Debug]: Performing backups...
[23:33:09][Debug]: Backups done
[23:33:14][Debug]: Performing backups...
[23:33:14][Debug]: Backups done
[23:33:19][Warning]: There is a new version of LMP! Please download it! Current: 0.29.0 Latest: 0.29.1
[23:33:19][Debug]: Your version is compatible with the latest version so you will still be listed in the master servers.
[23:33:19][Debug]: Performing backups...
[23:33:19][Debug]: Backups done
[23:33:24][Debug]: Performing backups...
[23:33:24][Debug]: Backups done
[23:33:29][Debug]: Performing backups...
[23:33:29][Debug]: Backups done
[23:33:34][Debug]: Performing backups...
[23:33:34][Debug]: Backups done
[23:33:36][LMP]: HTTP vessel upload: aaaaaaaa-bbbb-cccc-dddd-eeeeeeeeeeee (934 bytes)
[23:33:39][Debug]: Performing backups...
[23:33:39][Debug]: Backups done
[23:33:44][Debug]: Performing backups...
[23:33:44][Debug]: Backups done
[23:33:44][LMP]: HTTP vessel upload: aaaaaaaa-bbbb-cccc-dddd-eeeeeeeeeeee (52 bytes)
[23:33:44][Error]: HTTP vessel upload error: Sequence contains no elements
[23:33:49][Warning]: There is a new version of LMP! Please download it! Current: 0.29.0 Latest: 0.29.1
[23:33:49][Debug]: Your version is compatible with the latest version so you will still be listed in the master servers.
[23:33:49][Debug]: Performing backups...
[23:33:49][Debug]: Backups done
[23:33:54][Debug]: Performing backups...
[23:33:54][Debug]: Backups done
[23:33:59][Debug]: Performing backups...
[23:33:59][Debug]: Backups done
[23:34:04][Debug]: Performing backups...
[23:34:04][Debug]: Backups done
[23:34:09][Debug]: Performing backups...
[23:34:09][Debug]: Backups done
[23:34:14][Debug]: Performing backups...
[23:34:14][Debug]: Backups done
[23:34:19][Warning]: There is a new version of LMP! Please download it! Current: 0.29.0 Latest: 0.29.1
[23:34:19][Debug]: Your version is compatible with the latest version so you will still be listed in the master servers.
[23:34:19][Debug]: Performing backups...
[23:34:19][Debug]: Backups done
[23:34:24][Debug]: Performing backups...
[23:34:24][Debug]: Backups done
[23:34:29][Debug]: Performing backups...
[23:34:29][Debug]: Backups done
[23:34:34][Debug]: Performing backups...
[23:34:34][Debug]: Backups done
[23:34:39][Debug]: Performing backups...
[23:34:39][Debug]: Backups done
[23:34:39][LMP]: HTTP vessel upload: aaaaaaaa-bbbb-cccc-dddd-eeeeeeeeeeee (934 bytes)
[23:34:44][Debug]: Performing backups...
[23:34:44][Debug]: Backups done
[23:34:49][Warning]: There is a new version of LMP! Please download it! Current: 0.29.0 Latest: 0.29.1
[23:34:49][Debug]: Your version is compatible with the latest version so you will still be listed in the master servers.
[23:34:49][Debug]: Performing backups...
[23:34:49][Debug]: Backups done
[23:34:54][Debug]: Performing backups...
[23:34:54][Debug]: Backups done
[23:34:55][LMP]: HTTP vessel upload: aaaaaaaa-bbbb-cccc-dddd-eeeeeeeeeeee (934 bytes)
[23:34:59][Debug]: Performing backups...
[23:34:59][Debug]: Backups done
[23:35:04][Debug]: Performing backups...
[23:35:04][Debug]: Backups done
[23:35:09][Debug]: Performing backups...
[23:35:09][Debug]: Backups done
[23:35:14][Debug]: Performing backups...
[23:35:14][Debug]: Backups done
[23:35:19][Warning]: There is a new version of LMP! Please download it! Current: 0.29.0 Latest: 0.29.1
[23:35:19][Debug]: Your version is compatible with the latest version so you will still be listed in the master servers.
[23:35:19][Debug]: Performing backups...
[23:35:19][Debug]: Backups done
[23:35:24][Debug]: Performing backups...
[23:35:24][Debug]: Backups done
[23:35:29][Debug]: Performing backups...
[23:35:29][Debug]: Backups done
[23:35:31][LMP]: HTTP vessel upload: aaaaaaaa-bbbb-cccc-dddd-eeeeeeeeeeee (934 bytes)
[23:35:34][Debug]: Performing backups...
[23:35:34][Debug]: Backups done
[23:35:39][Debug]: Performing backups...
[23:35:39][Debug]: Backups done
[23:35:44][Debug]: Performing backups...
[23:35:44][Debug]: Backups done
[23:35:49][Warning]: There is a new version of LMP! Please download it! Current: 0.29.0 Latest: 0.29.1
[23:35:49][Debug]: Your version is compatible with the latest version so you will still be listed in the master servers.
[23:35:49][Debug]: Performing backups...
[23:35:49][Debug]: Backups done
[23:35:54][Debug]: Performing backups...
[23:35:54][Debug]: Backups done
[23:35:59][Debug]: Performing backups...
[23:35:59][Debug]: Backups done
[23:36:04][Debug]: Performing backups...
[23:36:04][Debug]: Backups done
[23:36:09][Debug]: Performing backups...
[23:36:09][Debug]: Backups done
[23:36:14][Debug]: Performing backups...
[23:36:14][Debug]: Backups done
[23:36:19][Warning]: There is a new version of LMP! Please download it! Current: 0.29.0 Latest: 0.29.1
[23:36:19][Debug]: Your version is compatible with the latest version so you will still be listed in the master servers.
[23:36:19][Debug]: Performing backups...
[23:36:19][Debug]: Backups done
[23:36:24][Debug]: Performing backups...
[23:36:24][Debug]: Backups done
[23:36:29][Debug]: Performing backups...
[23:36:29][Debug]: Backups done
[23:36:34][Debug]: Performing backups...
[23:36:34][Debug]: Backups done
[23:36:39][Debug]: Performing backups...
[23:36:39][Debug]: Backups done
[23:36:44][Debug]: Performing backups...
[23:36:44][Debug]: Backups done
[23:36:49][Warning]: There is a new version of LMP! Please download it! Current: 0.29.0 Latest: 0.29.1
[23:36:49][Debug]: Your version is compatible with the latest version so you will still be listed in the master servers.
[23:36:49][Debug]: Performing backups...
[23:36:49][Debug]: Backups done
[23:36:54][Debug]: Performing backups...
[23:36:54][Debug]: Backups done
[23:36:59][Debug]: Performing backups...
[23:36:59][Debug]: Backups done
[23:37:04][LMP]: HTTP vessel upload: aaaaaaaa-bbbb-cccc-dddd-eeeeeeeeeeee (934 bytes)
[23:37:04][Debug]: Performing backups...
[23:37:04][Debug]: Backups done
[23:37:09][Debug]: Performing backups...
[23:37:09][Debug]: Backups done
[23:37:14][Debug]: Performing backups...
[23:37:14][Debug]: Backups done
[23:37:18][LMP]: HTTP vessel upload: aaaaaaaa-bbbb-cccc-dddd-eeeeeeeeeeee (79 bytes)
[23:37:18][Error]: HTTP vessel upload error: Sequence contains no elements
[23:37:19][Warning]: There is a new version of LMP! Please download it! Current: 0.29.0 Latest: 0.29.1
[23:37:19][Debug]: Your version is compatible with the latest version so you will still be listed in the master servers.
[23:37:19][Debug]: Performing backups...
[23:37:19][Debug]: Backups done
[23:37:24][Debug]: Performing backups...
[23:37:24][Debug]: Backups done
[23:37:29][Debug]: Performing backups...
[23:37:29][Debug]: Backups done
[23:37:34][Debug]: Performing backups...
[23:37:34][Debug]: Backups done
[23:37:39][Debug]: Performing backups...
[23:37:39][Debug]: Backups done
[23:37:44][Debug]: Performing backups...
[23:37:44][Debug]: Backups done
[23:37:49][Warning]: There is a new version of LMP! Please download it! Current: 0.29.0 Latest: 0.29.1
[23:37:49][Debug]: Your version is compatible with the latest version so you will still be listed in the master servers.
[23:37:49][Debug]: Performing backups...
[23:37:49][Debug]: Backups done
[23:37:54][Debug]: Performing backups...
[23:37:54][Debug]: Backups done
[23:37:59][Debug]: Performing backups...
[23:37:59][Debug]: Backups done
[23:38:04][Debug]: Performing backups...
[23:38:04][Debug]: Backups done
[23:38:09][Debug]: Performing backups...
[23:38:09][Debug]: Backups done
[23:38:14][Debug]: Performing backups...
[23:38:14][Debug]: Backups done
[23:38:19][Warning]: There is a new version of LMP! Please download it! Current: 0.29.0 Latest: 0.29.1
[23:38:19][Debug]: Your version is compatible with the latest version so you will still be listed in the master servers.
[23:38:19][Debug]: Performing backups...
[23:38:19][Debug]: Backups done
[23:38:24][Debug]: Performing backups...
[23:38:24][Debug]: Backups done
[23:38:29][Debug]: Performing backups...
[23:38:29][Debug]: Backups done
[23:38:34][Debug]: Performing backups...
[23:38:34][Debug]: Backups done
[23:38:39][Debug]: Performing backups...
[23:38:39][Debug]: Backups done
[23:38:44][Debug]: Performing backups...
[23:38:44][Debug]: Backups done
[23:38:49][Warning]: There is a new version of LMP! Please download it! Current: 0.29.0 Latest: 0.29.1
[23:38:49][Debug]: Your version is compatible with the latest version so you will still be listed in the master servers.
[23:38:49][Debug]: Performing backups...
[23:38:49][Debug]: Backups done
[23:38:54][Debug]: Performing backups...
[23:38:54][Debug]: Backups done
[23:38:59][Debug]: Performing backups...
[23:38:59][Debug]: Backups done
[23:39:04][Debug]: Performing backups...
[23:39:04][Debug]: Backups done
[23:39:09][Debug]: Performing backups...
[23:39:09][Debug]: Backups done
[23:39:14][Debug]: Performing backups...
[23:39:14][Debug]: Backups done
[23:39:19][Warning]: There is a new version of LMP! Please download it! Current: 0.29.0 Latest: 0.29.1
[23:39:19][Debug]: Your version is compatible with the latest version so you will still be listed in the master servers.
[23:39:19][Debug]: Performing backups...
[23:39:19][Debug]: Backups done
[23:39:24][Debug]: Performing backups...
[23:39:24][Debug]: Backups done
[23:39:29][Debug]: Performing backups...
[23:39:29][Debug]: Backups done
[23:39:34][Debug]: Performing backups...
[23:39:34][Debug]: Backups done
[23:39:39][Debug]: Performing backups...
[23:39:39][Debug]: Backups done
[23:39:44][Debug]: Performing backups...
[23:39:44][Debug]: Backups done
[23:39:49][Warning]: There is a new version of LMP! Please download it! Current: 0.29.0 Latest: 0.29.1
[23:39:49][Debug]: Your version is compatible with the latest version so you will still be listed in the master servers.
[23:39:49][Debug]: Performing backups...
[23:39:49][Debug]: Backups done
[23:39:54][Debug]: Performing backups...
[23:39:54][Debug]: Backups done
[23:39:59][Debug]: Performing backups...
[23:39:59][Debug]: Backups done
[23:40:04][Debug]: Performing backups...
[23:40:04][Debug]: Backups done
[23:40:09][Debug]: Performing backups...
[23:40:09][Debug]: Backups done
[23:40:14][Debug]: Performing backups...
[23:40:14][Debug]: Backups done
[23:40:19][Warning]: There is a new version of LMP! Please download it! Current: 0.29.0 Latest: 0.29.1
[23:40:19][Debug]: Your version is compatible with the latest version so you will still be listed in the master servers.
[23:40:19][Debug]: Performing backups...
[23:40:19][Debug]: Backups done
[23:40:24][Debug]: Performing backups...
[23:40:24][Debug]: Backups done
[23:40:29][Debug]: Performing backups...
[23:40:29][Debug]: Backups done
[23:40:34][Debug]: Performing backups...
[23:40:34][Debug]: Backups done
[23:40:39][Debug]: Performing backups...
[23:40:39][Debug]: Backups done
[23:40:44][Debug]: Performing backups...
[23:40:44][Debug]: Backups done
[23:40:49][Warning]: There is a new version of LMP! Please download it! Current: 0.29.0 Latest: 0.29.1
[23:40:49][Debug]: Your version is compatible with the latest version so you will still be listed in the master servers.
[23:40:49][Debug]: Performing backups...
[23:40:49][Debug]: Backups done
[23:40:54][Debug]: Performing backups...
[23:40:54][Debug]: Backups done
[23:40:59][Debug]: Performing backups...
[23:40:59][Debug]: Backups done
[23:41:04][Debug]: Performing backups...
[23:41:04][Debug]: Backups done
[23:41:09][Debug]: Performing backups...
[23:41:09][Debug]: Backups done
[23:41:14][Debug]: Performing backups...
[23:41:14][Debug]: Backups done
[23:41:19][Warning]: There is a new version of LMP! Please download it! Current: 0.29.0 Latest: 0.29.1
[23:41:19][Debug]: Your version is compatible with the latest version so you will still be listed in the master servers.
[23:41:19][Debug]: Performing backups...
[23:41:19][Debug]: Backups done
[23:41:24][Debug]: Performing backups...
[23:41:24][Debug]: Backups done
[23:41:29][Debug]: Performing backups...
[23:41:29][Debug]: Backups done
[23:41:34][Debug]: Performing backups...
[23:41:34][Debug]: Backups done
[23:41:39][Debug]: Performing backups...
[23:41:39][Debug]: Backups done
[23:41:44][Debug]: Performing backups...
[23:41:44][Debug]: Backups done
[23:41:49][Warning]: There is a new version of LMP! Please download it! Current: 0.29.0 Latest: 0.29.1
[23:41:49][Debug]: Your version is compatible with the latest version so you will still be listed in the master servers.
[23:41:49][Debug]: Performing backups...
[23:41:49][Debug]: Backups done
[23:41:54][Debug]: Performing backups...
[23:41:54][Debug]: Backups done
[23:41:59][Debug]: Performing backups...
[23:41:59][Debug]: Backups done
[23:42:04][Debug]: Performing backups...
[23:42:04][Debug]: Backups done
[23:42:09][Debug]: Performing backups...
[23:42:09][Debug]: Backups done
[23:42:10][LMP]: HTTP vessel upload: aaaaaaaa-bbbb-cccc-dddd-eeeeeeeeeeee (934 bytes)
[23:42:10][Error]: HTTP vessel upload error: Sequence contains no elements
[23:42:14][Debug]: Performing backups...
[23:42:14][Debug]: Backups done
[23:42:19][Warning]: There is a new version of LMP! Please download it! Current: 0.29.0 Latest: 0.29.1
[23:42:19][Debug]: Your version is compatible with the latest version so you will still be listed in the master servers.
[23:42:19][Debug]: Performing backups...
[23:42:19][Debug]: Backups done
[23:42:24][Debug]: Performing backups...
[23:42:24][Debug]: Backups done
[23:42:29][Debug]: Performing backups...
[23:42:29][Debug]: Backups done
[23:42:34][Debug]: Performing backups...
[23:42:34][Debug]: Backups done
[23:42:39][Debug]: Performing backups...
[23:42:39][Debug]: Backups done
[23:42:44][Debug]: Performing backups...
[23:42:44][Debug]: Backups done
[23:42:49][Warning]: There is a new version of LMP! Please download it! Current: 0.29.0 Latest: 0.29.1
[23:42:49][Debug]: Your version is compatible with the latest version so you will still be listed in the master servers.
[23:42:49][Debug]: Performing backups...
[23:42:49][Debug]: Backups done
[23:42:54][Debug]: Performing backups...
[23:42:54][Debug]: Backups done
[23:42:59][Debug]: Performing backups...
[23:42:59][Debug]: Backups done
[23:43:04][Debug]: Performing backups...
[23:43:04][Debug]: Backups done
[23:43:09][Debug]: Performing backups...
[23:43:09][Debug]: Backups done
[23:43:14][Debug]: Performing backups...
[23:43:14][Debug]: Backups done
[23:43:19][Warning]: There is a new version of LMP! Please download it! Current: 0.29.0 Latest: 0.29.1
[23:43:19][Debug]: Your version is compatible with the latest version so you will still be listed in the master servers.
[23:43:19][Debug]: Performing backups...
[23:43:19][Debug]: Backups done
[23:43:24][Debug]: Performing backups...
[23:43:24][Debug]: Backups done
[23:43:29][Debug]: Performing backups...
[23:43:29][Debug]: Backups done
[23:43:34][Debug]: Performing backups...
[23:43:34][Debug]: Backups done
[23:43:39][Debug]: Performing backups...
[23:43:39][Debug]: Backups done
[23:43:44][Debug]: Performing backups...
[23:43:44][Debug]: Backups done
[23:43:49][Warning]: There is a new version of LMP! Please download it! Current: 0.29.0 Latest: 0.29.1
[23:43:49][Debug]: Your version is compatible with the latest version so you will still be listed in the master servers.
[23:43:49][Debug]: Performing backups...
[23:43:49][Debug]: Backups done
[23:43:54][Debug]: Performing backups...
[23:43:54][Debug]: Backups done
[23:43:59][Debug]: Performing backups...
[23:43:59][Debug]: Backups done
[23:44:04][Debug]: Performing backups...
[23:44:04][Debug]: Backups done
[23:44:09][Debug]: Performing backups...
[23:44:09][Debug]: Backups done
[23:44:14][Debug]: Performing backups...
[23:44:14][Debug]: Backups done
[23:44:19][Warning]: There is a new version of LMP! Please download it! Current: 0.29.0 Latest: 0.29.1
[23:44:19][Debug]: Your version is compatible with the latest version so you will still be listed in the master servers.
[23:44:19][Debug]: Performing backups...
[23:44:19][Debug]: Backups done
[23:44:24][Debug]: Performing backups...
[23:44:24][Debug]: Backups done
[23:44:29][Debug]: Performing backups...
[23:44:29][Debug]: Backups done
[23:44:34][Debug]: Performing backups...
[23:44:34][Debug]: Backups done
[23:44:39][Debug]: Performing backups...
[23:44:39][Debug]: Backups done
[23:44:44][Debug]: Performing backups...
[23:44:44][Debug]: Backups done
[23:44:49][Warning]: There is a new version of LMP! Please download it! Current: 0.29.0 Latest: 0.29.1
[23:44:49][Debug]: Your version is compatible with the latest version so you will still be listed in the master servers.
[23:44:49][Debug]: Performing backups...
[23:44:49][Debug]: Backups done
[23:44:54][Debug]: Performing backups...
[23:44:54][Debug]: Backups done
[23:44:59][Debug]: Performing backups...
[23:44:59][Debug]: Backups done
[23:45:04][Debug]: Performing backups...
[23:45:04][Debug]: Backups done
[23:45:09][Debug]: Performing backups...
[23:45:09][Debug]: Backups done
[23:45:14][Debug]: Performing backups...
[23:45:14][Debug]: Backups done
[23:45:19][Warning]: There is a new version of LMP! Please download it! Current: 0.29.0 Latest: 0.29.1
[23:45:19][Debug]: Your version is compatible with the latest version so you will still be listed in the master servers.
[23:45:19][Debug]: Performing backups...
[23:45:19][Debug]: Backups done
[23:45:24][Debug]: Performing backups...
[23:45:24][Debug]: Backups done
[23:45:29][Debug]: Performing backups...
[23:45:29][Debug]: Backups done
[23:45:34][Debug]: Performing backups...
[23:45:34][Debug]: Backups done
[23:45:39][Debug]: Performing backups...
[23:45:39][Debug]: Backups done
[23:45:44][Debug]: Performing backups...
[23:45:44][Debug]: Backups done
[23:45:49][Warning]: There is a new version of LMP! Please download it! Current: 0.29.0 Latest: 0.29.1
[23:45:49][Debug]: Your version is compatible with the latest version so you will still be listed in the master servers.
[23:45:49][Debug]: Performing backups...
[23:45:49][Debug]: Backups done
