[22:47:51][Info]: Remember! Quit the server by using 'Control + C' so a backup is properly made before closing!
[22:47:51][Info]: Documentation available at https://github.com/LunaMultiplayer/LunaMultiplayer/wiki
[22:47:51][LMP]: Luna Server version: 0.29.0 (/home/alex/Documents/ksp_server/lmp_server_out/)
[22:47:51][Debug]: Loading universe... 0.632KB
[22:47:51][Debug]: Loading groups...
[22:47:51][Debug]: Loading settings...
[22:47:51][Debug]: Loading mod control...
[22:47:51][Debug]: Loading plugins...
[22:47:51][LMP]: Starting 'Luna Server' on Address :: Port 8800... 
[22:47:52][Debug]: UPnP active. Port: 8800 Udp opened!
[22:47:53][Debug]: UPnP for website active. Port: 8800 Tcp opened!
[22:47:53][Debug]: Performing backups...
[22:47:53][LMP]: All systems up and running. Поехали!
[22:47:53][LMP]: Master server registration is active
[22:47:53][LMP]: End of stdin, stopping command listener
[22:47:53][Debug]: Backups done
[22:47:55][Debug]: Detected NAT addresses: 46.110.37.2:34836
[22:47:58][Debug]: Performing backups...
[22:47:58][Debug]: Backups done
[22:48:03][Debug]: Performing backups...
[22:48:03][Debug]: Backups done
[22:48:08][Debug]: Performing backups...
[22:48:08][Debug]: Backups done
[22:48:13][Debug]: Performing backups...
[22:48:13][Debug]: Backups done
[22:48:18][Debug]: Performing backups...
[22:48:18][Debug]: Backups done
[22:48:23][Warning]: There is a new version of LMP! Please download it! Current: 0.29.0 Latest: 0.29.1
[22:48:23][Debug]: Your version is compatible with the latest version so you will still be listed in the master servers.
[22:48:23][Debug]: Performing backups...
[22:48:23][Debug]: Backups done
[22:48:28][Debug]: Performing backups...
[22:48:28][Debug]: Backups done
[22:48:33][Debug]: Performing backups...
[22:48:33][Debug]: Backups done
[22:48:38][Debug]: Performing backups...
[22:48:38][Debug]: Backups done
[22:48:43][Debug]: Performing backups...
[22:48:43][Debug]: Backups done
[22:48:48][Debug]: Performing backups...
[22:48:48][Debug]: Backups done
[22:48:53][Warning]: There is a new version of LMP! Please download it! Current: 0.29.0 Latest: 0.29.1
[22:48:53][Debug]: Your version is compatible with the latest version so you will still be listed in the master servers.
[22:48:53][Debug]: Performing backups...
[22:48:53][Debug]: Backups done
[22:48:58][Debug]: Performing backups...
[22:48:58][Debug]: Backups done
[22:49:03][Debug]: Performing backups...
[22:49:03][Debug]: Backups done
[22:49:08][Debug]: Performing backups...
[22:49:08][Debug]: Backups done
[22:49:13][Debug]: Performing backups...
[22:49:13][Debug]: Backups done
[22:49:18][Debug]: Performing backups...
[22:49:18][Debug]: Backups done
